{"ErrorCode":"CdsUserError","ErrorMessage":"{\"message\":\"A record with the specified key values does not exist in crec7_saplistofvaluetest entity\",\"cdsErrorCode\":\"0x80060891\",\"HelpLink\":\"http://go.microsoft.com/fwlink/?LinkID=398563&amp;error=Microsoft.Crm.CrmException%3a80060891&amp;client=platform\",\"InnerErrorMessage\":\"A record with the specified key values does not exist in crec7_saplistofvaluetest entity\",\"cdsRequestId\":\"8ae4460d-9833-44b8-b229-ce9e5072ae4a\",\"cdsRequestUtcTime\":\"7/25/2024 8:04:40 PM\"}","CdsErrorCode":"0x80060891","RecordId":"f7d4565a-dd43-4f92-ba20-bf6af87becc6","RequestUrl":"https://orgab125973.crm.dynamics.com/api/data/v9.1/crec7_saplistofvaluetests(crec7_domain=327720001,crec7_language=865420000,crec7_valuecode='0003')?$select=modifiedon,createdon{\r\n  \"crec7_displayvalue\": \"Raw Material(sto\",\r\n  \"crec7_domain\": \"327720001\",\r\n  \"crec7_language\": \"865420000\",\r\n  \"crec7_valuecode\": \"0003\",\r\n  \"crec7_ParentValue@odata.bind\": \"/crec7_saplistofvaluetests(crec7_domain=865420003,crec7_language=865420000,crec7_valuecode='6701')\"\r\n}"},{"ErrorCode":"CdsUserError","ErrorMessage":"{\"message\":\"A record with the specified key values does not exist in crec7_saplistofvaluetest entity\",\"cdsErrorCode\":\"0x80060891\",\"HelpLink\":\"http://go.microsoft.com/fwlink/?LinkID=398563&amp;error=Microsoft.Crm.CrmException%3a80060891&amp;client=platform\",\"InnerErrorMessage\":\"A record with the specified key values does not exist in crec7_saplistofvaluetest entity\",\"cdsRequestId\":\"ac6587b6-858e-4be3-a4d6-e34240832672\",\"cdsRequestUtcTime\":\"7/25/2024 8:04:40 PM\"}","CdsErrorCode":"0x80060891","RecordId":"ebf754ae-87e1-40f8-b81c-e829e054c3c6","RequestUrl":"https://orgab125973.crm.dynamics.com/api/data/v9.1/crec7_saplistofvaluetests(crec7_domain=327720001,crec7_language=865420000,crec7_valuecode='0002')?$select=modifiedon,createdon{\r\n  \"crec7_displayvalue\": \"Finish good(sto)\",\r\n  \"crec7_domain\": \"327720001\",\r\n  \"crec7_language\": \"865420000\",\r\n  \"crec7_valuecode\": \"0002\",\r\n  \"crec7_ParentValue@odata.bind\": \"/crec7_saplistofvaluetests(crec7_domain=865420003,crec7_language=865420000,crec7_valuecode='6701')\"\r\n}"},{"ErrorCode":"CdsUserError","ErrorMessage":"{\"message\":\"A record with the specified key values does not exist in crec7_saplistofvaluetest entity\",\"cdsErrorCode\":\"0x80060891\",\"HelpLink\":\"http://go.microsoft.com/fwlink/?LinkID=398563&amp;error=Microsoft.Crm.CrmException%3a80060891&amp;client=platform\",\"InnerErrorMessage\":\"A record with the specified key values does not exist in crec7_saplistofvaluetest entity\",\"cdsRequestId\":\"134e62b9-3044-432a-a585-eaf5716712aa\",\"cdsRequestUtcTime\":\"7/25/2024 8:04:40 PM\"}","CdsErrorCode":"0x80060891","RecordId":"354791bd-e4c4-4d0b-9c6c-0f30e8d4a16f","RequestUrl":"https://orgab125973.crm.dynamics.com/api/data/v9.1/crec7_saplistofvaluetests(crec7_domain=327720001,crec7_language=865420000,crec7_valuecode='0001')?$select=modifiedon,createdon{\r\n  \"crec7_displayvalue\": \"central store\",\r\n  \"crec7_domain\": \"327720001\",\r\n  \"crec7_language\": \"865420000\",\r\n  \"crec7_valuecode\": \"0001\",\r\n  \"crec7_ParentValue@odata.bind\": \"/crec7_saplistofvaluetests(crec7_domain=865420003,crec7_language=865420000,crec7_valuecode='6701')\"\r\n}"},{"ErrorCode":"CdsUserError","ErrorMessage":"{\"message\":\"A record with the specified key values does not exist in crec7_saplistofvaluetest entity\",\"cdsErrorCode\":\"0x80060891\",\"HelpLink\":\"http://go.microsoft.com/fwlink/?LinkID=398563&amp;error=Microsoft.Crm.CrmException%3a80060891&amp;client=platform\",\"InnerErrorMessage\":\"A record with the specified key values does not exist in crec7_saplistofvaluetest entity\",\"cdsRequestId\":\"9a0ac59e-68ea-44db-b380-4836ba96110b\",\"cdsRequestUtcTime\":\"7/25/2024 8:04:40 PM\"}","CdsErrorCode":"0x80060891","RecordId":"6b119753-265a-4eb8-aeb8-60b6a4770a7d","RequestUrl":"https://orgab125973.crm.dynamics.com/api/data/v9.1/crec7_saplistofvaluetests(crec7_domain=327720001,crec7_language=865420000,crec7_valuecode='0004')?$select=modifiedon,createdon{\r\n  \"crec7_displayvalue\": \"finish good(wm)\",\r\n  \"crec7_domain\": \"327720001\",\r\n  \"crec7_language\": \"865420000\",\r\n  \"crec7_valuecode\": \"0004\",\r\n  \"crec7_ParentValue@odata.bind\": \"/crec7_saplistofvaluetests(crec7_domain=865420003,crec7_language=865420000,crec7_valuecode='6701')\"\r\n}"},{"ErrorCode":"CdsUserError","ErrorMessage":"{\"message\":\"A record with the specified key values does not exist in crec7_saplistofvaluetest entity\",\"cdsErrorCode\":\"0x80060891\",\"HelpLink\":\"http://go.microsoft.com/fwlink/?LinkID=398563&amp;error=Microsoft.Crm.CrmException%3a80060891&amp;client=platform\",\"InnerErrorMessage\":\"A record with the specified key values does not exist in crec7_saplistofvaluetest entity\",\"cdsRequestId\":\"65440bf1-1788-4261-98b7-1b276bb2198d\",\"cdsRequestUtcTime\":\"7/25/2024 8:05:38 PM\"}","CdsErrorCode":"0x80060891","RecordId":"d7c20a92-ed2f-4b4c-bb8b-f62c96764df4","RequestUrl":"https://orgab125973.crm.dynamics.com/api/data/v9.1/crec7_saplistofvaluetests(crec7_domain=327720001,crec7_language=865420000,crec7_valuecode='0001')?$select=modifiedon,createdon{\r\n  \"crec7_displayvalue\": \"Lean WM SL\",\r\n  \"crec7_domain\": \"327720001\",\r\n  \"crec7_language\": \"865420000\",\r\n  \"crec7_valuecode\": \"0001\",\r\n  \"crec7_ParentValue@odata.bind\": \"/crec7_saplistofvaluetests(crec7_domain=865420003,crec7_language=865420000,crec7_valuecode='9999')\"\r\n}"},{"ErrorCode":"CdsUserError","ErrorMessage":"{\"message\":\"A record with the specified key values does not exist in crec7_saplistofvaluetest entity\",\"cdsErrorCode\":\"0x80060891\",\"HelpLink\":\"http://go.microsoft.com/fwlink/?LinkID=398563&amp;error=Microsoft.Crm.CrmException%3a80060891&amp;client=platform\",\"InnerErrorMessage\":\"A record with the specified key values does not exist in crec7_saplistofvaluetest entity\",\"cdsRequestId\":\"ff35eb65-2f35-4ac8-b70c-8bf2413b2981\",\"cdsRequestUtcTime\":\"7/25/2024 8:05:38 PM\"}","CdsErrorCode":"0x80060891","RecordId":"f73de7e4-3ee2-464a-a421-d2ba576cd910","RequestUrl":"https://orgab125973.crm.dynamics.com/api/data/v9.1/crec7_saplistofvaluetests(crec7_domain=327720001,crec7_language=865420000,crec7_valuecode='0004')?$select=modifiedon,createdon{\r\n  \"crec7_displayvalue\": \"FT Storage Loc.\",\r\n  \"crec7_domain\": \"327720001\",\r\n  \"crec7_language\": \"865420000\",\r\n  \"crec7_valuecode\": \"0004\",\r\n  \"crec7_ParentValue@odata.bind\": \"/crec7_saplistofvaluetests(crec7_domain=865420003,crec7_language=865420000,crec7_valuecode='9999')\"\r\n}"},{"ErrorCode":"CdsUserError","ErrorMessage":"{\"message\":\"A record with the specified key values does not exist in crec7_saplistofvaluetest entity\",\"cdsErrorCode\":\"0x80060891\",\"HelpLink\":\"http://go.microsoft.com/fwlink/?LinkID=398563&amp;error=Microsoft.Crm.CrmException%3a80060891&amp;client=platform\",\"InnerErrorMessage\":\"A record with the specified key values does not exist in crec7_saplistofvaluetest entity\",\"cdsRequestId\":\"ecb2b761-0ddf-4e7f-b028-dc1bddc0b232\",\"cdsRequestUtcTime\":\"7/25/2024 8:05:38 PM\"}","CdsErrorCode":"0x80060891","RecordId":"579787c7-9257-4770-9d61-1fd30c311ce0","RequestUrl":"https://orgab125973.crm.dynamics.com/api/data/v9.1/crec7_saplistofvaluetests(crec7_domain=327720001,crec7_language=865420000,crec7_valuecode='0003')?$select=modifiedon,createdon{\r\n  \"crec7_displayvalue\": \"CD Storage Loc.\",\r\n  \"crec7_domain\": \"327720001\",\r\n  \"crec7_language\": \"865420000\",\r\n  \"crec7_valuecode\": \"0003\",\r\n  \"crec7_ParentValue@odata.bind\": \"/crec7_saplistofvaluetests(crec7_domain=865420003,crec7_language=865420000,crec7_valuecode='9999')\"\r\n}"},{"ErrorCode":"CdsUserError","ErrorMessage":"{\"message\":\"A record with the specified key values does not exist in crec7_saplistofvaluetest entity\",\"cdsErrorCode\":\"0x80060891\",\"HelpLink\":\"http://go.microsoft.com/fwlink/?LinkID=398563&amp;error=Microsoft.Crm.CrmException%3a80060891&amp;client=platform\",\"InnerErrorMessage\":\"A record with the specified key values does not exist in crec7_saplistofvaluetest entity\",\"cdsRequestId\":\"ab3970b2-7d6c-4b02-9f8d-d55c19a30fac\",\"cdsRequestUtcTime\":\"7/25/2024 8:05:38 PM\"}","CdsErrorCode":"0x80060891","RecordId":"7201c54a-9c08-4796-abfa-1401e15606b9","RequestUrl":"https://orgab125973.crm.dynamics.com/api/data/v9.1/crec7_saplistofvaluetests(crec7_domain=327720001,crec7_language=865420000,crec7_valuecode='0002')?$select=modifiedon,createdon{\r\n  \"crec7_displayvalue\": \"MM Storage Loc.\",\r\n  \"crec7_domain\": \"327720001\",\r\n  \"crec7_language\": \"865420000\",\r\n  \"crec7_valuecode\": \"0002\",\r\n  \"crec7_ParentValue@odata.bind\": \"/crec7_saplistofvaluetests(crec7_domain=865420003,crec7_language=865420000,crec7_valuecode='9999')\"\r\n}"},{"ErrorCode":"CdsUserError","ErrorMessage":"{\"message\":\"A record with the specified key values does not exist in crec7_saplistofvaluetest entity\",\"cdsErrorCode\":\"0x80060891\",\"HelpLink\":\"http://go.microsoft.com/fwlink/?LinkID=398563&amp;error=Microsoft.Crm.CrmException%3a80060891&amp;client=platform\",\"InnerErrorMessage\":\"A record with the specified key values does not exist in crec7_saplistofvaluetest entity\",\"cdsRequestId\":\"753f43c8-0dcc-4a51-8c71-225facea241e\",\"cdsRequestUtcTime\":\"7/25/2024 8:06:00 PM\"}","CdsErrorCode":"0x80060891","RecordId":"d45fb2f7-a201-4475-9267-a2c277ef9f7f","RequestUrl":"https://orgab125973.crm.dynamics.com/api/data/v9.1/crec7_saplistofvaluetests(crec7_domain=327720001,crec7_language=865420000,crec7_valuecode='0001')?$select=modifiedon,createdon{\r\n  \"crec7_displayvalue\": \"Depósito Central\",\r\n  \"crec7_domain\": \"327720001\",\r\n  \"crec7_language\": \"865420000\",\r\n  \"crec7_valuecode\": \"0001\",\r\n  \"crec7_ParentValue@odata.bind\": \"/crec7_saplistofvaluetests(crec7_domain=865420003,crec7_language=865420000,crec7_valuecode='BH01')\"\r\n}"},{"ErrorCode":"CdsUserError","ErrorMessage":"{\"message\":\"A record with the specified key values does not exist in crec7_saplistofvaluetest entity\",\"cdsErrorCode\":\"0x80060891\",\"HelpLink\":\"http://go.microsoft.com/fwlink/?LinkID=398563&amp;error=Microsoft.Crm.CrmException%3a80060891&amp;client=platform\",\"InnerErrorMessage\":\"A record with the specified key values does not exist in crec7_saplistofvaluetest entity\",\"cdsRequestId\":\"dfa1207c-6349-4d64-83ee-a3453d3f715f\",\"cdsRequestUtcTime\":\"7/25/2024 8:08:54 PM\"}","CdsErrorCode":"0x80060891","RecordId":"92b06f63-8017-4151-9f70-0402acadb234","RequestUrl":"https://orgab125973.crm.dynamics.com/api/data/v9.1/crec7_saplistofvaluetests(crec7_domain=327720001,crec7_language=865420000,crec7_valuecode='REST')?$select=modifiedon,createdon{\r\n  \"crec7_displayvalue\": \"Rest\",\r\n  \"crec7_domain\": \"327720001\",\r\n  \"crec7_language\": \"865420000\",\r\n  \"crec7_valuecode\": \"REST\",\r\n  \"crec7_ParentValue@odata.bind\": \"/crec7_saplistofvaluetests(crec7_domain=865420003,crec7_language=865420000,crec7_valuecode='REST')\"\r\n}"},{"ErrorCode":"CdsUserError","ErrorMessage":"{\"message\":\"A record with the specified key values does not exist in crec7_saplistofvaluetest entity\",\"cdsErrorCode\":\"0x80060891\",\"HelpLink\":\"http://go.microsoft.com/fwlink/?LinkID=398563&amp;error=Microsoft.Crm.CrmException%3a80060891&amp;client=platform\",\"InnerErrorMessage\":\"A record with the specified key values does not exist in crec7_saplistofvaluetest entity\",\"cdsRequestId\":\"44f9259f-2442-4830-b6b9-6e71e85442c8\",\"cdsRequestUtcTime\":\"7/25/2024 8:08:54 PM\"}","CdsErrorCode":"0x80060891","RecordId":"d467e745-b1d3-49e6-8148-8f8460893b4e","RequestUrl":"https://orgab125973.crm.dynamics.com/api/data/v9.1/crec7_saplistofvaluetests(crec7_domain=327720001,crec7_language=865420000,crec7_valuecode='0001')?$select=modifiedon,createdon{\r\n  \"crec7_displayvalue\": \"Depósito Central\",\r\n  \"crec7_domain\": \"327720001\",\r\n  \"crec7_language\": \"865420000\",\r\n  \"crec7_valuecode\": \"0001\",\r\n  \"crec7_ParentValue@odata.bind\": \"/crec7_saplistofvaluetests(crec7_domain=865420003,crec7_language=865420000,crec7_valuecode='RJ01')\"\r\n}"},{"ErrorCode":"CdsUserError","ErrorMessage":"{\"message\":\"A record with the specified key values does not exist in crec7_saplistofvaluetest entity\",\"cdsErrorCode\":\"0x80060891\",\"HelpLink\":\"http://go.microsoft.com/fwlink/?LinkID=398563&amp;error=Microsoft.Crm.CrmException%3a80060891&amp;client=platform\",\"InnerErrorMessage\":\"A record with the specified key values does not exist in crec7_saplistofvaluetest entity\",\"cdsRequestId\":\"5f44ab5b-cb2a-45a7-a993-3a69de51aa7a\",\"cdsRequestUtcTime\":\"7/25/2024 8:10:18 PM\"}","CdsErrorCode":"0x80060891","RecordId":"64fa688e-64f4-48b0-a34e-e3deb1039c02","RequestUrl":"https://orgab125973.crm.dynamics.com/api/data/v9.1/crec7_saplistofvaluetests(crec7_domain=327720001,crec7_language=865420000,crec7_valuecode='0001')?$select=modifiedon,createdon{\r\n  \"crec7_displayvalue\": \"Depósito Central\",\r\n  \"crec7_domain\": \"327720001\",\r\n  \"crec7_language\": \"865420000\",\r\n  \"crec7_valuecode\": \"0001\",\r\n  \"crec7_ParentValue@odata.bind\": \"/crec7_saplistofvaluetests(crec7_domain=865420003,crec7_language=865420000,crec7_valuecode='SP01')\"\r\n}"},{"ErrorCode":"CdsUserError","ErrorMessage":"{\"message\":\"A record with the specified key values does not exist in crec7_saplistofvaluetest entity\",\"cdsErrorCode\":\"0x80060891\",\"HelpLink\":\"http://go.microsoft.com/fwlink/?LinkID=398563&amp;error=Microsoft.Crm.CrmException%3a80060891&amp;client=platform\",\"InnerErrorMessage\":\"A record with the specified key values does not exist in crec7_saplistofvaluetest entity\",\"cdsRequestId\":\"643c7f4b-81cb-452b-9c05-a62b42a2b81d\",\"cdsRequestUtcTime\":\"7/25/2024 8:10:18 PM\"}","CdsErrorCode":"0x80060891","RecordId":"c6e753ec-57b3-43c7-9ab7-6c6d5e133bea","RequestUrl":"https://orgab125973.crm.dynamics.com/api/data/v9.1/crec7_saplistofvaluetests(crec7_domain=327720001,crec7_language=865420000,crec7_valuecode='0001')?$select=modifiedon,createdon{\r\n  \"crec7_displayvalue\": \"Depósito Central\",\r\n  \"crec7_domain\": \"327720001\",\r\n  \"crec7_language\": \"865420000\",\r\n  \"crec7_valuecode\": \"0001\",\r\n  \"crec7_ParentValue@odata.bind\": \"/crec7_saplistofvaluetests(crec7_domain=865420003,crec7_language=865420000,crec7_valuecode='SP02')\"\r\n}"},{"ErrorCode":"CdsUserError","ErrorMessage":"{\"message\":\"A record with the specified key values does not exist in crec7_saplistofvaluetest entity\",\"cdsErrorCode\":\"0x80060891\",\"HelpLink\":\"http://go.microsoft.com/fwlink/?LinkID=398563&amp;error=Microsoft.Crm.CrmException%3a80060891&amp;client=platform\",\"InnerErrorMessage\":\"A record with the specified key values does not exist in crec7_saplistofvaluetest entity\",\"cdsRequestId\":\"f03ec47e-5f63-4247-8e8f-2cd726b4a4b2\",\"cdsRequestUtcTime\":\"7/25/2024 8:10:18 PM\"}","CdsErrorCode":"0x80060891","RecordId":"984b1383-d1f7-4c46-ad21-c54c38c8bf05","RequestUrl":"https://orgab125973.crm.dynamics.com/api/data/v9.1/crec7_saplistofvaluetests(crec7_domain=327720001,crec7_language=865420000,crec7_valuecode='0001')?$select=modifiedon,createdon{\r\n  \"crec7_displayvalue\": \"Depósito Central\",\r\n  \"crec7_domain\": \"327720001\",\r\n  \"crec7_language\": \"865420000\",\r\n  \"crec7_valuecode\": \"0001\",\r\n  \"crec7_ParentValue@odata.bind\": \"/crec7_saplistofvaluetests(crec7_domain=865420003,crec7_language=865420000,crec7_valuecode='SP03')\"\r\n}"},{"ErrorCode":"CdsUserError","ErrorMessage":"{\"message\":\"A record with the specified key values does not exist in crec7_saplistofvaluetest entity\",\"cdsErrorCode\":\"0x80060891\",\"HelpLink\":\"http://go.microsoft.com/fwlink/?LinkID=398563&amp;error=Microsoft.Crm.CrmException%3a80060891&amp;client=platform\",\"InnerErrorMessage\":\"A record with the specified key values does not exist in crec7_saplistofvaluetest entity\",\"cdsRequestId\":\"d0c087a9-75a4-438b-ac33-88d9d22b1ca1\",\"cdsRequestUtcTime\":\"7/25/2024 8:10:44 PM\"}","CdsErrorCode":"0x80060891","RecordId":"bb8598ab-8b18-4077-a34b-6828e0a1f338","RequestUrl":"https://orgab125973.crm.dynamics.com/api/data/v9.1/crec7_saplistofvaluetests(crec7_domain=865420013,crec7_language=865420000,crec7_valuecode='D')?$select=modifiedon,createdon{\r\n  \"crec7_displayvalue\": \"Direct debiting ACH format\",\r\n  \"crec7_domain\": \"865420013\",\r\n  \"crec7_language\": \"865420000\",\r\n  \"crec7_valuecode\": \"D\",\r\n  \"crec7_ParentValue@odata.bind\": \"/crec7_saplistofvaluetests(crec7_domain=865420000,crec7_language=865420000,crec7_valuecode='USA')\"\r\n}"},{"ErrorCode":"CdsUserError","ErrorMessage":"{\"message\":\"A record with the specified key values does not exist in crec7_saplistofvaluetest entity\",\"cdsErrorCode\":\"0x80060891\",\"HelpLink\":\"http://go.microsoft.com/fwlink/?LinkID=398563&amp;error=Microsoft.Crm.CrmException%3a80060891&amp;client=platform\",\"InnerErrorMessage\":\"A record with the specified key values does not exist in crec7_saplistofvaluetest entity\",\"cdsRequestId\":\"39c936b2-ffe8-4f57-9830-0b2ee29dc62a\",\"cdsRequestUtcTime\":\"7/25/2024 8:10:44 PM\"}","CdsErrorCode":"0x80060891","RecordId":"fb3319bf-7c11-478b-a877-a89598e8caaf","RequestUrl":"https://orgab125973.crm.dynamics.com/api/data/v9.1/crec7_saplistofvaluetests(crec7_domain=865420013,crec7_language=865420000,crec7_valuecode='T')?$select=modifiedon,createdon{\r\n  \"crec7_displayvalue\": \"Bank transfer-ACH format TEST!\",\r\n  \"crec7_domain\": \"865420013\",\r\n  \"crec7_language\": \"865420000\",\r\n  \"crec7_valuecode\": \"T\",\r\n  \"crec7_ParentValue@odata.bind\": \"/crec7_saplistofvaluetests(crec7_domain=865420000,crec7_language=865420000,crec7_valuecode='USA')\"\r\n}"},{"ErrorCode":"CdsUserError","ErrorMessage":"{\"message\":\"A record with the specified key values does not exist in crec7_saplistofvaluetest entity\",\"cdsErrorCode\":\"0x80060891\",\"HelpLink\":\"http://go.microsoft.com/fwlink/?LinkID=398563&amp;error=Microsoft.Crm.CrmException%3a80060891&amp;client=platform\",\"InnerErrorMessage\":\"A record with the specified key values does not exist in crec7_saplistofvaluetest entity\",\"cdsRequestId\":\"c0ea4819-f368-47e8-af2e-7f4b9dde675f\",\"cdsRequestUtcTime\":\"7/25/2024 8:10:53 PM\"}","CdsErrorCode":"0x80060891","RecordId":"ff94c14e-0ec1-4bdd-aee8-0bcb83729168","RequestUrl":"https://orgab125973.crm.dynamics.com/api/data/v9.1/crec7_saplistofvaluetests(crec7_domain=327720001,crec7_language=865420000,crec7_valuecode='0001')?$select=modifiedon,createdon{\r\n  \"crec7_displayvalue\": \"Depósito Central\",\r\n  \"crec7_domain\": \"327720001\",\r\n  \"crec7_language\": \"865420000\",\r\n  \"crec7_valuecode\": \"0001\",\r\n  \"crec7_ParentValue@odata.bind\": \"/crec7_saplistofvaluetests(crec7_domain=865420003,crec7_language=865420000,crec7_valuecode='ZF01')\"\r\n}"},{"ErrorCode":"CdsUserError","ErrorMessage":"{\"message\":\"A record with the specified key values does not exist in crec7_saplistofvaluetest entity\",\"cdsErrorCode\":\"0x80060891\",\"HelpLink\":\"http://go.microsoft.com/fwlink/?LinkID=398563&amp;error=Microsoft.Crm.CrmException%3a80060891&amp;client=platform\",\"InnerErrorMessage\":\"A record with the specified key values does not exist in crec7_saplistofvaluetest entity\",\"cdsRequestId\":\"5c0b8a65-661d-49ac-9db7-a42f2a301a50\",\"cdsRequestUtcTime\":\"7/25/2024 8:10:53 PM\"}","CdsErrorCode":"0x80060891","RecordId":"775d0769-30e5-42e6-b548-3398dd02b8fd","RequestUrl":"https://orgab125973.crm.dynamics.com/api/data/v9.1/crec7_saplistofvaluetests(crec7_domain=327720001,crec7_language=865420000,crec7_valuecode='0001')?$select=modifiedon,createdon{\r\n  \"crec7_displayvalue\": \"RM Storage\",\r\n  \"crec7_domain\": \"327720001\",\r\n  \"crec7_language\": \"865420000\",\r\n  \"crec7_valuecode\": \"0001\",\r\n  \"crec7_ParentValue@odata.bind\": \"/crec7_saplistofvaluetests(crec7_domain=865420003,crec7_language=865420000,crec7_valuecode='ZIN1')\"\r\n}"},{"ErrorCode":"CdsUserError","ErrorMessage":"{\"message\":\"A record with the specified key values does not exist in crec7_saplistofvaluetest entity\",\"cdsErrorCode\":\"0x80060891\",\"HelpLink\":\"http://go.microsoft.com/fwlink/?LinkID=398563&amp;error=Microsoft.Crm.CrmException%3a80060891&amp;client=platform\",\"InnerErrorMessage\":\"A record with the specified key values does not exist in crec7_saplistofvaluetest entity\",\"cdsRequestId\":\"1dd9f8be-efa1-48d1-9957-cf8df9c4366e\",\"cdsRequestUtcTime\":\"7/25/2024 8:10:53 PM\"}","CdsErrorCode":"0x80060891","RecordId":"0f57f8dc-2ee5-4bf1-9663-fdb1d686846f","RequestUrl":"https://orgab125973.crm.dynamics.com/api/data/v9.1/crec7_saplistofvaluetests(crec7_domain=327720001,crec7_language=865420000,crec7_valuecode='0002')?$select=modifiedon,createdon{\r\n  \"crec7_displayvalue\": \"Shopfloor Area\",\r\n  \"crec7_domain\": \"327720001\",\r\n  \"crec7_language\": \"865420000\",\r\n  \"crec7_valuecode\": \"0002\",\r\n  \"crec7_ParentValue@odata.bind\": \"/crec7_saplistofvaluetests(crec7_domain=865420003,crec7_language=865420000,crec7_valuecode='ZIN1')\"\r\n}"},{"ErrorCode":"CdsUserError","ErrorMessage":"{\"message\":\"A record with the specified key values does not exist in crec7_saplistofvaluetest entity\",\"cdsErrorCode\":\"0x80060891\",\"HelpLink\":\"http://go.microsoft.com/fwlink/?LinkID=398563&amp;error=Microsoft.Crm.CrmException%3a80060891&amp;client=platform\",\"InnerErrorMessage\":\"A record with the specified key values does not exist in crec7_saplistofvaluetest entity\",\"cdsRequestId\":\"892081bc-5bb5-4fb0-829e-af6a466bbf56\",\"cdsRequestUtcTime\":\"7/25/2024 8:10:53 PM\"}","CdsErrorCode":"0x80060891","RecordId":"6755070d-068b-4c68-8a8a-6c65f7f06131","RequestUrl":"https://orgab125973.crm.dynamics.com/api/data/v9.1/crec7_saplistofvaluetests(crec7_domain=327720001,crec7_language=865420000,crec7_valuecode='0006')?$select=modifiedon,createdon{\r\n  \"crec7_displayvalue\": \"Reprocess\",\r\n  \"crec7_domain\": \"327720001\",\r\n  \"crec7_language\": \"865420000\",\r\n  \"crec7_valuecode\": \"0006\",\r\n  \"crec7_ParentValue@odata.bind\": \"/crec7_saplistofvaluetests(crec7_domain=865420003,crec7_language=865420000,crec7_valuecode='ZIN1')\"\r\n}"},{"ErrorCode":"CdsUserError","ErrorMessage":"{\"message\":\"A record with the specified key values does not exist in crec7_saplistofvaluetest entity\",\"cdsErrorCode\":\"0x80060891\",\"HelpLink\":\"http://go.microsoft.com/fwlink/?LinkID=398563&amp;error=Microsoft.Crm.CrmException%3a80060891&amp;client=platform\",\"InnerErrorMessage\":\"A record with the specified key values does not exist in crec7_saplistofvaluetest entity\",\"cdsRequestId\":\"2b447b50-e756-4463-bb48-f89d81395c5b\",\"cdsRequestUtcTime\":\"7/25/2024 8:10:53 PM\"}","CdsErrorCode":"0x80060891","RecordId":"6dec7711-6023-4df6-b1b5-75d80d9d6a55","RequestUrl":"https://orgab125973.crm.dynamics.com/api/data/v9.1/crec7_saplistofvaluetests(crec7_domain=327720001,crec7_language=865420000,crec7_valuecode='0005')?$select=modifiedon,createdon{\r\n  \"crec7_displayvalue\": \"Scrap\",\r\n  \"crec7_domain\": \"327720001\",\r\n  \"crec7_language\": \"865420000\",\r\n  \"crec7_valuecode\": \"0005\",\r\n  \"crec7_ParentValue@odata.bind\": \"/crec7_saplistofvaluetests(crec7_domain=865420003,crec7_language=865420000,crec7_valuecode='ZIN1')\"\r\n}"}]},"ExceptionInfo":null,"Warnings":[],"ErrorCount":28,"UpsertCount":10046,"PartitionsRefreshHistory":[{"Name":"new_saptemplatesyncdomain.csv","StartTime":"2024-07-25T19:58:50.2268476+00:00","EndTime":"2024-07-25T19:59:00.3898464+00:00","LastUpdateTime":"2024-07-25T19:59:00.3898464+00:00","RefreshStatus":"Success","ComputeEngines":[],"DataSourceStatistics":[{"DataSourceType":"CommonDataService","BytesRead":0,"BytesWritten":0,"RowsRead":18,"RowsWritten":0},{"DataSourceType":"AzureDataLakeStorage","BytesRead":0,"BytesWritten":595521,"RowsRead":0,"RowsWritten":0}],"ErrorInfo":null,"Warnings":[],"ExceptionInfo":null}],"InsertCount":0}],"ActionsRefreshHistory":[],"ModelSnapshotPath":null},{"DataflowId":"5a5ef926-c8a6-4834-96e2-4deca206f373","TransactionId":"29b37b20-a842-46f8-a7ee-3818fddef955","DataflowName":"SAP Sync Domains","RequestId":"0ea51309-2387-45ed-bf82-fcada15fa884","SessionId":null,"StartTime":"2024-07-29T20:37:39.6090552+00:00","EndTime":"2024-07-29T20:38:36.0463254+00:00","RefreshType":"RefreshTypeOneTime","RefreshStatus":"Success","ErrorInfo":null,"EntitiesRefreshHistory":[{"DataflowId":"5a5ef926-c8a6-4834-96e2-4deca206f373","DataflowName":"SAP Sync Domains","EntityName":"new_saptemplatesyncdomain","StartTime":"2024-07-29T20:38:07.1413003+00:00","EndTime":"2024-07-29T20:38:25.8667799+00:00","RefreshStatus":"Success","ErrorInfo":null,"ExceptionInfo":null,"Warnings":[],"ErrorCount":0,"UpsertCount":0,"PartitionsRefreshHistory":[{"Name":"new_saptemplatesyncdomain.csv","StartTime":"2024-07-29T20:38:07.1725516+00:00","EndTime":"2024-07-29T20:38:15.3757309+00:00","LastUpdateTime":"2024-07-29T20:38:15.3757309+00:00","RefreshStatus":"Success","ComputeEngines":[],"DataSourceStatistics":[{"DataSourceType":"CommonDataService","BytesRead":0,"BytesWritten":0,"RowsRead":0,"RowsWritten":0},{"DataSourceType":"AzureDataLakeStorage","BytesRead":0,"BytesWritten":0,"RowsRead":0,"RowsWritten":0}],"ErrorInfo":null,"Warnings":[],"ExceptionInfo":null}],"InsertCount":0}],"ActionsRefreshHistory":[],"ModelSnapshotPath":""},{"DataflowId":"5a5ef926-c8a6-4834-96e2-4deca206f373","TransactionId":"d5d7dcbe-45d4-4f58-bbea-651043fb51ce","DataflowName":"SAP Sync Domains","RequestId":"575f00f2-1c20-494d-8320-85e890a093da","SessionId":null,"StartTime":"2024-07-29T21:17:46.3733906+00:00","EndTime":"2024-07-29T21:18:55.093035+00:00","RefreshType":"RefreshTypeOneTime","RefreshStatus":"Failed","ErrorInfo":{"ErrorCode":"LoadToCdsAbortedAboveErrorThreshold","ErrorMessage":null},"EntitiesRefreshHistory":[{"DataflowId":"5a5ef926-c8a6-4834-96e2-4deca206f373","DataflowName":"SAP Sync Domains","EntityName":"new_saptemplatesyncdomain","StartTime":"2024-07-29T21:17:57.2403919+00:00","EndTime":"2024-07-29T21:18:46.9853432+00:00","RefreshStatus":"Aborted","ErrorInfo":{"EvaluationResult":null,"ErrorMessage":null,"ErrorCode":null,"LoadToCdsErrorInfo":[{"ErrorCode":"CdsUserError","ErrorMessage":"{\"message\":\"A record with the specified key values does not exist in crec7_saplistofvaluetest entity\",\"cdsErrorCode\":\"0x80060891\",\"HelpLink\":\"http://go.microsoft.com/fwlink/?LinkID=398563&amp;error=Microsoft.Crm.CrmException%3a80060891&amp;client=platform\",\"InnerErrorMessage\":\"A record with the specified key values does not exist in crec7_saplistofvaluetest entity\",\"cdsRequestId\":\"45a84755-1d53-4131-aea7-6b3ad79cbcb4\",\"cdsRequestUtcTime\":\"7/29/2024 9:18:30 PM\"}","CdsErrorCode":"0x80060891","RecordId":"7602bfa3-960d-4b9a-9b03-e25818cb9b33","RequestUrl":"https://orgab125973.crm.dynamics.com/api/data/v9.1/crec7_saplistofvaluetests(crec7_domain=327720001,crec7_language=865420000,crec7_valuecode='0001')?$select=modifiedon,createdon{\r\n  \"crec7_displayvalue\": \"Lagerort 0001\",\r\n  \"crec7_domain\": \"327720001\",\r\n  \"crec7_language\": \"865420000\",\r\n  \"crec7_valuecode\": \"0001\",\r\n  \"crec7_ParentValue@odata.bind\": \"/crec7_saplistofvaluetests(crec7_domain=865420003,crec7_language=865420000,crec7_valuecode='0001')\"\r\n}"},{"ErrorCode":"CdsUserError","ErrorMessage":"{\"message\":\"A record with the specified key values does not exist in crec7_saplistofvaluetest entity\",\"cdsErrorCode\":\"0x80060891\",\"HelpLink\":\"http://go.microsoft.com/fwlink/?LinkID=398563&amp;error=Microsoft.Crm.CrmException%3a80060891&amp;client=platform\",\"InnerErrorMessage\":\"A record with the specified key values does not exist in crec7_saplistofvaluetest entity\",\"cdsRequestId\":\"54464c2d-f7c5-4c02-b990-5cb3f5b4a011\",\"cdsRequestUtcTime\":\"7/29/2024 9:18:30 PM\"}","CdsErrorCode":"0x80060891","RecordId":"76235db8-3299-4af5-9d93-a5441cd500fe","RequestUrl":"https://orgab125973.crm.dynamics.com/api/data/v9.1/crec7_saplistofvaluetests(crec7_domain=327720001,crec7_language=865420000,crec7_valuecode='0002')?$select=modifiedon,createdon{\r\n  \"crec7_displayvalue\": \"Lager 0002\",\r\n  \"crec7_domain\": \"327720001\",\r\n  \"crec7_language\": \"865420000\",\r\n  \"crec7_valuecode\": \"0002\",\r\n  \"crec7_ParentValue@odata.bind\": \"/crec7_saplistofvaluetests(crec7_domain=865420003,crec7_language=865420000,crec7_valuecode='0001')\"\r\n}"},{"ErrorCode":"CdsUserError","ErrorMessage":"{\"message\":\"A record with the specified key values does not exist in crec7_saplistofvaluetest entity\",\"cdsErrorCode\":\"0x80060891\",\"HelpLink\":\"http://go.microsoft.com/fwlink/?LinkID=398563&amp;error=Microsoft.Crm.CrmException%3a80060891&amp;client=platform\",\"InnerErrorMessage\":\"A record with the specified key values does not exist in crec7_saplistofvaluetest entity\",\"cdsRequestId\":\"edb6e6c7-0dd0-4bf8-8247-cf8fdd14ffcd\",\"cdsRequestUtcTime\":\"7/29/2024 9:18:30 PM\"}","CdsErrorCode":"0x80060891","RecordId":"8de7991e-71a9-4f36-8e33-fc81f0677ae6","RequestUrl":"https://orgab125973.crm.dynamics.com/api/data/v9.1/crec7_saplistofvaluetests(crec7_domain=327720001,crec7_language=865420000,crec7_valuecode='0088')?$select=modifiedon,createdon{\r\n  \"crec7_displayvalue\": \"Lager 0088 (WM)\",\r\n  \"crec7_domain\": \"327720001\",\r\n  \"crec7_language\": \"865420000\",\r\n  \"crec7_valuecode\": \"0088\",\r\n  \"crec7_ParentValue@odata.bind\": \"/crec7_saplistofvaluetests(crec7_domain=865420003,crec7_language=865420000,crec7_valuecode='0001')\"\r\n}"},{"ErrorCode":"CdsUserError","ErrorMessage":"{\"message\":\"A record with the specified key values does not exist in crec7_saplistofvaluetest entity\",\"cdsErrorCode\":\"0x80060891\",\"HelpLink\":\"http://go.microsoft.com/fwlink/?LinkID=398563&amp;error=Microsoft.Crm.CrmException%3a80060891&amp;client=platform\",\"InnerErrorMessage\":\"A record with the specified key values does not exist in crec7_saplistofvaluetest entity\",\"cdsRequestId\":\"56ce1246-9837-4f39-845f-dff3eb25cbf1\",\"cdsRequestUtcTime\":\"7/29/2024 9:18:30 PM\"}","CdsErrorCode":"0x80060891","RecordId":"b13eb03a-e8c4-4179-a478-e208ad11c409","RequestUrl":"https://orgab125973.crm.dynamics.com/api/data/v9.1/crec7_saplistofvaluetests(crec7_domain=327720001,crec7_language=865420000,crec7_valuecode='0001')?$select=modifiedon,createdon{\r\n  \"crec7_displayvalue\": \"Lager 0001\",\r\n  \"crec7_domain\": \"327720001\",\r\n  \"crec7_language\": \"865420000\",\r\n  \"crec7_valuecode\": \"0001\",\r\n  \"crec7_ParentValue@odata.bind\": \"/crec7_saplistofvaluetests(crec7_domain=865420003,crec7_language=865420000,crec7_valuecode='0002')\"\r\n}"},{"ErrorCode":"CdsUserError","ErrorMessage":"{\"message\":\"A record with the specified key values does not exist in crec7_saplistofvaluetest entity\",\"cdsErrorCode\":\"0x80060891\",\"HelpLink\":\"http://go.microsoft.com/fwlink/?LinkID=398563&amp;error=Microsoft.Crm.CrmException%3a80060891&amp;client=platform\",\"InnerErrorMessage\":\"A record with the specified key values does not exist in crec7_saplistofvaluetest entity\",\"cdsRequestId\":\"40d460f2-aca4-402d-9fe0-ae33045c1ac3\",\"cdsRequestUtcTime\":\"7/29/2024 9:18:31 PM\"}","CdsErrorCode":"0x80060891","RecordId":"e22a5190-6ce6-4840-9f4f-e82d00b7ef24","RequestUrl":"https://orgab125973.crm.dynamics.com/api/data/v9.1/crec7_saplistofvaluetests(crec7_domain=327720001,crec7_language=865420000,crec7_valuecode='0002')?$select=modifiedon,createdon{\r\n  \"crec7_displayvalue\": \"Lager 0002\",\r\n  \"crec7_domain\": \"327720001\",\r\n  \"crec7_language\": \"865420000\",\r\n  \"crec7_valuecode\": \"0002\",\r\n  \"crec7_ParentValue@odata.bind\": \"/crec7_saplistofvaluetests(crec7_domain=865420003,crec7_language=865420000,crec7_valuecode='0002')\"\r\n}"},{"ErrorCode":"CdsUserError","ErrorMessage":"{\"message\":\"A record with the specified key values does not exist in crec7_saplistofvaluetest entity\",\"cdsErrorCode\":\"0x80060891\",\"HelpLink\":\"http://go.microsoft.com/fwlink/?LinkID=398563&amp;error=Microsoft.Crm.CrmException%3a80060891&amp;client=platform\",\"InnerErrorMessage\":\"A record with the specified key values does not exist in crec7_saplistofvaluetest entity\",\"cdsRequestId\":\"cb279b49-2447-4d0d-888d-c8990b1135ed\",\"cdsRequestUtcTime\":\"7/29/2024 9:18:31 PM\"}","CdsErrorCode":"0x80060891","RecordId":"f4134347-0525-4484-abba-0a99733567be","RequestUrl":"https://orgab125973.crm.dynamics.com/api/data/v9.1/crec7_saplistofvaluetests(crec7_domain=327720001,crec7_language=865420000,crec7_valuecode='L117')?$select=modifiedon,createdon{\r\n  \"crec7_displayvalue\": \"Lagerort 117\",\r\n  \"crec7_domain\": \"327720001\",\r\n  \"crec7_language\": \"865420000\",\r\n  \"crec7_valuecode\": \"L117\",\r\n  \"crec7_ParentValue@odata.bind\": \"/crec7_saplistofvaluetests(crec7_domain=865420003,crec7_language=865420000,crec7_valuecode='0005')\"\r\n}"},{"ErrorCode":"CdsUserError","ErrorMessage":"{\"message\":\"A record with the specified key values does not exist in crec7_saplistofvaluetest entity\",\"cdsErrorCode\":\"0x80060891\",\"HelpLink\":\"http://go.microsoft.com/fwlink/?LinkID=398563&amp;error=Microsoft.Crm.CrmException%3a80060891&amp;client=platform\",\"InnerErrorMessage\":\"A record with the specified key values does not exist in crec7_saplistofvaluetest entity\",\"cdsRequestId\":\"cd6632df-707b-430a-a999-11fc48c7fbd6\",\"cdsRequestUtcTime\":\"7/29/2024 9:18:31 PM\"}","CdsErrorCode":"0x80060891","RecordId":"44ff7e8b-4960-45ef-9fa3-02d04fa483ff","RequestUrl":"https://orgab125973.crm.dynamics.com/api/data/v9.1/crec7_saplistofvaluetests(crec7_domain=327720001,crec7_language=865420000,crec7_valuecode='0088')?$select=modifiedon,createdon{\r\n  \"crec7_displayvalue\": \"Lager 0088 (WM)\",\r\n  \"crec7_domain\": \"327720001\",\r\n  \"crec7_language\": \"865420000\",\r\n  \"crec7_valuecode\": \"0088\",\r\n  \"crec7_ParentValue@odata.bind\": \"/crec7_saplistofvaluetests(crec7_domain=865420003,crec7_language=865420000,crec7_valuecode='0002')\"\r\n}"},{"ErrorCode":"CdsUserError","ErrorMessage":"{\"message\":\"A record with the specified key values does not exist in crec7_saplistofvaluetest entity\",\"cdsErrorCode\":\"0x80060891\",\"HelpLink\":\"http://go.microsoft.com/fwlink/?LinkID=398563&amp;error=Microsoft.Crm.CrmException%3a80060891&amp;client=platform\",\"InnerErrorMessage\":\"A record with the specified key values does not exist in crec7_saplistofvaluetest entity\",\"cdsRequestId\":\"dfad1f7e-0d7f-4416-a315-652a24e504ae\",\"cdsRequestUtcTime\":\"7/29/2024 9:18:31 PM\"}","CdsErrorCode":"0x80060891","RecordId":"b3ae7959-490d-4255-8027-8417219e4a47","RequestUrl":"https://orgab125973.crm.dynamics.com/api/data/v9.1/crec7_saplistofvaluetests(crec7_domain=327720001,crec7_language=865420000,crec7_valuecode='0004')?$select=modifiedon,createdon{\r\n  \"crec7_displayvalue\": \"Lager 0004 (WM)\",\r\n  \"crec7_domain\": \"327720001\",\r\n  \"crec7_language\": \"865420000\",\r\n  \"crec7_valuecode\": \"0004\",\r\n  \"crec7_ParentValue@odata.bind\": \"/crec7_saplistofvaluetests(crec7_domain=865420003,crec7_language=865420000,crec7_valuecode='0002')\"\r\n}"},{"ErrorCode":"CdsUserError","ErrorMessage":"{\"message\":\"A record with the specified key values does not exist in crec7_saplistofvaluetest entity\",\"cdsErrorCode\":\"0x80060891\",\"HelpLink\":\"http://go.microsoft.com/fwlink/?LinkID=398563&amp;error=Microsoft.Crm.CrmException%3a80060891&amp;client=platform\",\"InnerErrorMessage\":\"A record with the specified key values does not exist in crec7_saplistofvaluetest entity\",\"cdsRequestId\":\"33f1a862-0b99-410f-9a47-2203d32d69ee\",\"cdsRequestUtcTime\":\"7/29/2024 9:18:31 PM\"}","CdsErrorCode":"0x80060891","RecordId":"837b9da9-c726-4dd6-b64c-e8aeff0a3853","RequestUrl":"https://orgab125973.crm.dynamics.com/api/data/v9.1/crec7_saplistofvaluetests(crec7_domain=327720001,crec7_language=865420000,crec7_valuecode='L002')?$select=modifiedon,createdon{\r\n  \"crec7_displayvalue\": \"Lagerort 002\",\r\n  \"crec7_domain\": \"327720001\",\r\n  \"crec7_language\": \"865420000\",\r\n  \"crec7_valuecode\": \"L002\",\r\n  \"crec7_ParentValue@odata.bind\": \"/crec7_saplistofvaluetests(crec7_domain=865420003,crec7_language=865420000,crec7_valuecode='0005')\"\r\n}"},{"ErrorCode":"CdsUserError","ErrorMessage":"{\"message\":\"A record with the specified key values does not exist in crec7_saplistofvaluetest entity\",\"cdsErrorCode\":\"0x80060891\",\"HelpLink\":\"http://go.microsoft.com/fwlink/?LinkID=398563&amp;error=Microsoft.Crm.CrmException%3a80060891&amp;client=platform\",\"InnerErrorMessage\":\"A record with the specified key values does not exist in crec7_saplistofvaluetest entity\",\"cdsRequestId\":\"badf00e2-206e-407a-a266-e755cf47a909\",\"cdsRequestUtcTime\":\"7/29/2024 9:18:31 PM\"}","CdsErrorCode":"0x80060891","RecordId":"d42900ee-ac02-4987-b321-c068119f6854","RequestUrl":"https://orgab125973.crm.dynamics.com/api/data/v9.1/crec7_saplistofvaluetests(crec7_domain=327720001,crec7_language=865420000,crec7_valuecode='L003')?$select=modifiedon,createdon{\r\n  \"crec7_displayvalue\": \"Lagerort 003\",\r\n  \"crec7_domain\": \"327720001\",\r\n  \"crec7_language\": \"865420000\",\r\n  \"crec7_valuecode\": \"L003\",\r\n  \"crec7_ParentValue@odata.bind\": \"/crec7_saplistofvaluetests(crec7_domain=865420003,crec7_language=865420000,crec7_valuecode='0005')\"\r\n}"},{"ErrorCode":"CdsUserError","ErrorMessage":"{\"message\":\"A record with the specified key values does not exist in crec7_saplistofvaluetest entity\",\"cdsErrorCode\":\"0x80060891\",\"HelpLink\":\"http://go.microsoft.com/fwlink/?LinkID=398563&amp;error=Microsoft.Crm.CrmException%3a80060891&amp;client=platform\",\"InnerErrorMessage\":\"A record with the specified key values does not exist in crec7_saplistofvaluetest entity\",\"cdsRequestId\":\"0e7641b1-2d02-4f5b-9730-752ad76fc50e\",\"cdsRequestUtcTime\":\"7/29/2024 9:18:31 PM\"}","CdsErrorCode":"0x80060891","RecordId":"816df447-c247-4549-af86-5d1fc22c5810","RequestUrl":"https://orgab125973.crm.dynamics.com/api/data/v9.1/crec7_saplistofvaluetests(crec7_domain=327720001,crec7_language=865420000,crec7_valuecode='L001')?$select=modifiedon,createdon{\r\n  \"crec7_displayvalue\": \"Lagerort 001\",\r\n  \"crec7_domain\": \"327720001\",\r\n  \"crec7_language\": \"865420000\",\r\n  \"crec7_valuecode\": \"L001\",\r\n  \"crec7_ParentValue@odata.bind\": \"/crec7_saplistofvaluetests(crec7_domain=865420003,crec7_language=865420000,crec7_valuecode='0005')\"\r\n}"},{"ErrorCode":"CdsUserError","ErrorMessage":"{\"message\":\"A record with the specified key values does not exist in crec7_saplistofvaluetest entity\",\"cdsErrorCode\":\"0x80060891\",\"HelpLink\":\"http://go.microsoft.com/fwlink/?LinkID=398563&amp;error=Microsoft.Crm.CrmException%3a80060891&amp;client=platform\",\"InnerErrorMessage\":\"A record with the specified key values does not exist in crec7_saplistofvaluetest entity\",\"cdsRequestId\":\"64e57d60-de6f-4fa9-a8e4-f441f36b80d7\",\"cdsRequestUtcTime\":\"7/29/2024 9:18:31 PM\"}","CdsErrorCode":"0x80060891","RecordId":"f8c22b6b-e857-4f10-946f-a53fe98d495e","RequestUrl":"https://orgab125973.crm.dynamics.com/api/data/v9.1/crec7_saplistofvaluetests(crec7_domain=327720001,crec7_language=865420000,crec7_valuecode='L000')?$select=modifiedon,createdon{\r\n  \"crec7_displayvalue\": \"Lagerort 000\",\r\n  \"crec7_domain\": \"327720001\",\r\n  \"crec7_language\": \"865420000\",\r\n  \"crec7_valuecode\": \"L000\",\r\n  \"crec7_ParentValue@odata.bind\": \"/crec7_saplistofvaluetests(crec7_domain=865420003,crec7_language=865420000,crec7_valuecode='0005')\"\r\n}"},{"ErrorCode":"CdsUserError","ErrorMessage":"{\"message\":\"A record with the specified key values does not exist in crec7_saplistofvaluetest entity\",\"cdsErrorCode\":\"0x80060891\",\"HelpLink\":\"http://go.microsoft.com/fwlink/?LinkID=398563&amp;error=Microsoft.Crm.CrmException%3a80060891&amp;client=platform\",\"InnerErrorMessage\":\"A record with the specified key values does not exist in crec7_saplistofvaluetest entity\",\"cdsRequestId\":\"e0c2ebfe-c203-4cdc-b6aa-ce6d3347376a\",\"cdsRequestUtcTime\":\"7/29/2024 9:18:31 PM\"}","CdsErrorCode":"0x80060891","RecordId":"e13ff047-f3db-4a8c-be23-5ec0fa387838","RequestUrl":"https://orgab125973.crm.dynamics.com/api/data/v9.1/crec7_saplistofvaluetests(crec7_domain=327720001,crec7_language=865420000,crec7_valuecode='L007')?$select=modifiedon,createdon{\r\n  \"crec7_displayvalue\": \"Lagerort 007\",\r\n  \"crec7_domain\": \"327720001\",\r\n  \"crec7_language\": \"865420000\",\r\n  \"crec7_valuecode\": \"L007\",\r\n  \"crec7_ParentValue@odata.bind\": \"/crec7_saplistofvaluetests(crec7_domain=865420003,crec7_language=865420000,crec7_valuecode='0005')\"\r\n}"},{"ErrorCode":"CdsUserError","ErrorMessage":"{\"message\":\"A record with the specified key values does not exist in crec7_saplistofvaluetest entity\",\"cdsErrorCode\":\"0x80060891\",\"HelpLink\":\"http://go.microsoft.com/fwlink/?LinkID=398563&amp;error=Microsoft.Crm.CrmException%3a80060891&amp;client=platform\",\"InnerErrorMessage\":\"A record with the specified key values does not exist in crec7_saplistofvaluetest entity\",\"cdsRequestId\":\"56b246c1-ad0f-4471-833e-ab0c8d6ec66d\",\"cdsRequestUtcTime\":\"7/29/2024 9:18:31 PM\"}","CdsErrorCode":"0x80060891","RecordId":"6d8a44e6-925b-4372-91ae-163810172225","RequestUrl":"https://orgab125973.crm.dynamics.com/api/data/v9.1/crec7_saplistofvaluetests(crec7_domain=327720001,crec7_language=865420000,crec7_valuecode='L006')?$select=modifiedon,createdon{\r\n  \"crec7_displayvalue\": \"Lagerort 006\",\r\n  \"crec7_domain\": \"327720001\",\r\n  \"crec7_language\": \"865420000\",\r\n  \"crec7_valuecode\": \"L006\",\r\n  \"crec7_ParentValue@odata.bind\": \"/crec7_saplistofvaluetests(crec7_domain=865420003,crec7_language=865420000,crec7_valuecode='0005')\"\r\n}"},{"ErrorCode":"CdsUserError","ErrorMessage":"{\"message\":\"A record with the specified key values does not exist in crec7_saplistofvaluetest entity\",\"cdsErrorCode\":\"0x80060891\",\"HelpLink\":\"http://go.microsoft.com/fwlink/?LinkID=398563&amp;error=Microsoft.Crm.CrmException%3a80060891&amp;client=platform\",\"InnerErrorMessage\":\"A record with the specified key values does not exist in crec7_saplistofvaluetest entity\",\"cdsRequestId\":\"ad17c1fa-8779-4545-a68a-c48080e4156c\",\"cdsRequestUtcTime\":\"7/29/2024 9:18:31 PM\"}","CdsErrorCode":"0x80060891","RecordId":"c2c5bade-2937-416d-9bd6-38da868e5f8c","RequestUrl":"https://orgab125973.crm.dynamics.com/api/data/v9.1/crec7_saplistofvaluetests(crec7_domain=327720001,crec7_language=865420000,crec7_valuecode='L004')?$select=modifiedon,createdon{\r\n  \"crec7_displayvalue\": \"Lagerort 004\",\r\n  \"crec7_domain\": \"327720001\",\r\n  \"crec7_language\": \"865420000\",\r\n  \"crec7_valuecode\": \"L004\",\r\n  \"crec7_ParentValue@odata.bind\": \"/crec7_saplistofvaluetests(crec7_domain=865420003,crec7_language=865420000,crec7_valuecode='0005')\"\r\n}"},{"ErrorCode":"CdsUserError","ErrorMessage":"{\"message\":\"A record with the specified key values does not exist in crec7_saplistofvaluetest entity\",\"cdsErrorCode\":\"0x80060891\",\"HelpLink\":\"http://go.microsoft.com/fwlink/?LinkID=398563&amp;error=Microsoft.Crm.CrmException%3a80060891&amp;client=platform\",\"InnerErrorMessage\":\"A record with the specified key values does not exist in crec7_saplistofvaluetest entity\",\"cdsRequestId\":\"c4b14d39-8da2-464c-98bb-31eabad78c81\",\"cdsRequestUtcTime\":\"7/29/2024 9:18:31 PM\"}","CdsErrorCode":"0x80060891","RecordId":"404eeeaf-4afb-48c4-90ab-ef4384db84c2","RequestUrl":"https://orgab125973.crm.dynamics.com/api/data/v9.1/crec7_saplistofvaluetests(crec7_domain=327720001,crec7_language=865420000,crec7_valuecode='L008')?$select=modifiedon,createdon{\r\n  \"crec7_displayvalue\": \"Lagerort 008\",\r\n  \"crec7_domain\": \"327720001\",\r\n  \"crec7_language\": \"865420000\",\r\n  \"crec7_valuecode\": \"L008\",\r\n  \"crec7_ParentValue@odata.bind\": \"/crec7_saplistofvaluetests(crec7_domain=865420003,crec7_language=865420000,crec7_valuecode='0005')\"\r\n}"},{"ErrorCode":"CdsUserError","ErrorMessage":"{\"message\":\"A record with the specified key values does not exist in crec7_saplistofvaluetest entity\",\"cdsErrorCode\":\"0x80060891\",\"HelpLink\":\"http://go.microsoft.com/fwlink/?LinkID=398563&amp;error=Microsoft.Crm.CrmException%3a80060891&amp;client=platform\",\"InnerErrorMessage\":\"A record with the specified key values does not exist in crec7_saplistofvaluetest entity\",\"cdsRequestId\":\"a43c2ae4-9e96-4f16-bba8-02628841d56e\",\"cdsRequestUtcTime\":\"7/29/2024 9:18:31 PM\"}","CdsErrorCode":"0x80060891","RecordId":"81b7d2a8-ec33-438f-b121-2183917e178c","RequestUrl":"https://orgab125973.crm.dynamics.com/api/data/v9.1/crec7_saplistofvaluetests(crec7_domain=327720001,crec7_language=865420000,crec7_valuecode='L005')?$select=modifiedon,createdon{\r\n  \"crec7_displayvalue\": \"Lagerort 005\",\r\n  \"crec7_domain\": \"327720001\",\r\n  \"crec7_language\": \"865420000\",\r\n  \"crec7_valuecode\": \"L005\",\r\n  \"crec7_ParentValue@odata.bind\": \"/crec7_saplistofvaluetests(crec7_domain=865420003,crec7_language=865420000,crec7_valuecode='0005')\"\r\n}"},{"ErrorCode":"CdsUserError","ErrorMessage":"{\"message\":\"A record with the specified key values does not exist in crec7_saplistofvaluetest entity\",\"cdsErrorCode\":\"0x80060891\",\"HelpLink\":\"http://go.microsoft.com/fwlink/?LinkID=398563&amp;error=Microsoft.Crm.CrmException%3a80060891&amp;client=platform\",\"InnerErrorMessage\":\"A record with the specified key values does not exist in crec7_saplistofvaluetest entity\",\"cdsRequestId\":\"7db42246-2c24-4a0c-8a70-6c2a84a83594\",\"cdsRequestUtcTime\":\"7/29/2024 9:18:31 PM\"}","CdsErrorCode":"0x80060891","RecordId":"3d43cf7b-3fcb-476d-8b1e-77ccb6ee189b","RequestUrl":"https://orgab125973.crm.dynamics.com/api/data/v9.1/crec7_saplistofvaluetests(crec7_domain=327720001,crec7_language=865420000,crec7_valuecode='HU30')?$select=modifiedon,createdon{\r\n  \"crec7_displayvalue\": \"HU-Lagerort (WM)\",\r\n  \"crec7_domain\": \"327720001\",\r\n  \"crec7_language\": \"865420000\",\r\n  \"crec7_valuecode\": \"HU30\",\r\n  \"crec7_ParentValue@odata.bind\": \"/crec7_saplistofvaluetests(crec7_domain=865420003,crec7_language=865420000,crec7_valuecode='0005')\"\r\n}"},{"ErrorCode":"CdsUserError","ErrorMessage":"{\"message\":\"A record with the specified key values does not exist in crec7_saplistofvaluetest entity\",\"cdsErrorCode\":\"0x80060891\",\"HelpLink\":\"http://go.microsoft.com/fwlink/?LinkID=398563&amp;error=Microsoft.Crm.CrmException%3a80060891&amp;client=platform\",\"InnerErrorMessage\":\"A record with the specified key values does not exist in crec7_saplistofvaluetest entity\",\"cdsRequestId\":\"d420b87c-fe3c-45d9-bba4-99bee9356b61\",\"cdsRequestUtcTime\":\"7/29/2024 9:18:31 PM\"}","CdsErrorCode":"0x80060891","RecordId":"90af434c-7343-41de-94ef-08ba976dcdec","RequestUrl":"https://orgab125973.crm.dynamics.com/api/data/v9.1/crec7_saplistofvaluetests(crec7_domain=327720001,crec7_language=865420000,crec7_valuecode='HUMM')?$select=modifiedon,createdon{\r\n  \"crec7_displayvalue\": \"HU-Lagerort (IM)\",\r\n  \"crec7_domain\": \"327720001\",\r\n  \"crec7_language\": \"865420000\",\r\n  \"crec7_valuecode\": \"HUMM\",\r\n  \"crec7_ParentValue@odata.bind\": \"/crec7_saplistofvaluetests(crec7_domain=865420003,crec7_language=865420000,crec7_valuecode='0005')\"\r\n}"},{"ErrorCode":"CdsUserError","ErrorMessage":"{\"message\":\"A record with the specified key values does not exist in crec7_saplistofvaluetest entity\",\"cdsErrorCode\":\"0x80060891\",\"HelpLink\":\"http://go.microsoft.com/fwlink/?LinkID=398563&amp;error=Microsoft.Crm.CrmException%3a80060891&amp;client=platform\",\"InnerErrorMessage\":\"A record with the specified key values does not exist in crec7_saplistofvaluetest entity\",\"cdsRequestId\":\"003ab151-13ab-4cd4-9285-f6da334ec686\",\"cdsRequestUtcTime\":\"7/29/2024 9:18:31 PM\"}","CdsErrorCode":"0x80060891","RecordId":"5f630f39-7d5a-4c00-8880-3f6c6fa95cfc","RequestUrl":"https://orgab125973.crm.dynamics.com/api/data/v9.1/crec7_saplistofvaluetests(crec7_domain=327720001,crec7_language=865420000,crec7_valuecode='L009')?$select=modifiedon,createdon{\r\n  \"crec7_displayvalue\": \"Lagerort 009\",\r\n  \"crec7_domain\": \"327720001\",\r\n  \"crec7_language\": \"865420000\",\r\n  \"crec7_valuecode\": \"L009\",\r\n  \"crec7_ParentValue@odata.bind\": \"/crec7_saplistofvaluetests(crec7_domain=865420003,crec7_language=865420000,crec7_valuecode='0005')\"\r\n}"},