{"ErrorCode":"CdsUserError","ErrorMessage":"{\"message\":\"A record with the specified key values does not exist in crec7_saplistofvaluetest entity\",\"cdsErrorCode\":\"0x80060891\",\"HelpLink\":\"http://go.microsoft.com/fwlink/?LinkID=398563&amp;error=Microsoft.Crm.CrmException%3a80060891&amp;client=platform\",\"InnerErrorMessage\":\"A record with the specified key values does not exist in crec7_saplistofvaluetest entity\",\"cdsRequestId\":\"cd3e390c-2fc4-4443-987d-11a542c31ec3\",\"cdsRequestUtcTime\":\"7/29/2024 9:18:31 PM\"}","CdsErrorCode":"0x80060891","RecordId":"a7849bc5-5e8b-4a10-8e06-4c19e4fcd9bb","RequestUrl":"https://orgab125973.crm.dynamics.com/api/data/v9.1/crec7_saplistofvaluetests(crec7_domain=327720001,crec7_language=865420000,crec7_valuecode='HU27')?$select=modifiedon,createdon{\r\n  \"crec7_displayvalue\": \"HU-Lagerort (WM)\",\r\n  \"crec7_domain\": \"327720001\",\r\n  \"crec7_language\": \"865420000\",\r\n  \"crec7_valuecode\": \"HU27\",\r\n  \"crec7_ParentValue@odata.bind\": \"/crec7_saplistofvaluetests(crec7_domain=865420003,crec7_language=865420000,crec7_valuecode='0005')\"\r\n}"},{"ErrorCode":"CdsUserError","ErrorMessage":"{\"message\":\"A record with the specified key values does not exist in crec7_saplistofvaluetest entity\",\"cdsErrorCode\":\"0x80060891\",\"HelpLink\":\"http://go.microsoft.com/fwlink/?LinkID=398563&amp;error=Microsoft.Crm.CrmException%3a80060891&amp;client=platform\",\"InnerErrorMessage\":\"A record with the specified key values does not exist in crec7_saplistofvaluetest entity\",\"cdsRequestId\":\"3dd0a512-bcfc-434e-9646-cda923b3d4e7\",\"cdsRequestUtcTime\":\"7/29/2024 9:18:31 PM\"}","CdsErrorCode":"0x80060891","RecordId":"80f85130-b2f4-4679-abe7-11ccc8582ec4","RequestUrl":"https://orgab125973.crm.dynamics.com/api/data/v9.1/crec7_saplistofvaluetests(crec7_domain=327720001,crec7_language=865420000,crec7_valuecode='L010')?$select=modifiedon,createdon{\r\n  \"crec7_displayvalue\": \"Lagerort 010\",\r\n  \"crec7_domain\": \"327720001\",\r\n  \"crec7_language\": \"865420000\",\r\n  \"crec7_valuecode\": \"L010\",\r\n  \"crec7_ParentValue@odata.bind\": \"/crec7_saplistofvaluetests(crec7_domain=865420003,crec7_language=865420000,crec7_valuecode='0005')\"\r\n}"},{"ErrorCode":"CdsUserError","ErrorMessage":"{\"message\":\"A record with the specified key values does not exist in crec7_saplistofvaluetest entity\",\"cdsErrorCode\":\"0x80060891\",\"HelpLink\":\"http://go.microsoft.com/fwlink/?LinkID=398563&amp;error=Microsoft.Crm.CrmException%3a80060891&amp;client=platform\",\"InnerErrorMessage\":\"A record with the specified key values does not exist in crec7_saplistofvaluetest entity\",\"cdsRequestId\":\"31b85f59-53eb-41e5-9d34-819c8715ef5f\",\"cdsRequestUtcTime\":\"7/29/2024 9:18:31 PM\"}","CdsErrorCode":"0x80060891","RecordId":"f25327e8-f0e3-47c1-adf2-b94a8b0da118","RequestUrl":"https://orgab125973.crm.dynamics.com/api/data/v9.1/crec7_saplistofvaluetests(crec7_domain=327720001,crec7_language=865420000,crec7_valuecode='HU26')?$select=modifiedon,createdon{\r\n  \"crec7_displayvalue\": \"HU-Lagerort (WM)\",\r\n  \"crec7_domain\": \"327720001\",\r\n  \"crec7_language\": \"865420000\",\r\n  \"crec7_valuecode\": \"HU26\",\r\n  \"crec7_ParentValue@odata.bind\": \"/crec7_saplistofvaluetests(crec7_domain=865420003,crec7_language=865420000,crec7_valuecode='0005')\"\r\n}"},{"ErrorCode":"CdsUserError","ErrorMessage":"{\"message\":\"A record with the specified key values does not exist in crec7_saplistofvaluetest entity\",\"cdsErrorCode\":\"0x80060891\",\"HelpLink\":\"http://go.microsoft.com/fwlink/?LinkID=398563&amp;error=Microsoft.Crm.CrmException%3a80060891&amp;client=platform\",\"InnerErrorMessage\":\"A record with the specified key values does not exist in crec7_saplistofvaluetest entity\",\"cdsRequestId\":\"180786a2-bc1c-47ad-866b-ec01444eb457\",\"cdsRequestUtcTime\":\"7/29/2024 9:18:31 PM\"}","CdsErrorCode":"0x80060891","RecordId":"89fd0ffc-ab1c-4a90-912d-4df029a293a0","RequestUrl":"https://orgab125973.crm.dynamics.com/api/data/v9.1/crec7_saplistofvaluetests(crec7_domain=327720001,crec7_language=865420000,crec7_valuecode='HU28')?$select=modifiedon,createdon{\r\n  \"crec7_displayvalue\": \"HU-Lagerort (WM)\",\r\n  \"crec7_domain\": \"327720001\",\r\n  \"crec7_language\": \"865420000\",\r\n  \"crec7_valuecode\": \"HU28\",\r\n  \"crec7_ParentValue@odata.bind\": \"/crec7_saplistofvaluetests(crec7_domain=865420003,crec7_language=865420000,crec7_valuecode='0005')\"\r\n}"},{"ErrorCode":"CdsUserError","ErrorMessage":"{\"message\":\"A record with the specified key values does not exist in crec7_saplistofvaluetest entity\",\"cdsErrorCode\":\"0x80060891\",\"HelpLink\":\"http://go.microsoft.com/fwlink/?LinkID=398563&amp;error=Microsoft.Crm.CrmException%3a80060891&amp;client=platform\",\"InnerErrorMessage\":\"A record with the specified key values does not exist in crec7_saplistofvaluetest entity\",\"cdsRequestId\":\"940f52ac-3273-4a1c-b3f1-4349d2909beb\",\"cdsRequestUtcTime\":\"7/29/2024 9:18:31 PM\"}","CdsErrorCode":"0x80060891","RecordId":"aa55583a-7afd-46e0-9ba7-fe5bad9af53b","RequestUrl":"https://orgab125973.crm.dynamics.com/api/data/v9.1/crec7_saplistofvaluetests(crec7_domain=327720001,crec7_language=865420000,crec7_valuecode='HU25')?$select=modifiedon,createdon{\r\n  \"crec7_displayvalue\": \"HU-Lagerort (WM)\",\r\n  \"crec7_domain\": \"327720001\",\r\n  \"crec7_language\": \"865420000\",\r\n  \"crec7_valuecode\": \"HU25\",\r\n  \"crec7_ParentValue@odata.bind\": \"/crec7_saplistofvaluetests(crec7_domain=865420003,crec7_language=865420000,crec7_valuecode='0005')\"\r\n}"},{"ErrorCode":"CDSAboveErrorThresholdError","ErrorMessage":"Job abort because too many CDS failures","CdsErrorCode":null,"RecordId":"","RequestUrl":""}]},"ExceptionInfo":null,"Warnings":[],"ErrorCount":508,"UpsertCount":0,"PartitionsRefreshHistory":[{"Name":"new_saptemplatesyncdomain.csv","StartTime":"2024-07-29T21:17:57.2715794+00:00","EndTime":"2024-07-29T21:18:05.7404886+00:00","LastUpdateTime":"2024-07-29T21:18:05.7404886+00:00","RefreshStatus":"Success","ComputeEngines":[],"DataSourceStatistics":[{"DataSourceType":"CommonDataService","BytesRead":0,"BytesWritten":0,"RowsRead":4,"RowsWritten":0},{"DataSourceType":"AzureDataLakeStorage","BytesRead":0,"BytesWritten":507470,"RowsRead":0,"RowsWritten":0}],"ErrorInfo":null,"Warnings":[],"ExceptionInfo":null}],"InsertCount":0}],"ActionsRefreshHistory":[],"ModelSnapshotPath":null},{"DataflowId":"5a5ef926-c8a6-4834-96e2-4deca206f373","TransactionId":"4a5610fd-d89d-4390-af15-2b2cb11d190f","DataflowName":"SAP Sync Domains","RequestId":"9ee0c98d-b652-4c3b-bb63-9fbe8c42d5fb","SessionId":null,"StartTime":"2024-07-29T21:47:01.4289781+00:00","EndTime":"2024-07-29T21:50:54.5542337+00:00","RefreshType":"RefreshTypeOneTime","RefreshStatus":"Success","ErrorInfo":null,"EntitiesRefreshHistory":[{"DataflowId":"5a5ef926-c8a6-4834-96e2-4deca206f373","DataflowName":"SAP Sync Domains","EntityName":"new_saptemplatesyncdomain","StartTime":"2024-07-29T21:47:10.1880971+00:00","EndTime":"2024-07-29T21:50:44.687451+00:00","RefreshStatus":"Success","ErrorInfo":null,"ExceptionInfo":null,"Warnings":[],"ErrorCount":0,"UpsertCount":4,"PartitionsRefreshHistory":[{"Name":"new_saptemplatesyncdomain.csv","StartTime":"2024-07-29T21:47:10.2194326+00:00","EndTime":"2024-07-29T21:49:05.2707555+00:00","LastUpdateTime":"2024-07-29T21:49:05.2707555+00:00","RefreshStatus":"Success","ComputeEngines":[],"DataSourceStatistics":[{"DataSourceType":"CommonDataService","BytesRead":0,"BytesWritten":0,"RowsRead":14,"RowsWritten":0},{"DataSourceType":"AzureDataLakeStorage","BytesRead":0,"BytesWritten":88051,"RowsRead":0,"RowsWritten":0}],"ErrorInfo":null,"Warnings":[],"ExceptionInfo":null}],"InsertCount":2037}],"ActionsRefreshHistory":[],"ModelSnapshotPath":""},{"DataflowId":"5a5ef926-c8a6-4834-96e2-4deca206f373","TransactionId":"46d9e526-2563-4b2f-801d-e44d088e7dd4","DataflowName":"SAP Sync Domains","RequestId":"053731e1-ab43-4670-b478-ab7b0b84f074","SessionId":null,"StartTime":"2024-07-29T21:51:25.075345+00:00","EndTime":"2024-07-29T21:57:17.7139871+00:00","RefreshType":"RefreshTypeOneTime","RefreshStatus":"Failed","ErrorInfo":{"ErrorCode":"LoadToCdsFailed","ErrorMessage":null},"EntitiesRefreshHistory":[{"DataflowId":"5a5ef926-c8a6-4834-96e2-4deca206f373","DataflowName":"SAP Sync Domains","EntityName":"new_saptemplatesyncdomain","StartTime":"2024-07-29T21:51:33.1296295+00:00","EndTime":"2024-07-29T21:57:16.7826518+00:00","RefreshStatus":"Failed","ErrorInfo":{"EvaluationResult":null,"ErrorMessage":null,"ErrorCode":null,"LoadToCdsErrorInfo":[{"ErrorCode":"CdsUserError","ErrorMessage":"{\"message\":\"A record with the specified key values does not exist in crec7_saplistofvaluetest entity\",\"cdsErrorCode\":\"0x80060891\",\"HelpLink\":\"http://go.microsoft.com/fwlink/?LinkID=398563&amp;error=Microsoft.Crm.CrmException%3a80060891&amp;client=platform\",\"InnerErrorMessage\":\"A record with the specified key values does not exist in crec7_saplistofvaluetest entity\",\"cdsRequestId\":\"c2f133c1-c548-4f7d-b490-e255929d7540\",\"cdsRequestUtcTime\":\"7/29/2024 9:52:18 PM\"}","CdsErrorCode":"0x80060891","RecordId":"cb3784e1-7bea-4d89-8783-536b01d9fa8e","RequestUrl":"https://orgab125973.crm.dynamics.com/api/data/v9.1/crec7_saplistofvaluetests(crec7_domain=327720001,crec7_language=865420000,crec7_valuecode='0001')?$select=modifiedon,createdon{\r\n  \"crec7_displayvalue\": \"Materiallager\",\r\n  \"crec7_domain\": \"327720001\",\r\n  \"crec7_language\": \"865420000\",\r\n  \"crec7_valuecode\": \"0001\",\r\n  \"crec7_ParentValue@odata.bind\": \"/crec7_saplistofvaluetests(crec7_domain=865420003,crec7_language=865420000,crec7_valuecode='1410')\"\r\n}"},{"ErrorCode":"CdsUserError","ErrorMessage":"{\"message\":\"A record with the specified key values does not exist in crec7_saplistofvaluetest entity\",\"cdsErrorCode\":\"0x80060891\",\"HelpLink\":\"http://go.microsoft.com/fwlink/?LinkID=398563&amp;error=Microsoft.Crm.CrmException%3a80060891&amp;client=platform\",\"InnerErrorMessage\":\"A record with the specified key values does not exist in crec7_saplistofvaluetest entity\",\"cdsRequestId\":\"cad3bd43-20ab-45cc-a00f-c637f02aa945\",\"cdsRequestUtcTime\":\"7/29/2024 9:52:18 PM\"}","CdsErrorCode":"0x80060891","RecordId":"263b280f-b229-430c-88d1-c13a91bb68fc","RequestUrl":"https://orgab125973.crm.dynamics.com/api/data/v9.1/crec7_saplistofvaluetests(crec7_domain=327720001,crec7_language=865420000,crec7_valuecode='0002')?$select=modifiedon,createdon{\r\n  \"crec7_displayvalue\": \"Fertiwaren\",\r\n  \"crec7_domain\": \"327720001\",\r\n  \"crec7_language\": \"865420000\",\r\n  \"crec7_valuecode\": \"0002\",\r\n  \"crec7_ParentValue@odata.bind\": \"/crec7_saplistofvaluetests(crec7_domain=865420003,crec7_language=865420000,crec7_valuecode='1410')\"\r\n}"},{"ErrorCode":"CdsUserError","ErrorMessage":"{\"message\":\"A record with the specified key values does not exist in crec7_saplistofvaluetest entity\",\"cdsErrorCode\":\"0x80060891\",\"HelpLink\":\"http://go.microsoft.com/fwlink/?LinkID=398563&amp;error=Microsoft.Crm.CrmException%3a80060891&amp;client=platform\",\"InnerErrorMessage\":\"A record with the specified key values does not exist in crec7_saplistofvaluetest entity\",\"cdsRequestId\":\"c19996dd-13e2-432d-b5df-933c379747c9\",\"cdsRequestUtcTime\":\"7/29/2024 9:53:27 PM\"}","CdsErrorCode":"0x80060891","RecordId":"4537ece6-bb30-46d9-b517-ab277677af7c","RequestUrl":"https://orgab125973.crm.dynamics.com/api/data/v9.1/crec7_saplistofvaluetests(crec7_domain=327720001,crec7_language=865420000,crec7_valuecode='0004')?$select=modifiedon,createdon{\r\n  \"crec7_displayvalue\": \"finish good(wm)\",\r\n  \"crec7_domain\": \"327720001\",\r\n  \"crec7_language\": \"865420000\",\r\n  \"crec7_valuecode\": \"0004\",\r\n  \"crec7_ParentValue@odata.bind\": \"/crec7_saplistofvaluetests(crec7_domain=865420003,crec7_language=865420000,crec7_valuecode='6701')\"\r\n}"},{"ErrorCode":"CdsUserError","ErrorMessage":"{\"message\":\"A record with the specified key values does not exist in crec7_saplistofvaluetest entity\",\"cdsErrorCode\":\"0x80060891\",\"HelpLink\":\"http://go.microsoft.com/fwlink/?LinkID=398563&amp;error=Microsoft.Crm.CrmException%3a80060891&amp;client=platform\",\"InnerErrorMessage\":\"A record with the specified key values does not exist in crec7_saplistofvaluetest entity\",\"cdsRequestId\":\"2c7c5a69-3e7b-4e19-aaed-465ec72db716\",\"cdsRequestUtcTime\":\"7/29/2024 9:53:27 PM\"}","CdsErrorCode":"0x80060891","RecordId":"4d448505-0d0f-4e08-b80f-bab4287bbde3","RequestUrl":"https://orgab125973.crm.dynamics.com/api/data/v9.1/crec7_saplistofvaluetests(crec7_domain=327720001,crec7_language=865420000,crec7_valuecode='0005')?$select=modifiedon,createdon{\r\n  \"crec7_displayvalue\": \"raw Material(wm)\",\r\n  \"crec7_domain\": \"327720001\",\r\n  \"crec7_language\": \"865420000\",\r\n  \"crec7_valuecode\": \"0005\",\r\n  \"crec7_ParentValue@odata.bind\": \"/crec7_saplistofvaluetests(crec7_domain=865420003,crec7_language=865420000,crec7_valuecode='6701')\"\r\n}"},{"ErrorCode":"CdsUserError","ErrorMessage":"{\"message\":\"A record with the specified key values does not exist in crec7_saplistofvaluetest entity\",\"cdsErrorCode\":\"0x80060891\",\"HelpLink\":\"http://go.microsoft.com/fwlink/?LinkID=398563&amp;error=Microsoft.Crm.CrmException%3a80060891&amp;client=platform\",\"InnerErrorMessage\":\"A record with the specified key values does not exist in crec7_saplistofvaluetest entity\",\"cdsRequestId\":\"944e4cf8-0d6f-48c0-befc-9400839c60f5\",\"cdsRequestUtcTime\":\"7/29/2024 9:53:27 PM\"}","CdsErrorCode":"0x80060891","RecordId":"75bbfdbc-79a0-44ca-8908-8dce4492dcc8","RequestUrl":"https://orgab125973.crm.dynamics.com/api/data/v9.1/crec7_saplistofvaluetests(crec7_domain=327720001,crec7_language=865420000,crec7_valuecode='0088')?$select=modifiedon,createdon{\r\n  \"crec7_displayvalue\": \"Lager 0088 (WM)\",\r\n  \"crec7_domain\": \"327720001\",\r\n  \"crec7_language\": \"865420000\",\r\n  \"crec7_valuecode\": \"0088\",\r\n  \"crec7_ParentValue@odata.bind\": \"/crec7_saplistofvaluetests(crec7_domain=865420003,crec7_language=865420000,crec7_valuecode='6701')\"\r\n}"},{"ErrorCode":"CdsUserError","ErrorMessage":"{\"message\":\"A record with the specified key values does not exist in crec7_saplistofvaluetest entity\",\"cdsErrorCode\":\"0x80060891\",\"HelpLink\":\"http://go.microsoft.com/fwlink/?LinkID=398563&amp;error=Microsoft.Crm.CrmException%3a80060891&amp;client=platform\",\"InnerErrorMessage\":\"A record with the specified key values does not exist in crec7_saplistofvaluetest entity\",\"cdsRequestId\":\"2ca2f45a-fe7d-43d0-b4fc-f06355c6a1b2\",\"cdsRequestUtcTime\":\"7/29/2024 9:53:27 PM\"}","CdsErrorCode":"0x80060891","RecordId":"c0da2937-9c98-460a-a3be-972ecb1990f2","RequestUrl":"https://orgab125973.crm.dynamics.com/api/data/v9.1/crec7_saplistofvaluetests(crec7_domain=327720001,crec7_language=865420000,crec7_valuecode='0003')?$select=modifiedon,createdon{\r\n  \"crec7_displayvalue\": \"Raw Material(sto\",\r\n  \"crec7_domain\": \"327720001\",\r\n  \"crec7_language\": \"865420000\",\r\n  \"crec7_valuecode\": \"0003\",\r\n  \"crec7_ParentValue@odata.bind\": \"/crec7_saplistofvaluetests(crec7_domain=865420003,crec7_language=865420000,crec7_valuecode='6701')\"\r\n}"},{"ErrorCode":"CdsUserError","ErrorMessage":"{\"message\":\"A record with the specified key values does not exist in crec7_saplistofvaluetest entity\",\"cdsErrorCode\":\"0x80060891\",\"HelpLink\":\"http://go.microsoft.com/fwlink/?LinkID=398563&amp;error=Microsoft.Crm.CrmException%3a80060891&amp;client=platform\",\"InnerErrorMessage\":\"A record with the specified key values does not exist in crec7_saplistofvaluetest entity\",\"cdsRequestId\":\"bb6a8689-3fc1-44b8-9d19-27498569a00c\",\"cdsRequestUtcTime\":\"7/29/2024 9:53:27 PM\"}","CdsErrorCode":"0x80060891","RecordId":"cdf19879-3ad3-4984-b703-cf28cba72c31","RequestUrl":"https://orgab125973.crm.dynamics.com/api/data/v9.1/crec7_saplistofvaluetests(crec7_domain=327720001,crec7_language=865420000,crec7_valuecode='0002')?$select=modifiedon,createdon{\r\n  \"crec7_displayvalue\": \"Finish good(sto)\",\r\n  \"crec7_domain\": \"327720001\",\r\n  \"crec7_language\": \"865420000\",\r\n  \"crec7_valuecode\": \"0002\",\r\n  \"crec7_ParentValue@odata.bind\": \"/crec7_saplistofvaluetests(crec7_domain=865420003,crec7_language=865420000,crec7_valuecode='6701')\"\r\n}"},{"ErrorCode":"CdsUserError","ErrorMessage":"{\"message\":\"A record with the specified key values does not exist in crec7_saplistofvaluetest entity\",\"cdsErrorCode\":\"0x80060891\",\"HelpLink\":\"http://go.microsoft.com/fwlink/?LinkID=398563&amp;error=Microsoft.Crm.CrmException%3a80060891&amp;client=platform\",\"InnerErrorMessage\":\"A record with the specified key values does not exist in crec7_saplistofvaluetest entity\",\"cdsRequestId\":\"2bf1456b-32d2-487d-a9ed-93f6c07befce\",\"cdsRequestUtcTime\":\"7/29/2024 9:53:27 PM\"}","CdsErrorCode":"0x80060891","RecordId":"71036950-9306-469f-8d31-d9dff20d07e0","RequestUrl":"https://orgab125973.crm.dynamics.com/api/data/v9.1/crec7_saplistofvaluetests(crec7_domain=327720001,crec7_language=865420000,crec7_valuecode='0001')?$select=modifiedon,createdon{\r\n  \"crec7_displayvalue\": \"central store\",\r\n  \"crec7_domain\": \"327720001\",\r\n  \"crec7_language\": \"865420000\",\r\n  \"crec7_valuecode\": \"0001\",\r\n  \"crec7_ParentValue@odata.bind\": \"/crec7_saplistofvaluetests(crec7_domain=865420003,crec7_language=865420000,crec7_valuecode='6701')\"\r\n}"},{"ErrorCode":"CdsUserError","ErrorMessage":"{\"message\":\"A record with the specified key values does not exist in crec7_saplistofvaluetest entity\",\"cdsErrorCode\":\"0x80060891\",\"HelpLink\":\"http://go.microsoft.com/fwlink/?LinkID=398563&amp;error=Microsoft.Crm.CrmException%3a80060891&amp;client=platform\",\"InnerErrorMessage\":\"A record with the specified key values does not exist in crec7_saplistofvaluetest entity\",\"cdsRequestId\":\"a551b58c-a7d2-46fe-b6e3-13fbb8924cd5\",\"cdsRequestUtcTime\":\"7/29/2024 9:53:56 PM\"}","CdsErrorCode":"0x80060891","RecordId":"dbe218b1-47db-4884-9440-dd71206703be","RequestUrl":"https://orgab125973.crm.dynamics.com/api/data/v9.1/crec7_saplistofvaluetests(crec7_domain=327720001,crec7_language=865420000,crec7_valuecode='0001')?$select=modifiedon,createdon{\r\n  \"crec7_displayvalue\": \"Lean WM SL\",\r\n  \"crec7_domain\": \"327720001\",\r\n  \"crec7_language\": \"865420000\",\r\n  \"crec7_valuecode\": \"0001\",\r\n  \"crec7_ParentValue@odata.bind\": \"/crec7_saplistofvaluetests(crec7_domain=865420003,crec7_language=865420000,crec7_valuecode='9999')\"\r\n}"},{"ErrorCode":"CdsUserError","ErrorMessage":"{\"message\":\"A record with the specified key values does not exist in crec7_saplistofvaluetest entity\",\"cdsErrorCode\":\"0x80060891\",\"HelpLink\":\"http://go.microsoft.com/fwlink/?LinkID=398563&amp;error=Microsoft.Crm.CrmException%3a80060891&amp;client=platform\",\"InnerErrorMessage\":\"A record with the specified key values does not exist in crec7_saplistofvaluetest entity\",\"cdsRequestId\":\"1b4cce8e-49cb-48cb-9810-5beefe4e2f3b\",\"cdsRequestUtcTime\":\"7/29/2024 9:53:56 PM\"}","CdsErrorCode":"0x80060891","RecordId":"23d176b2-4f01-4e71-95af-f01d47d899c9","RequestUrl":"https://orgab125973.crm.dynamics.com/api/data/v9.1/crec7_saplistofvaluetests(crec7_domain=327720001,crec7_language=865420000,crec7_valuecode='0004')?$select=modifiedon,createdon{\r\n  \"crec7_displayvalue\": \"FT Storage Loc.\",\r\n  \"crec7_domain\": \"327720001\",\r\n  \"crec7_language\": \"865420000\",\r\n  \"crec7_valuecode\": \"0004\",\r\n  \"crec7_ParentValue@odata.bind\": \"/crec7_saplistofvaluetests(crec7_domain=865420003,crec7_language=865420000,crec7_valuecode='9999')\"\r\n}"},{"ErrorCode":"CdsUserError","ErrorMessage":"{\"message\":\"A record with the specified key values does not exist in crec7_saplistofvaluetest entity\",\"cdsErrorCode\":\"0x80060891\",\"HelpLink\":\"http://go.microsoft.com/fwlink/?LinkID=398563&amp;error=Microsoft.Crm.CrmException%3a80060891&amp;client=platform\",\"InnerErrorMessage\":\"A record with the specified key values does not exist in crec7_saplistofvaluetest entity\",\"cdsRequestId\":\"10a40e14-5cd6-4f2b-b884-4a0286b4bac9\",\"cdsRequestUtcTime\":\"7/29/2024 9:53:56 PM\"}","CdsErrorCode":"0x80060891","RecordId":"ecc438a7-5451-446a-831a-31fcc1c7d96f","RequestUrl":"https://orgab125973.crm.dynamics.com/api/data/v9.1/crec7_saplistofvaluetests(crec7_domain=327720001,crec7_language=865420000,crec7_valuecode='0002')?$select=modifiedon,createdon{\r\n  \"crec7_displayvalue\": \"MM Storage Loc.\",\r\n  \"crec7_domain\": \"327720001\",\r\n  \"crec7_language\": \"865420000\",\r\n  \"crec7_valuecode\": \"0002\",\r\n  \"crec7_ParentValue@odata.bind\": \"/crec7_saplistofvaluetests(crec7_domain=865420003,crec7_language=865420000,crec7_valuecode='9999')\"\r\n}"},{"ErrorCode":"CdsUserError","ErrorMessage":"{\"message\":\"A record with the specified key values does not exist in crec7_saplistofvaluetest entity\",\"cdsErrorCode\":\"0x80060891\",\"HelpLink\":\"http://go.microsoft.com/fwlink/?LinkID=398563&amp;error=Microsoft.Crm.CrmException%3a80060891&amp;client=platform\",\"InnerErrorMessage\":\"A record with the specified key values does not exist in crec7_saplistofvaluetest entity\",\"cdsRequestId\":\"1d4d9699-c825-4aa8-9c40-e0ff52d80eea\",\"cdsRequestUtcTime\":\"7/29/2024 9:53:57 PM\"}","CdsErrorCode":"0x80060891","RecordId":"82a4899d-5a5b-4787-b405-cc8b0cdef718","RequestUrl":"https://orgab125973.crm.dynamics.com/api/data/v9.1/crec7_saplistofvaluetests(crec7_domain=327720001,crec7_language=865420000,crec7_valuecode='0003')?$select=modifiedon,createdon{\r\n  \"crec7_displayvalue\": \"CD Storage Loc.\",\r\n  \"crec7_domain\": \"327720001\",\r\n  \"crec7_language\": \"865420000\",\r\n  \"crec7_valuecode\": \"0003\",\r\n  \"crec7_ParentValue@odata.bind\": \"/crec7_saplistofvaluetests(crec7_domain=865420003,crec7_language=865420000,crec7_valuecode='9999')\"\r\n}"},{"ErrorCode":"CdsUserError","ErrorMessage":"{\"message\":\"A record with the specified key values does not exist in crec7_saplistofvaluetest entity\",\"cdsErrorCode\":\"0x80060891\",\"HelpLink\":\"http://go.microsoft.com/fwlink/?LinkID=398563&amp;error=Microsoft.Crm.CrmException%3a80060891&amp;client=platform\",\"InnerErrorMessage\":\"A record with the specified key values does not exist in crec7_saplistofvaluetest entity\",\"cdsRequestId\":\"e8429840-9f56-4ede-ae6b-65c1ef99dd54\",\"cdsRequestUtcTime\":\"7/29/2024 9:54:10 PM\"}","CdsErrorCode":"0x80060891","RecordId":"917b7451-0627-461e-891b-bac0d520d474","RequestUrl":"https://orgab125973.crm.dynamics.com/api/data/v9.1/crec7_saplistofvaluetests(crec7_domain=327720001,crec7_language=865420000,crec7_valuecode='0001')?$select=modifiedon,createdon{\r\n  \"crec7_displayvalue\": \"Depósito Central\",\r\n  \"crec7_domain\": \"327720001\",\r\n  \"crec7_language\": \"865420000\",\r\n  \"crec7_valuecode\": \"0001\",\r\n  \"crec7_ParentValue@odata.bind\": \"/crec7_saplistofvaluetests(crec7_domain=865420003,crec7_language=865420000,crec7_valuecode='BH01')\"\r\n}"},{"ErrorCode":"CdsUserError","ErrorMessage":"{\"message\":\"A record with the specified key values does not exist in crec7_saplistofvaluetest entity\",\"cdsErrorCode\":\"0x80060891\",\"HelpLink\":\"http://go.microsoft.com/fwlink/?LinkID=398563&amp;error=Microsoft.Crm.CrmException%3a80060891&amp;client=platform\",\"InnerErrorMessage\":\"A record with the specified key values does not exist in crec7_saplistofvaluetest entity\",\"cdsRequestId\":\"23137bd2-56fd-44c8-bd6d-925c2d959b3d\",\"cdsRequestUtcTime\":\"7/29/2024 9:55:59 PM\"}","CdsErrorCode":"0x80060891","RecordId":"54c3b386-adda-424a-92b5-12c706c9fceb","RequestUrl":"https://orgab125973.crm.dynamics.com/api/data/v9.1/crec7_saplistofvaluetests(crec7_domain=327720001,crec7_language=865420000,crec7_valuecode='REST')?$select=modifiedon,createdon{\r\n  \"crec7_displayvalue\": \"Rest\",\r\n  \"crec7_domain\": \"327720001\",\r\n  \"crec7_language\": \"865420000\",\r\n  \"crec7_valuecode\": \"REST\",\r\n  \"crec7_ParentValue@odata.bind\": \"/crec7_saplistofvaluetests(crec7_domain=865420003,crec7_language=865420000,crec7_valuecode='REST')\"\r\n}"},{"ErrorCode":"CdsUserError","ErrorMessage":"{\"message\":\"A record with the specified key values does not exist in crec7_saplistofvaluetest entity\",\"cdsErrorCode\":\"0x80060891\",\"HelpLink\":\"http://go.microsoft.com/fwlink/?LinkID=398563&amp;error=Microsoft.Crm.CrmException%3a80060891&amp;client=platform\",\"InnerErrorMessage\":\"A record with the specified key values does not exist in crec7_saplistofvaluetest entity\",\"cdsRequestId\":\"d78fc0a0-f210-49b6-8efd-afbdb00e6899\",\"cdsRequestUtcTime\":\"7/29/2024 9:55:59 PM\"}","CdsErrorCode":"0x80060891","RecordId":"5547d66d-5f0c-40c8-88a6-e265ddc888be","RequestUrl":"https://orgab125973.crm.dynamics.com/api/data/v9.1/crec7_saplistofvaluetests(crec7_domain=327720001,crec7_language=865420000,crec7_valuecode='0001')?$select=modifiedon,createdon{\r\n  \"crec7_displayvalue\": \"Depósito Central\",\r\n  \"crec7_domain\": \"327720001\",\r\n  \"crec7_language\": \"865420000\",\r\n  \"crec7_valuecode\": \"0001\",\r\n  \"crec7_ParentValue@odata.bind\": \"/crec7_saplistofvaluetests(crec7_domain=865420003,crec7_language=865420000,crec7_valuecode='RJ01')\"\r\n}"},{"ErrorCode":"CdsUserError","ErrorMessage":"{\"message\":\"A record with the specified key values does not exist in crec7_saplistofvaluetest entity\",\"cdsErrorCode\":\"0x80060891\",\"HelpLink\":\"http://go.microsoft.com/fwlink/?LinkID=398563&amp;error=Microsoft.Crm.CrmException%3a80060891&amp;client=platform\",\"InnerErrorMessage\":\"A record with the specified key values does not exist in crec7_saplistofvaluetest entity\",\"cdsRequestId\":\"9077eb71-2faf-49b5-8ca7-d7944ca9e08f\",\"cdsRequestUtcTime\":\"7/29/2024 9:56:52 PM\"}","CdsErrorCode":"0x80060891","RecordId":"b0a3ce94-f5e7-46cc-ab80-0010337b21b5","RequestUrl":"https://orgab125973.crm.dynamics.com/api/data/v9.1/crec7_saplistofvaluetests(crec7_domain=327720001,crec7_language=865420000,crec7_valuecode='0001')?$select=modifiedon,createdon{\r\n  \"crec7_displayvalue\": \"Depósito Central\",\r\n  \"crec7_domain\": \"327720001\",\r\n  \"crec7_language\": \"865420000\",\r\n  \"crec7_valuecode\": \"0001\",\r\n  \"crec7_ParentValue@odata.bind\": \"/crec7_saplistofvaluetests(crec7_domain=865420003,crec7_language=865420000,crec7_valuecode='SP02')\"\r\n}"},{"ErrorCode":"CdsUserError","ErrorMessage":"{\"message\":\"A record with the specified key values does not exist in crec7_saplistofvaluetest entity\",\"cdsErrorCode\":\"0x80060891\",\"HelpLink\":\"http://go.microsoft.com/fwlink/?LinkID=398563&amp;error=Microsoft.Crm.CrmException%3a80060891&amp;client=platform\",\"InnerErrorMessage\":\"A record with the specified key values does not exist in crec7_saplistofvaluetest entity\",\"cdsRequestId\":\"731a8938-b491-4c06-b1f5-abcd1ccbc062\",\"cdsRequestUtcTime\":\"7/29/2024 9:56:52 PM\"}","CdsErrorCode":"0x80060891","RecordId":"c98d2f6b-171e-4b93-8e3f-bbdee3c5c4f8","RequestUrl":"https://orgab125973.crm.dynamics.com/api/data/v9.1/crec7_saplistofvaluetests(crec7_domain=327720001,crec7_language=865420000,crec7_valuecode='0001')?$select=modifiedon,createdon{\r\n  \"crec7_displayvalue\": \"Depósito Central\",\r\n  \"crec7_domain\": \"327720001\",\r\n  \"crec7_language\": \"865420000\",\r\n  \"crec7_valuecode\": \"0001\",\r\n  \"crec7_ParentValue@odata.bind\": \"/crec7_saplistofvaluetests(crec7_domain=865420003,crec7_language=865420000,crec7_valuecode='SP01')\"\r\n}"},{"ErrorCode":"CdsUserError","ErrorMessage":"{\"message\":\"A record with the specified key values does not exist in crec7_saplistofvaluetest entity\",\"cdsErrorCode\":\"0x80060891\",\"HelpLink\":\"http://go.microsoft.com/fwlink/?LinkID=398563&amp;error=Microsoft.Crm.CrmException%3a80060891&amp;client=platform\",\"InnerErrorMessage\":\"A record with the specified key values does not exist in crec7_saplistofvaluetest entity\",\"cdsRequestId\":\"9754790d-30c2-41f8-a7aa-9d4794cd7944\",\"cdsRequestUtcTime\":\"7/29/2024 9:56:53 PM\"}","CdsErrorCode":"0x80060891","RecordId":"bf96d51f-96d4-418f-803a-905d4b7a8ace","RequestUrl":"https://orgab125973.crm.dynamics.com/api/data/v9.1/crec7_saplistofvaluetests(crec7_domain=327720001,crec7_language=865420000,crec7_valuecode='0001')?$select=modifiedon,createdon{\r\n  \"crec7_displayvalue\": \"Depósito Central\",\r\n  \"crec7_domain\": \"327720001\",\r\n  \"crec7_language\": \"865420000\",\r\n  \"crec7_valuecode\": \"0001\",\r\n  \"crec7_ParentValue@odata.bind\": \"/crec7_saplistofvaluetests(crec7_domain=865420003,crec7_language=865420000,crec7_valuecode='SP03')\"\r\n}"},{"ErrorCode":"CdsUserError","ErrorMessage":"{\"message\":\"A record with the specified key values does not exist in crec7_saplistofvaluetest entity\",\"cdsErrorCode\":\"0x80060891\",\"HelpLink\":\"http://go.microsoft.com/fwlink/?LinkID=398563&amp;error=Microsoft.Crm.CrmException%3a80060891&amp;client=platform\",\"InnerErrorMessage\":\"A record with the specified key values does not exist in crec7_saplistofvaluetest entity\",\"cdsRequestId\":\"d8118767-0afc-484d-ab51-82a8d1bdfbd4\",\"cdsRequestUtcTime\":\"7/29/2024 9:57:09 PM\"}","CdsErrorCode":"0x80060891","RecordId":"2f1ea77b-5289-48b5-9796-7357328b2cde","RequestUrl":"https://orgab125973.crm.dynamics.com/api/data/v9.1/crec7_saplistofvaluetests(crec7_domain=865420013,crec7_language=865420000,crec7_valuecode='T')?$select=modifiedon,createdon{\r\n  \"crec7_displayvalue\": \"Bank transfer-ACH format TEST!\",\r\n  \"crec7_domain\": \"865420013\",\r\n  \"crec7_language\": \"865420000\",\r\n  \"crec7_valuecode\": \"T\",\r\n  \"crec7_ParentValue@odata.bind\": \"/crec7_saplistofvaluetests(crec7_domain=865420000,crec7_language=865420000,crec7_valuecode='USA')\"\r\n}"},{"ErrorCode":"CdsUserError","ErrorMessage":"{\"message\":\"A record with the specified key values does not exist in crec7_saplistofvaluetest entity\",\"cdsErrorCode\":\"0x80060891\",\"HelpLink\":\"http://go.microsoft.com/fwlink/?LinkID=398563&amp;error=Microsoft.Crm.CrmException%3a80060891&amp;client=platform\",\"InnerErrorMessage\":\"A record with the specified key values does not exist in crec7_saplistofvaluetest entity\",\"cdsRequestId\":\"73c23e36-2e94-47bc-8f1f-5c4cf45c74db\",\"cdsRequestUtcTime\":\"7/29/2024 9:57:09 PM\"}","CdsErrorCode":"0x80060891","RecordId":"692c415c-aa9e-456c-b261-b223a939a97a","RequestUrl":"https://orgab125973.crm.dynamics.com/api/data/v9.1/crec7_saplistofvaluetests(crec7_domain=865420013,crec7_language=865420000,crec7_valuecode='D')?$select=modifiedon,createdon{\r\n  \"crec7_displayvalue\": \"Direct debiting ACH format\",\r\n  \"crec7_domain\": \"865420013\",\r\n  \"crec7_language\": \"865420000\",\r\n  \"crec7_valuecode\": \"D\",\r\n  \"crec7_ParentValue@odata.bind\": \"/crec7_saplistofvaluetests(crec7_domain=865420000,crec7_language=865420000,crec7_valuecode='USA')\"\r\n}"},{"ErrorCode":"CdsUserError","ErrorMessage":"{\"message\":\"A record with the specified key values does not exist in crec7_saplistofvaluetest entity\",\"cdsErrorCode\":\"0x80060891\",\"HelpLink\":\"http://go.microsoft.com/fwlink/?LinkID=398563&amp;error=Microsoft.Crm.CrmException%3a80060891&amp;client=platform\",\"InnerErrorMessage\":\"A record with the specified key values does not exist in crec7_saplistofvaluetest entity\",\"cdsRequestId\":\"e05cf170-dbfe-47bb-b49b-bc9a88fd60f6\",\"cdsRequestUtcTime\":\"7/29/2024 9:57:15 PM\"}","CdsErrorCode":"0x80060891","RecordId":"83ee5d2d-4aed-437c-9fd8-b3f21d021c80","RequestUrl":"https://orgab125973.crm.dynamics.com/api/data/v9.1/crec7_saplistofvaluetests(crec7_domain=327720001,crec7_language=865420000,crec7_valuecode='0001')?$select=modifiedon,createdon{\r\n  \"crec7_displayvalue\": \"Depósito Central\",\r\n  \"crec7_domain\": \"327720001\",\r\n  \"crec7_language\": \"865420000\",\r\n  \"crec7_valuecode\": \"0001\",\r\n  \"crec7_ParentValue@odata.bind\": \"/crec7_saplistofvaluetests(crec7_domain=865420003,crec7_language=865420000,crec7_valuecode='ZF01')\"\r\n}"},{"ErrorCode":"CdsUserError","ErrorMessage":"{\"message\":\"A record with the specified key values does not exist in crec7_saplistofvaluetest entity\",\"cdsErrorCode\":\"0x80060891\",\"HelpLink\":\"http://go.microsoft.com/fwlink/?LinkID=398563&amp;error=Microsoft.Crm.CrmException%3a80060891&amp;client=platform\",\"InnerErrorMessage\":\"A record with the specified key values does not exist in crec7_saplistofvaluetest entity\",\"cdsRequestId\":\"4adc9620-9f1f-43d8-bead-dab99068ffa2\",\"cdsRequestUtcTime\":\"7/29/2024 9:57:15 PM\"}","CdsErrorCode":"0x80060891","RecordId":"0ac8fee1-a2c6-43e4-b5eb-f48b2641b2fe","RequestUrl":"https://orgab125973.crm.dynamics.com/api/data/v9.1/crec7_saplistofvaluetests(crec7_domain=327720001,crec7_language=865420000,crec7_valuecode='IN47')?$select=modifiedon,createdon{\r\n  \"crec7_displayvalue\": \"Heavy material\",\r\n  \"crec7_domain\": \"327720001\",\r\n  \"crec7_language\": \"865420000\",\r\n  \"crec7_valuecode\": \"IN47\",\r\n  \"crec7_ParentValue@odata.bind\": \"/crec7_saplistofvaluetests(crec7_domain=865420003,crec7_language=865420000,crec7_valuecode='ZIN1')\"\r\n}"},{"ErrorCode":"CdsUserError","ErrorMessage":"{\"message\":\"A record with the specified key values does not exist in crec7_saplistofvaluetest entity\",\"cdsErrorCode\":\"0x80060891\",\"HelpLink\":\"http://go.microsoft.com/fwlink/?LinkID=398563&amp;error=Microsoft.Crm.CrmException%3a80060891&amp;client=platform\",\"InnerErrorMessage\":\"A record with the specified key values does not exist in crec7_saplistofvaluetest entity\",\"cdsRequestId\":\"abf35db4-88e4-42d7-9e3a-a99463e0d284\",\"cdsRequestUtcTime\":\"7/29/2024 9:57:15 PM\"}","CdsErrorCode":"0x80060891","RecordId":"55270d35-a443-43fc-97fb-5f9309c98e7c","RequestUrl":"https://orgab125973.crm.dynamics.com/api/data/v9.1/crec7_saplistofvaluetests(crec7_domain=327720001,crec7_language=865420000,crec7_valuecode='0005')?$select=modifiedon,createdon{\r\n  \"crec7_displayvalue\": \"Scrap\",\r\n  \"crec7_domain\": \"327720001\",\r\n  \"crec7_language\": \"865420000\",\r\n  \"crec7_valuecode\": \"0005\",\r\n  \"crec7_ParentValue@odata.bind\": \"/crec7_saplistofvaluetests(crec7_domain=865420003,crec7_language=865420000,crec7_valuecode='ZIN1')\"\r\n}"},{"ErrorCode":"CdsUserError","ErrorMessage":"{\"message\":\"A record with the specified key values does not exist in crec7_saplistofvaluetest entity\",\"cdsErrorCode\":\"0x80060891\",\"HelpLink\":\"http://go.microsoft.com/fwlink/?LinkID=398563&amp;error=Microsoft.Crm.CrmException%3a80060891&amp;client=platform\",\"InnerErrorMessage\":\"A record with the specified key values does not exist in crec7_saplistofvaluetest entity\",\"cdsRequestId\":\"69098f8a-25b6-4291-963a-b4b95de2261c\",\"cdsRequestUtcTime\":\"7/29/2024 9:57:15 PM\"}","CdsErrorCode":"0x80060891","RecordId":"714de44b-e592-4e6d-9f80-b5eefb487df1","RequestUrl":"https://orgab125973.crm.dynamics.com/api/data/v9.1/crec7_saplistofvaluetests(crec7_domain=327720001,crec7_language=865420000,crec7_valuecode='0006')?$select=modifiedon,createdon{\r\n  \"crec7_displayvalue\": \"Reprocess\",\r\n  \"crec7_domain\": \"327720001\",\r\n  \"crec7_language\": \"865420000\",\r\n  \"crec7_valuecode\": \"0006\",\r\n  \"crec7_ParentValue@odata.bind\": \"/crec7_saplistofvaluetests(crec7_domain=865420003,crec7_language=865420000,crec7_valuecode='ZIN1')\"\r\n}"},{"ErrorCode":"CdsUserError","ErrorMessage":"{\"message\":\"A record with the specified key values does not exist in crec7_saplistofvaluetest entity\",\"cdsErrorCode\":\"0x80060891\",\"HelpLink\":\"http://go.microsoft.com/fwlink/?LinkID=398563&amp;error=Microsoft.Crm.CrmException%3a80060891&amp;client=platform\",\"InnerErrorMessage\":\"A record with the specified key values does not exist in crec7_saplistofvaluetest entity\",\"cdsRequestId\":\"8f2b1a70-ab12-4ecf-8861-0aed8747908b\",\"cdsRequestUtcTime\":\"7/29/2024 9:57:15 PM\"}","CdsErrorCode":"0x80060891","RecordId":"a5b7bda8-3d96-4621-b83d-57c227dd6073","RequestUrl":"https://orgab125973.crm.dynamics.com/api/data/v9.1/crec7_saplistofvaluetests(crec7_domain=327720001,crec7_language=865420000,crec7_valuecode='0001')?$select=modifiedon,createdon{\r\n  \"crec7_displayvalue\": \"RM Storage\",\r\n  \"crec7_domain\": \"327720001\",\r\n  \"crec7_language\": \"865420000\",\r\n  \"crec7_valuecode\": \"0001\",\r\n  \"crec7_ParentValue@odata.bind\": \"/crec7_saplistofvaluetests(crec7_domain=865420003,crec7_language=865420000,crec7_valuecode='ZIN1')\"\r\n}"}]},"ExceptionInfo":null,"Warnings":[],"ErrorCount":28,"UpsertCount":6692,"PartitionsRefreshHistory":[{"Name":"new_saptemplatesyncdomain.csv","StartTime":"2024-07-29T21:51:33.1452594+00:00","EndTime":"2024-07-29T21:51:40.8178465+00:00","LastUpdateTime":"2024-07-29T21:51:40.8178465+00:00","RefreshStatus":"Success","ComputeEngines":[],"DataSourceStatistics":[{"DataSourceType":"CommonDataService","BytesRead":0,"BytesWritten":0,"RowsRead":4,"RowsWritten":0},{"DataSourceType":"AzureDataLakeStorage","BytesRead":0,"BytesWritten":507470,"RowsRead":0,"RowsWritten":0}],"ErrorInfo":null,"Warnings":[],"ExceptionInfo":null}],"InsertCount":1313}],"ActionsRefreshHistory":[],"ModelSnapshotPath":null},{"DataflowId":"5a5ef926-c8a6-4834-96e2-4deca206f373","TransactionId":"655384ba-a90f-41c8-86f1-748a00137b5c","DataflowName":"SAP Sync Domains","RequestId":"e8a740e0-1e50-487d-8e97-ab3d4bfee618","SessionId":null,"StartTime":"2024-07-30T00:18:15.1151155+00:00","EndTime":"2024-07-30T00:20:09.1778527+00:00","RefreshType":"RefreshTypeOneTime","RefreshStatus":"Success","ErrorInfo":null,"EntitiesRefreshHistory":[{"DataflowId":"5a5ef926-c8a6-4834-96e2-4deca206f373","DataflowName":"SAP Sync Domains","EntityName":"new_saptemplatesyncdomain","StartTime":"2024-07-30T00:18:26.2760664+00:00","EndTime":"2024-07-30T00:20:00.0015165+00:00","RefreshStatus":"Success","ErrorInfo":null,"ExceptionInfo":null,"Warnings":[],"ErrorCount":0,"UpsertCount":2041,"PartitionsRefreshHistory":[{"Name":"new_saptemplatesyncdomain.csv","StartTime":"2024-07-30T00:18:26.3229419+00:00","EndTime":"2024-07-30T00:18:33.4636591+00:00","LastUpdateTime":"2024-07-30T00:18:33.4636591+00:00","RefreshStatus":"Success","ComputeEngines":[],"DataSourceStatistics":[{"DataSourceType":"CommonDataService","BytesRead":0,"BytesWritten":0,"RowsRead":14,"RowsWritten":0},{"DataSourceType":"AzureDataLakeStorage","BytesRead":0,"BytesWritten":88051,"RowsRead":0,"RowsWritten":0}],"ErrorInfo":null,"Warnings":[],"ExceptionInfo":null}],"InsertCount":0}],"ActionsRefreshHistory":[],"ModelSnapshotPath":""},{"DataflowId":"5a5ef926-c8a6-4834-96e2-4deca206f373","TransactionId":"4c70c65f-3522-4755-a4c2-fdcde8524649","DataflowName":"SAP Sync Domains","RequestId":"25146f6e-dad2-4c87-8b80-4eb3c0e3b2b5","SessionId":null,"StartTime":"2024-07-30T00:20:38.4685172+00:00","EndTime":"2024-07-30T00:27:15.7561368+00:00","RefreshType":"RefreshTypeOneTime","RefreshStatus":"Failed","ErrorInfo":{"ErrorCode":"LoadToCdsFailed","ErrorMessage":null},"EntitiesRefreshHistory":[{"DataflowId":"5a5ef926-c8a6-4834-96e2-4deca206f373","DataflowName":"SAP Sync Domains","EntityName":"new_saptemplatesyncdomain","StartTime":"2024-07-30T00:20:48.7126384+00:00","EndTime":"2024-07-30T00:27:09.6759327+00:00","RefreshStatus":"Failed","ErrorInfo":{"EvaluationResult":null,"ErrorMessage":null,"ErrorCode":null,"LoadToCdsErrorInfo":[{"ErrorCode":"CdsUserError","ErrorMessage":"{\"message\":\"A record with the specified key values does not exist in crec7_saplistofvaluetest entity\",\"cdsErrorCode\":\"0x80060891\",\"HelpLink\":\"http://go.microsoft.com/fwlink/?LinkID=398563&amp;error=Microsoft.Crm.CrmException%3a80060891&amp;client=platform\",\"InnerErrorMessage\":\"A record with the specified key values does not exist in crec7_saplistofvaluetest entity\",\"cdsRequestId\":\"3f8942f1-766d-4419-b39d-83fe6c3c1c8e\",\"cdsRequestUtcTime\":\"7/30/2024 12:21:37 AM\"}","CdsErrorCode":"0x80060891","RecordId":"65f15bd1-4c0c-4899-a1e7-4970018a8970","RequestUrl":"https://orgab125973.crm.dynamics.com/api/data/v9.1/crec7_saplistofvaluetests(crec7_domain=327720001,crec7_language=865420000,crec7_valuecode='0002')?$select=modifiedon,createdon{\r\n  \"crec7_displayvalue\": \"Fertiwaren\",\r\n  \"crec7_domain\": \"327720001\",\r\n  \"crec7_language\": \"865420000\",\r\n  \"crec7_valuecode\": \"0002\",\r\n  \"crec7_ParentValue@odata.bind\": \"/crec7_saplistofvaluetests(crec7_domain=865420003,crec7_language=865420000,crec7_valuecode='1410')\"\r\n}"},{"ErrorCode":"CdsUserError","ErrorMessage":"{\"message\":\"A record with the specified key values does not exist in crec7_saplistofvaluetest entity\",\"cdsErrorCode\":\"0x80060891\",\"HelpLink\":\"http://go.microsoft.com/fwlink/?LinkID=398563&amp;error=Microsoft.Crm.CrmException%3a80060891&amp;client=platform\",\"InnerErrorMessage\":\"A record with the specified key values does not exist in crec7_saplistofvaluetest entity\",\"cdsRequestId\":\"001b3700-800d-4ff4-a081-3adac80b2bb1\",\"cdsRequestUtcTime\":\"7/30/2024 12:21:37 AM\"}","CdsErrorCode":"0x80060891","RecordId":"3ab7ec20-997c-4b73-800c-db4f744189e8","RequestUrl":"https://orgab125973.crm.dynamics.com/api/data/v9.1/crec7_saplistofvaluetests(crec7_domain=327720001,crec7_language=865420000,crec7_valuecode='0001')?$select=modifiedon,createdon{\r\n  \"crec7_displayvalue\": \"Materiallager\",\r\n  \"crec7_domain\": \"327720001\",\r\n  \"crec7_language\": \"865420000\",\r\n  \"crec7_valuecode\": \"0001\",\r\n  \"crec7_ParentValue@odata.bind\": \"/crec7_saplistofvaluetests(crec7_domain=865420003,crec7_language=865420000,crec7_valuecode='1410')\"\r\n}"},{"ErrorCode":"CdsUserError","ErrorMessage":"{\"message\":\"A record with the specified key values does not exist in crec7_saplistofvaluetest entity\",\"cdsErrorCode\":\"0x80060891\",\"HelpLink\":\"http://go.microsoft.com/fwlink/?LinkID=398563&amp;error=Microsoft.Crm.CrmException%3a80060891&amp;client=platform\",\"InnerErrorMessage\":\"A record with the specified key values does not exist in crec7_saplistofvaluetest entity\",\"cdsRequestId\":\"9345ea87-93f0-4d2e-bbe0-566c471111a5\",\"cdsRequestUtcTime\":\"7/30/2024 12:22:57 AM\"}","CdsErrorCode":"0x80060891","RecordId":"f1d64b88-08ea-44c6-9685-d31392431da9","RequestUrl":"https://orgab125973.crm.dynamics.com/api/data/v9.1/crec7_saplistofvaluetests(crec7_domain=327720001,crec7_language=865420000,crec7_valuecode='0005')?$select=modifiedon,createdon{\r\n  \"crec7_displayvalue\": \"raw Material(wm)\",\r\n  \"crec7_domain\": \"327720001\",\r\n  \"crec7_language\": \"865420000\",\r\n  \"crec7_valuecode\": \"0005\",\r\n  \"crec7_ParentValue@odata.bind\": \"/crec7_saplistofvaluetests(crec7_domain=865420003,crec7_language=865420000,crec7_valuecode='6701')\"\r\n}"},{"ErrorCode":"CdsUserError","ErrorMessage":"{\"message\":\"A record with the specified key values does not exist in crec7_saplistofvaluetest entity\",\"cdsErrorCode\":\"0x80060891\",\"HelpLink\":\"http://go.microsoft.com/fwlink/?LinkID=398563&amp;error=Microsoft.Crm.CrmException%3a80060891&amp;client=platform\",\"InnerErrorMessage\":\"A record with the specified key values does not exist in crec7_saplistofvaluetest entity\",\"cdsRequestId\":\"a92f3ff5-f14c-40d6-8dc8-f2ed138fea28\",\"cdsRequestUtcTime\":\"7/30/2024 12:22:57 AM\"}","CdsErrorCode":"0x80060891","RecordId":"fcdaddb7-175d-4f26-a743-be336b8d485a","RequestUrl":"https://orgab125973.crm.dynamics.com/api/data/v9.1/crec7_saplistofvaluetests(crec7_domain=327720001,crec7_language=865420000,crec7_valuecode='0004')?$select=modifiedon,createdon{\r\n  \"crec7_displayvalue\": \"finish good(wm)\",\r\n  \"crec7_domain\": \"327720001\",\r\n  \"crec7_language\": \"865420000\",\r\n  \"crec7_valuecode\": \"0004\",\r\n  \"crec7_ParentValue@odata.bind\": \"/crec7_saplistofvaluetests(crec7_domain=865420003,crec7_language=865420000,crec7_valuecode='6701')\"\r\n}"},{"ErrorCode":"CdsUserError","ErrorMessage":"{\"message\":\"A record with the specified key values does not exist in crec7_saplistofvaluetest entity\",\"cdsErrorCode\":\"0x80060891\",\"HelpLink\":\"http://go.microsoft.com/fwlink/?LinkID=398563&amp;error=Microsoft.Crm.CrmException%3a80060891&amp;client=platform\",\"InnerErrorMessage\":\"A record with the specified key values does not exist in crec7_saplistofvaluetest entity\",\"cdsRequestId\":\"cf8ebb78-53cb-44c8-960e-71237eb65e70\",\"cdsRequestUtcTime\":\"7/30/2024 12:22:57 AM\"}","CdsErrorCode":"0x80060891","RecordId":"052d4cf0-9bee-410a-9a77-54ce8cb59c28","RequestUrl":"https://orgab125973.crm.dynamics.com/api/data/v9.1/crec7_saplistofvaluetests(crec7_domain=327720001,crec7_language=865420000,crec7_valuecode='0088')?$select=modifiedon,createdon{\r\n  \"crec7_displayvalue\": \"Lager 0088 (WM)\",\r\n  \"crec7_domain\": \"327720001\",\r\n  \"crec7_language\": \"865420000\",\r\n  \"crec7_valuecode\": \"0088\",\r\n  \"crec7_ParentValue@odata.bind\": \"/crec7_saplistofvaluetests(crec7_domain=865420003,crec7_language=865420000,crec7_valuecode='6701')\"\r\n}"},{"ErrorCode":"CdsUserError","ErrorMessage":"{\"message\":\"A record with the specified key values does not exist in crec7_saplistofvaluetest entity\",\"cdsErrorCode\":\"0x80060891\",\"HelpLink\":\"http://go.microsoft.com/fwlink/?LinkID=398563&amp;error=Microsoft.Crm.CrmException%3a80060891&amp;client=platform\",\"InnerErrorMessage\":\"A record with the specified key values does not exist in crec7_saplistofvaluetest entity\",\"cdsRequestId\":\"944db9ce-3d14-4da9-8027-e875660379df\",\"cdsRequestUtcTime\":\"7/30/2024 12:22:57 AM\"}","CdsErrorCode":"0x80060891","RecordId":"6721cd7f-9b5f-4201-af9c-954d0792e849","RequestUrl":"https://orgab125973.crm.dynamics.com/api/data/v9.1/crec7_saplistofvaluetests(crec7_domain=327720001,crec7_language=865420000,crec7_valuecode='0002')?$select=modifiedon,createdon{\r\n  \"crec7_displayvalue\": \"Finish good(sto)\",\r\n  \"crec7_domain\": \"327720001\",\r\n  \"crec7_language\": \"865420000\",\r\n  \"crec7_valuecode\": \"0002\",\r\n  \"crec7_ParentValue@odata.bind\": \"/crec7_saplistofvaluetests(crec7_domain=865420003,crec7_language=865420000,crec7_valuecode='6701')\"\r\n}"},{"ErrorCode":"CdsUserError","ErrorMessage":"{\"message\":\"A record with the specified key values does not exist in crec7_saplistofvaluetest entity\",\"cdsErrorCode\":\"0x80060891\",\"HelpLink\":\"http://go.microsoft.com/fwlink/?LinkID=398563&amp;error=Microsoft.Crm.CrmException%3a80060891&amp;client=platform\",\"InnerErrorMessage\":\"A record with the specified key values does not exist in crec7_saplistofvaluetest entity\",\"cdsRequestId\":\"68e7aad8-19a7-4448-ba2a-15be6364415e\",\"cdsRequestUtcTime\":\"7/30/2024 12:22:57 AM\"}","CdsErrorCode":"0x80060891","RecordId":"d2cbed8d-5c0d-46a8-bd67-7c8f789cc12c","RequestUrl":"https://orgab125973.crm.dynamics.com/api/data/v9.1/crec7_saplistofvaluetests(crec7_domain=327720001,crec7_language=865420000,crec7_valuecode='0001')?$select=modifiedon,createdon{\r\n  \"crec7_displayvalue\": \"central store\",\r\n  \"crec7_domain\": \"327720001\",\r\n  \"crec7_language\": \"865420000\",\r\n  \"crec7_valuecode\": \"0001\",\r\n  \"crec7_ParentValue@odata.bind\": \"/crec7_saplistofvaluetests(crec7_domain=865420003,crec7_language=865420000,crec7_valuecode='6701')\"\r\n}"},{"ErrorCode":"CdsUserError","ErrorMessage":"{\"message\":\"A record with the specified key values does not exist in crec7_saplistofvaluetest entity\",\"cdsErrorCode\":\"0x80060891\",\"HelpLink\":\"http://go.microsoft.com/fwlink/?LinkID=398563&amp;error=Microsoft.Crm.CrmException%3a80060891&amp;client=platform\",\"InnerErrorMessage\":\"A record with the specified key values does not exist in crec7_saplistofvaluetest entity\",\"cdsRequestId\":\"24e15adb-7667-48d2-8c43-0c25311372ff\",\"cdsRequestUtcTime\":\"7/30/2024 12:22:57 AM\"}","CdsErrorCode":"0x80060891","RecordId":"da038548-55c5-44d6-a387-2ba64b260e9b","RequestUrl":"https://orgab125973.crm.dynamics.com/api/data/v9.1/crec7_saplistofvaluetests(crec7_domain=327720001,crec7_language=865420000,crec7_valuecode='0003')?$select=modifiedon,createdon{\r\n  \"crec7_displayvalue\": \"Raw Material(sto\",\r\n  \"crec7_domain\": \"327720001\",\r\n  \"crec7_language\": \"865420000\",\r\n  \"crec7_valuecode\": \"0003\",\r\n  \"crec7_ParentValue@odata.bind\": \"/crec7_saplistofvaluetests(crec7_domain=865420003,crec7_language=865420000,crec7_valuecode='6701')\"\r\n}"},{"ErrorCode":"CdsUserError","ErrorMessage":"{\"message\":\"A record with the specified key values does not exist in crec7_saplistofvaluetest entity\",\"cdsErrorCode\":\"0x80060891\",\"HelpLink\":\"http://go.microsoft.com/fwlink/?LinkID=398563&amp;error=Microsoft.Crm.CrmException%3a80060891&amp;client=platform\",\"InnerErrorMessage\":\"A record with the specified key values does not exist in crec7_saplistofvaluetest entity\",\"cdsRequestId\":\"1253eb81-168c-417a-8b0e-d6ef88b57b71\",\"cdsRequestUtcTime\":\"7/30/2024 12:23:32 AM\"}","CdsErrorCode":"0x80060891","RecordId":"55c5a99c-49f7-445d-b446-c9da95110be9","RequestUrl":"https://orgab125973.crm.dynamics.com/api/data/v9.1/crec7_saplistofvaluetests(crec7_domain=327720001,crec7_language=865420000,crec7_valuecode='0004')?$select=modifiedon,createdon{\r\n  \"crec7_displayvalue\": \"FT Storage Loc.\",\r\n  \"crec7_domain\": \"327720001\",\r\n  \"crec7_language\": \"865420000\",\r\n  \"crec7_valuecode\": \"0004\",\r\n  \"crec7_ParentValue@odata.bind\": \"/crec7_saplistofvaluetests(crec7_domain=865420003,crec7_language=865420000,crec7_valuecode='9999')\"\r\n}"},