<?xml version="1.0" encoding="utf-8"?>
<ImportExportXml xmlns:xsi="http://www.w3.org/2001/XMLSchema-instance">
  <Entities />
  <Roles />
  <Workflows />
  <FieldSecurityProfiles />
  <Templates />
  <EntityMaps />
  <EntityRelationships />
  <OrganizationSettings />
  <optionsets />
  <CustomControls />
  <EntityDataProviders />
  <connectionreferences>
    <connectionreference connectionreferencelogicalname="mpa_SAPBasisAdministrator">
      <connectionreferencedisplayname>Template Installer SAP ERP</connectionreferencedisplayname>
      <connectorid>/providers/Microsoft.PowerApps/apis/shared_saperp</connectorid>
      <iscustomizable>1</iscustomizable>
      <promptingbehavior>0</promptingbehavior>
      <statecode>0</statecode>
      <statuscode>1</statuscode>
    </connectionreference>
    <connectionreference connectionreferencelogicalname="mpa_shareddataflows_39423">
      <connectionreferencedisplayname>Power Query Dataflows mpa_SAPTemplateInstallerDropDownValues-39423</connectionreferencedisplayname>
      <connectorid>/providers/Microsoft.PowerApps/apis/shared_dataflows</connectorid>
      <iscustomizable>1</iscustomizable>
      <promptingbehavior>0</promptingbehavior>
      <statecode>0</statecode>
      <statuscode>1</statuscode>
    </connectionreference>
  </connectionreferences>
  <msdyn_dataflows>
    <msdyn_dataflow msdyn_dataflowid="969efae6-4c42-ef11-8409-7c1e520b5c89">
      <iscustomizable>1</iscustomizable>
      <msdyn_internalversion>5a6bcd68-e9c7-45d6-a71d-21dd065bc5f0</msdyn_internalversion>
      <msdyn_mashupdocument>section Section1;
shared new_saptemplatesyncdomain = let
  Source = CommonDataService.Database("orgab125973.crm.dynamics.com"),
  #"Navigation 1" = Source{[Schema = "dbo", Item = "new_saptemplatesyncdomain"]}[Data],
  #"Removed columns" = Table.RemoveColumns(#"Navigation 1", {"new_saptemplatesyncdomainid", "createdon", "createdby", "modifiedon", "modifiedby", "createdonbehalfby", "modifiedonbehalfby", "createdbyname", "createdbyyominame", "createdonbehalfbyname", "createdonbehalfbyyominame", "modifiedbyname", "modifiedbyyominame", "modifiedonbehalfbyname", "modifiedonbehalfbyyominame", "ownerid", "owneridname", "owneridyominame", "owningbusinessunit", "owninguser", "owningteam", "owningbusinessunitname", "statecode", "statecodename", "statuscode", "statuscodename", "importsequencenumber", "overriddencreatedon", "timezoneruleversionnumber", "utcconversiontimezonecode", "asyncoperation", "businessunit", "processsession", "systemuser(createdby)", "systemuser(createdonbehalfby)", "systemuser(modifiedby)", "systemuser(modifiedonbehalfby)", "systemuser(owninguser)", "team"}),
  #"Parsed JSON" = Table.TransformColumns(#"Removed columns", {{"new_valuesjson", each Json.Document(_), type any}}),
  #"Expanded new_valuesjson" = Table.ExpandListColumn(#"Parsed JSON", "new_valuesjson"),
  #"Expanded new_valuesjson 1" = Table.ExpandRecordColumn(#"Expanded new_valuesjson", "new_valuesjson", {"language", "valueCode", "value", "parentValueCode", "grandparentValueCode", "dataverseDomain", "dataverseLanguage", "dataverseParentDomain", "dataverseParentLanguage"}, {"language", "valueCode", "value", "parentValueCode", "grandparentValueCode", "dataverseDomain", "dataverseLanguage", "dataverseParentDomain", "dataverseParentLanguage"}),
  #"Changed column type with locale" = Table.TransformColumnTypes(#"Expanded new_valuesjson 1", {{"dataverseDomain", Int64.Type}, {"dataverseLanguage", Int64.Type}, {"dataverseParentDomain", Int64.Type}, {"value", type text},{"valueCode", type text}}),
  #"Sorted rows" = Table.Sort(#"Changed column type with locale", {{"parentValueCode", Order.Ascending}, {"dataverseDomain", Order.Ascending}, {"new_levelname", Order.Descending}})
in
  #"Sorted rows";
</msdyn_mashupdocument>
      <msdyn_mashupsettings>{"QueryGroups":[],"DocumentLocale":"en-US","QueriesMetadata":{"new_saptemplatesyncdomain":{"QueryId":"28351d9e-82d4-4bfb-9467-2e9220c01022","QueryName":"new_saptemplatesyncdomain","QueryGroupId":null,"EntityName":"mpa_SAPListofValue","LastKnownIsCalculatedEntity":false,"LastKnownIsLinkedEntity":false,"LastKnownIsParameter":false,"IsHidden":null,"LastKnownResultTypeName":"table","LoadEnabled":true,"DeleteExistingDataOnLoad":false,"FieldsMetadata":{"mpa_Domain":{"SourceColumnName":"dataverseDomain","DestinationFieldType":"Integer","AutoNumberSettings":null},"mpa_Language":{"SourceColumnName":"dataverseLanguage","DestinationFieldType":"Integer","AutoNumberSettings":null},"mpa_ParentValue.mpa_Domain":{"SourceColumnName":"dataverseParentDomain","DestinationFieldType":"Integer","AutoNumberSettings":null},"mpa_ParentValue.mpa_Language":{"SourceColumnName":"dataverseParentLanguage","DestinationFieldType":"Memo","AutoNumberSettings":null},"mpa_ParentValue.mpa_ValueCode":{"SourceColumnName":"parentValueCode","DestinationFieldType":"Memo","AutoNumberSettings":null},"mpa_Value":{"SourceColumnName":"value","DestinationFieldType":"Memo","AutoNumberSettings":null},"mpa_ValueCode":{"SourceColumnName":"valueCode","DestinationFieldType":"Memo","AutoNumberSettings":null}},"HostProperties":{"MappingEditorProperties":"{\"primaryKeyLogicalName\":\"mpa_domainkey\"}"},"JsonOutputDestinations":null,"BindToDefaultOutputDestination":null,"JsonIncrementalRefreshSettings":null,"JsonStagingDefinition":null}},"FastCombine":false,"AllowNativeQueries":false,"HostContext":{"Type":"CdsT","Details":{"EnvironmentId":"292ac25f-86ca-eb53-b207-496cac48be06"}},"HostProperties":null,"SkipAutomaticTypeAndHeaderDetection":false,"DisableAutoAnonymousConnectionUpsert":false,"AllowedModules":null,"DataflowMetadata":"{\"DataflowType\":\"Cdst\",\"DataflowId\":\"5a5ef926-c8a6-4834-96e2-4deca206f373\",\"OwnerUserId\":\"db6fa7e9-fac8-4020-b7af-63901caab277\",\"OwnerName\":\"Menaka Kollu\",\"OwnerTenantId\":\"fe2dcd3b-6648-414a-8c8e-8761944769ce\",\"GatewayObjectId\":null,\"ModelSnapshotUri\":\"\",\"GroupId\":\"292ac25f-86ca-eb53-b207-496cac48be06\",\"DataflowState\":\"Active\",\"LastUpdateTime\":\"2024-08-06T21:12:48.440662+00:00\",\"LastStateChangedTime\":\"2024-08-06T21:12:48.440662+00:00\",\"CreatedTime\":\"2024-07-15T01:52:21.5471738+00:00\",\"ExpiresAfter\":null,\"AllowedModules\":null,\"UseHostConnectionProvider\":null,\"SkipAutomaticTypeAndHeaderDetection\":null,\"EditingSessionId\":null,\"HostInformation\":null,\"HostContext\":{\"Type\":\"CdsT\",\"Details\":{\"EnvironmentId\":\"292ac25f-86ca-eb53-b207-496cac48be06\"}},\"HostProperties\":{\"ServiceFeatureFlag_EnableNewCdstDataflowOrchestration\":\"true\",\"CdsUploadExecutorKey\":\"CdsUploader\"},\"DisableAutoAnonymousConnectionUpsert\":null,\"RelatedDataflowId\":\"26918285-4b52-452b-b47a-3c5d9a19cb73\",\"TrustedConnections\":null,\"ConnectionOverrides\":[{\"Path\":\"orgab125973.crm.dynamics.com\",\"Kind\":\"CommonDataService\",\"Provider\":\"PowerApps\",\"EnvironmentName\":\"292ac25f-86ca-eb53-b207-496cac48be06\",\"ApiName\":\"dataverse\",\"ConnectionName\":\"134324da2c5b4be3ac012906f15d562d\",\"CredentialDetails\":{},\"ConnectionParameters\":{},\"PrivacyGroup\":\"None\"}]}","Dataflow":"{\"name\":\"SAP Sync Domains\",\"ppdf:entityThumbprintVersion\":\"1.0\",\"ppdf:dataflowId\":\"5a5ef926-c8a6-4834-96e2-4deca206f373\",\"ppdf:owner\":{\"tenantId\":\"fe2dcd3b-6648-414a-8c8e-8761944769ce\",\"userId\":\"db6fa7e9-fac8-4020-b7af-63901caab277\"},\"ppdf:fastCopy\":false,\"version\":\"1.0\",\"culture\":\"en-US\",\"modifiedTime\":\"2024-07-15T01:52:33.6146751+00:00\",\"ppdf:outputFileFormat\":\"Csv\",\"pbi:mashup\":{\"fastCombine\":false,\"allowNativeQueries\":false,\"queriesMetadata\":{\"new_saptemplatesyncdomain\":{\"queryId\":\"28351d9e-82d4-4bfb-9467-2e9220c01022\",\"queryName\":\"new_saptemplatesyncdomain\",\"entityName\":\"mpa_SAPListofValue\",\"loadEnabled\":true,\"lastKnownResultTypeName\":\"table\",\"lastKnownIsCalculatedEntity\":false,\"lastKnownIsLinkedEntity\":false,\"lastKnownIsParameter\":false,\"deleteExistingDataOnLoad\":false,\"hostProperties\":{\"MappingEditorProperties\":\"{\\\"primaryKeyLogicalName\\\":\\\"mpa_domainkey\\\"}\"},\"fieldsMetadata\":{\"mpa_Domain\":{\"sourceColumnName\":\"dataverseDomain\",\"destinationFieldType\":\"Integer\"},\"mpa_Language\":{\"sourceColumnName\":\"dataverseLanguage\",\"destinationFieldType\":\"Integer\"},\"mpa_ParentValue.mpa_Domain\":{\"sourceColumnName\":\"dataverseParentDomain\",\"destinationFieldType\":\"Integer\"},\"mpa_ParentValue.mpa_Language\":{\"sourceColumnName\":\"dataverseParentLanguage\",\"destinationFieldType\":\"Memo\"},\"mpa_ParentValue.mpa_ValueCode\":{\"sourceColumnName\":\"parentValueCode\",\"destinationFieldType\":\"Memo\"},\"mpa_Value\":{\"sourceColumnName\":\"value\",\"destinationFieldType\":\"Memo\"},\"mpa_ValueCode\":{\"sourceColumnName\":\"valueCode\",\"destinationFieldType\":\"Memo\"}}}},\"document\":\"section Section1;\\r\\nshared new_saptemplatesyncdomain = let\\n  Source = CommonDataService.Database(\\\"orgab125973.crm.dynamics.com\\\"),\\n  #\\\"Navigation 1\\\" = Source{[Schema = \\\"dbo\\\", Item = \\\"new_saptemplatesyncdomain\\\"]}[Data],\\n  #\\\"Removed columns\\\" = Table.RemoveColumns(#\\\"Navigation 1\\\", {\\\"new_saptemplatesyncdomainid\\\", \\\"createdon\\\", \\\"createdby\\\", \\\"modifiedon\\\", \\\"modifiedby\\\", \\\"createdonbehalfby\\\", \\\"modifiedonbehalfby\\\", \\\"createdbyname\\\", \\\"createdbyyominame\\\", \\\"createdonbehalfbyname\\\", \\\"createdonbehalfbyyominame\\\", \\\"modifiedbyname\\\", \\\"modifiedbyyominame\\\", \\\"modifiedonbehalfbyname\\\", \\\"modifiedonbehalfbyyominame\\\", \\\"ownerid\\\", \\\"owneridname\\\", \\\"owneridyominame\\\", \\\"owningbusinessunit\\\", \\\"owninguser\\\", \\\"owningteam\\\", \\\"owningbusinessunitname\\\", \\\"statecode\\\", \\\"statecodename\\\", \\\"statuscode\\\", \\\"statuscodename\\\", \\\"importsequencenumber\\\", \\\"overriddencreatedon\\\", \\\"timezoneruleversionnumber\\\", \\\"utcconversiontimezonecode\\\", \\\"asyncoperation\\\", \\\"businessunit\\\", \\\"processsession\\\", \\\"systemuser(createdby)\\\", \\\"systemuser(createdonbehalfby)\\\", \\\"systemuser(modifiedby)\\\", \\\"systemuser(modifiedonbehalfby)\\\", \\\"systemuser(owninguser)\\\", \\\"team\\\"}),\\n  #\\\"Parsed JSON\\\" = Table.TransformColumns(#\\\"Removed columns\\\", {{\\\"new_valuesjson\\\", each Json.Document(_), type any}}),\\n  #\\\"Expanded new_valuesjson\\\" = Table.ExpandListColumn(#\\\"Parsed JSON\\\", \\\"new_valuesjson\\\"),\\n  #\\\"Expanded new_valuesjson 1\\\" = Table.ExpandRecordColumn(#\\\"Expanded new_valuesjson\\\", \\\"new_valuesjson\\\", {\\\"language\\\", \\\"valueCode\\\", \\\"value\\\", \\\"parentValueCode\\\", \\\"grandparentValueCode\\\", \\\"dataverseDomain\\\", \\\"dataverseLanguage\\\", \\\"dataverseParentDomain\\\", \\\"dataverseParentLanguage\\\"}, {\\\"language\\\", \\\"valueCode\\\", \\\"value\\\", \\\"parentValueCode\\\", \\\"grandparentValueCode\\\", \\\"dataverseDomain\\\", \\\"dataverseLanguage\\\", \\\"dataverseParentDomain\\\", \\\"dataverseParentLanguage\\\"}),\\n  #\\\"Changed column type with locale\\\" = Table.TransformColumnTypes(#\\\"Expanded new_valuesjson 1\\\", {{\\\"dataverseDomain\\\", Int64.Type}, {\\\"dataverseLanguage\\\", Int64.Type}, {\\\"dataverseParentDomain\\\", Int64.Type}, {\\\"value\\\", type text},{\\\"valueCode\\\", type text}}),\\n  #\\\"Sorted rows\\\" = Table.Sort(#\\\"Changed column type with locale\\\", {{\\\"parentValueCode\\\", Order.Ascending}, {\\\"dataverseDomain\\\", Order.Ascending}, {\\\"new_levelname\\\", Order.Descending}})\\nin\\n  #\\\"Sorted rows\\\";\\r\\n\"},\"entities\":[{\"$type\":\"LocalEntity\",\"name\":\"new_saptemplatesyncdomain\",\"description\":\"\",\"pbi:refreshPolicy\":{\"$type\":\"FullRefreshPolicy\",\"location\":\"new_saptemplatesyncdomain.csv\"},\"annotations\":[{\"name\":\"ppdf:entityKeys\",\"value\":\"[]\"}],\"attributes\":[{\"name\":\"new_name\",\"dataType\":\"string\"},{\"name\":\"new_level\",\"dataType\":\"int64\"},{\"name\":\"new_levelname\",\"dataType\":\"string\"},{\"name\":\"language\",\"dataType\":\"string\"},{\"name\":\"valueCode\",\"dataType\":\"string\"},{\"name\":\"value\",\"dataType\":\"string\"},{\"name\":\"parentValueCode\",\"dataType\":\"string\"},{\"name\":\"grandparentValueCode\",\"dataType\":\"string\"},{\"name\":\"dataverseDomain\",\"dataType\":\"int64\"},{\"name\":\"dataverseLanguage\",\"dataType\":\"int64\"},{\"name\":\"dataverseParentDomain\",\"dataType\":\"int64\"},{\"name\":\"dataverseParentLanguage\",\"dataType\":\"string\"}]}]}"}</msdyn_mashupsettings>
      <msdyn_name>SAP Sync Domains</msdyn_name>
      <msdyn_originaldataflowid>5a5ef926-c8a6-4834-96e2-4deca206f373</msdyn_originaldataflowid>
      <msdyn_refreshhistory>[{"DataflowId":"5a5ef926-c8a6-4834-96e2-4deca206f373","TransactionId":"031b3605-50dc-4a53-b32b-25b7b1f88d82","DataflowName":"SAP Sync Domains","RequestId":"af420827-7044-4fb1-9a69-a37b67a5699d","SessionId":null,"StartTime":"2024-07-15T01:52:39.1877251+00:00","EndTime":"2024-07-15T02:00:20.4544683+00:00","RefreshType":"RefreshTypeOneTime","RefreshStatus":"Failed","ErrorInfo":{"ErrorCode":"LoadToCdsFailed","ErrorMessage":null},"EntitiesRefreshHistory":[{"DataflowId":"5a5ef926-c8a6-4834-96e2-4deca206f373","DataflowName":"SAP Sync Domains","EntityName":"new_saptemplatesyncdomain","StartTime":"2024-07-15T01:53:04.0944614+00:00","EndTime":"2024-07-15T02:00:06.5870317+00:00","RefreshStatus":"Failed","ErrorInfo":{"EvaluationResult":null,"ErrorMessage":null,"ErrorCode":null,"LoadToCdsErrorInfo":[{"ErrorCode":"CdsUserError","ErrorMessage":"{\"message\":\"A record with the specified key values does not exist in crec7_saplistofvaluetest entity\",\"cdsErrorCode\":\"0x80060891\",\"HelpLink\":\"http://go.microsoft.com/fwlink/?LinkID=398563&amp;error=Microsoft.Crm.CrmException%3a80060891&amp;client=platform\",\"InnerErrorMessage\":\"A record with the specified key values does not exist in crec7_saplistofvaluetest entity\",\"cdsRequestId\":\"db839231-7efa-49dc-97ca-51cab2f3f8d9\",\"cdsRequestUtcTime\":\"7/15/2024 1:55:00 AM\"}","CdsErrorCode":"0x80060891","RecordId":"1aa63c0d-48de-4309-a14f-56b9c1390a9f","RequestUrl":"https://orgab125973.crm.dynamics.com/api/data/v9.1/crec7_saplistofvaluetests(crec7_domain=327720001,crec7_language=865420000,crec7_valuecode='0002')?$select=modifiedon,createdon{\r\n  \"crec7_displayvalue\": \"Fertiwaren\",\r\n  \"crec7_domain\": \"327720001\",\r\n  \"crec7_language\": \"865420000\",\r\n  \"crec7_valuecode\": \"0002\",\r\n  \"crec7_ParentValue@odata.bind\": \"/crec7_saplistofvaluetests(crec7_domain=865420003,crec7_language=865420000,crec7_valuecode='1410')\"\r\n}"},{"ErrorCode":"CdsUserError","ErrorMessage":"{\"message\":\"A record with the specified key values does not exist in crec7_saplistofvaluetest entity\",\"cdsErrorCode\":\"0x80060891\",\"HelpLink\":\"http://go.microsoft.com/fwlink/?LinkID=398563&amp;error=Microsoft.Crm.CrmException%3a80060891&amp;client=platform\",\"InnerErrorMessage\":\"A record with the specified key values does not exist in crec7_saplistofvaluetest entity\",\"cdsRequestId\":\"62b0b5a7-ff80-4d93-aec7-9be2fbd560a7\",\"cdsRequestUtcTime\":\"7/15/2024 1:55:00 AM\"}","CdsErrorCode":"0x80060891","RecordId":"375733ac-bc0e-4958-81a8-4f35e1037fef","RequestUrl":"https://orgab125973.crm.dynamics.com/api/data/v9.1/crec7_saplistofvaluetests(crec7_domain=327720001,crec7_language=865420000,crec7_valuecode='0001')?$select=modifiedon,createdon{\r\n  \"crec7_displayvalue\": \"Materiallager\",\r\n  \"crec7_domain\": \"327720001\",\r\n  \"crec7_language\": \"865420000\",\r\n  \"crec7_valuecode\": \"0001\",\r\n  \"crec7_ParentValue@odata.bind\": \"/crec7_saplistofvaluetests(crec7_domain=865420003,crec7_language=865420000,crec7_valuecode='1410')\"\r\n}"},{"ErrorCode":"CdsUserError","ErrorMessage":"{\"message\":\"A record with the specified key values does not exist in crec7_saplistofvaluetest entity\",\"cdsErrorCode\":\"0x80060891\",\"HelpLink\":\"http://go.microsoft.com/fwlink/?LinkID=398563&amp;error=Microsoft.Crm.CrmException%3a80060891&amp;client=platform\",\"InnerErrorMessage\":\"A record with the specified key values does not exist in crec7_saplistofvaluetest entity\",\"cdsRequestId\":\"ad849bf4-70e1-47a9-86cd-922fe1cf7dbd\",\"cdsRequestUtcTime\":\"7/15/2024 1:56:09 AM\"}","CdsErrorCode":"0x80060891","RecordId":"de7a89d5-8337-40ae-85c5-8d37c3f8c8f6","RequestUrl":"https://orgab125973.crm.dynamics.com/api/data/v9.1/crec7_saplistofvaluetests(crec7_domain=327720001,crec7_language=865420000,crec7_valuecode='0088')?$select=modifiedon,createdon{\r\n  \"crec7_displayvalue\": \"Lager 0088 (WM)\",\r\n  \"crec7_domain\": \"327720001\",\r\n  \"crec7_language\": \"865420000\",\r\n  \"crec7_valuecode\": \"0088\",\r\n  \"crec7_ParentValue@odata.bind\": \"/crec7_saplistofvaluetests(crec7_domain=865420003,crec7_language=865420000,crec7_valuecode='6701')\"\r\n}"},{"ErrorCode":"CdsUserError","ErrorMessage":"{\"message\":\"A record with the specified key values does not exist in crec7_saplistofvaluetest entity\",\"cdsErrorCode\":\"0x80060891\",\"HelpLink\":\"http://go.microsoft.com/fwlink/?LinkID=398563&amp;error=Microsoft.Crm.CrmException%3a80060891&amp;client=platform\",\"InnerErrorMessage\":\"A record with the specified key values does not exist in crec7_saplistofvaluetest entity\",\"cdsRequestId\":\"fefdf133-cae5-4878-94c1-d760ab9686f8\",\"cdsRequestUtcTime\":\"7/15/2024 1:56:09 AM\"}","CdsErrorCode":"0x80060891","RecordId":"632e202b-1414-4b12-9509-9e3b4c2a887d","RequestUrl":"https://orgab125973.crm.dynamics.com/api/data/v9.1/crec7_saplistofvaluetests(crec7_domain=327720001,crec7_language=865420000,crec7_valuecode='0005')?$select=modifiedon,createdon{\r\n  \"crec7_displayvalue\": \"raw Material(wm)\",\r\n  \"crec7_domain\": \"327720001\",\r\n  \"crec7_language\": \"865420000\",\r\n  \"crec7_valuecode\": \"0005\",\r\n  \"crec7_ParentValue@odata.bind\": \"/crec7_saplistofvaluetests(crec7_domain=865420003,crec7_language=865420000,crec7_valuecode='6701')\"\r\n}"},{"ErrorCode":"CdsUserError","ErrorMessage":"{\"message\":\"A record with the specified key values does not exist in crec7_saplistofvaluetest entity\",\"cdsErrorCode\":\"0x80060891\",\"HelpLink\":\"http://go.microsoft.com/fwlink/?LinkID=398563&amp;error=Microsoft.Crm.CrmException%3a80060891&amp;client=platform\",\"InnerErrorMessage\":\"A record with the specified key values does not exist in crec7_saplistofvaluetest entity\",\"cdsRequestId\":\"86edd436-c5aa-44e7-8a0f-e02f3564e17a\",\"cdsRequestUtcTime\":\"7/15/2024 1:56:09 AM\"}","CdsErrorCode":"0x80060891","RecordId":"9b481a95-76d0-4bdd-91ca-b3c625c8082f","RequestUrl":"https://orgab125973.crm.dynamics.com/api/data/v9.1/crec7_saplistofvaluetests(crec7_domain=327720001,crec7_language=865420000,crec7_valuecode='0004')?$select=modifiedon,createdon{\r\n  \"crec7_displayvalue\": \"finish good(wm)\",\r\n  \"crec7_domain\": \"327720001\",\r\n  \"crec7_language\": \"865420000\",\r\n  \"crec7_valuecode\": \"0004\",\r\n  \"crec7_ParentValue@odata.bind\": \"/crec7_saplistofvaluetests(crec7_domain=865420003,crec7_language=865420000,crec7_valuecode='6701')\"\r\n}"},{"ErrorCode":"CdsUserError","ErrorMessage":"{\"message\":\"A record with the specified key values does not exist in crec7_saplistofvaluetest entity\",\"cdsErrorCode\":\"0x80060891\",\"HelpLink\":\"http://go.microsoft.com/fwlink/?LinkID=398563&amp;error=Microsoft.Crm.CrmException%3a80060891&amp;client=platform\",\"InnerErrorMessage\":\"A record with the specified key values does not exist in crec7_saplistofvaluetest entity\",\"cdsRequestId\":\"95c8d328-f290-4060-9fab-7debd8bf49d0\",\"cdsRequestUtcTime\":\"7/15/2024 1:56:09 AM\"}","CdsErrorCode":"0x80060891","RecordId":"dbe6a5cb-d3ab-43a1-9606-7f5cf68967b8","RequestUrl":"https://orgab125973.crm.dynamics.com/api/data/v9.1/crec7_saplistofvaluetests(crec7_domain=327720001,crec7_language=865420000,crec7_valuecode='0001')?$select=modifiedon,createdon{\r\n  \"crec7_displayvalue\": \"central store\",\r\n  \"crec7_domain\": \"327720001\",\r\n  \"crec7_language\": \"865420000\",\r\n  \"crec7_valuecode\": \"0001\",\r\n  \"crec7_ParentValue@odata.bind\": \"/crec7_saplistofvaluetests(crec7_domain=865420003,crec7_language=865420000,crec7_valuecode='6701')\"\r\n}"},{"ErrorCode":"CdsUserError","ErrorMessage":"{\"message\":\"A record with the specified key values does not exist in crec7_saplistofvaluetest entity\",\"cdsErrorCode\":\"0x80060891\",\"HelpLink\":\"http://go.microsoft.com/fwlink/?LinkID=398563&amp;error=Microsoft.Crm.CrmException%3a80060891&amp;client=platform\",\"InnerErrorMessage\":\"A record with the specified key values does not exist in crec7_saplistofvaluetest entity\",\"cdsRequestId\":\"3b27b426-67a5-4916-867c-e3537bd3a32a\",\"cdsRequestUtcTime\":\"7/15/2024 1:56:09 AM\"}","CdsErrorCode":"0x80060891","RecordId":"761f0a1f-56a5-4cab-bf72-57e13a7a96f6","RequestUrl":"https://orgab125973.crm.dynamics.com/api/data/v9.1/crec7_saplistofvaluetests(crec7_domain=327720001,crec7_language=865420000,crec7_valuecode='0003')?$select=modifiedon,createdon{\r\n  \"crec7_displayvalue\": \"Raw Material(sto\",\r\n  \"crec7_domain\": \"327720001\",\r\n  \"crec7_language\": \"865420000\",\r\n  \"crec7_valuecode\": \"0003\",\r\n  \"crec7_ParentValue@odata.bind\": \"/crec7_saplistofvaluetests(crec7_domain=865420003,crec7_language=865420000,crec7_valuecode='6701')\"\r\n}"},{"ErrorCode":"CdsUserError","ErrorMessage":"{\"message\":\"A record with the specified key values does not exist in crec7_saplistofvaluetest entity\",\"cdsErrorCode\":\"0x80060891\",\"HelpLink\":\"http://go.microsoft.com/fwlink/?LinkID=398563&amp;error=Microsoft.Crm.CrmException%3a80060891&amp;client=platform\",\"InnerErrorMessage\":\"A record with the specified key values does not exist in crec7_saplistofvaluetest entity\",\"cdsRequestId\":\"00509343-9eeb-4a72-8e5b-a076cf153cd7\",\"cdsRequestUtcTime\":\"7/15/2024 1:56:09 AM\"}","CdsErrorCode":"0x80060891","RecordId":"09f71c31-3a24-4ce7-bc31-dd7f5a13a705","RequestUrl":"https://orgab125973.crm.dynamics.com/api/data/v9.1/crec7_saplistofvaluetests(crec7_domain=327720001,crec7_language=865420000,crec7_valuecode='0002')?$select=modifiedon,createdon{\r\n  \"crec7_displayvalue\": \"Finish good(sto)\",\r\n  \"crec7_domain\": \"327720001\",\r\n  \"crec7_language\": \"865420000\",\r\n  \"crec7_valuecode\": \"0002\",\r\n  \"crec7_ParentValue@odata.bind\": \"/crec7_saplistofvaluetests(crec7_domain=865420003,crec7_language=865420000,crec7_valuecode='6701')\"\r\n}"},{"ErrorCode":"CdsUserError","ErrorMessage":"{\"message\":\"A record with the specified key values does not exist in crec7_saplistofvaluetest entity\",\"cdsErrorCode\":\"0x80060891\",\"HelpLink\":\"http://go.microsoft.com/fwlink/?LinkID=398563&amp;error=Microsoft.Crm.CrmException%3a80060891&amp;client=platform\",\"InnerErrorMessage\":\"A record with the specified key values does not exist in crec7_saplistofvaluetest entity\",\"cdsRequestId\":\"141ff5b3-a6df-4414-9375-47697641b084\",\"cdsRequestUtcTime\":\"7/15/2024 1:56:37 AM\"}","CdsErrorCode":"0x80060891","RecordId":"f5f9eff2-2cf3-442c-a774-b9082428b7de","RequestUrl":"https://orgab125973.crm.dynamics.com/api/data/v9.1/crec7_saplistofvaluetests(crec7_domain=327720001,crec7_language=865420000,crec7_valuecode='0001')?$select=modifiedon,createdon{\r\n  \"crec7_displayvalue\": \"Lean WM SL\",\r\n  \"crec7_domain\": \"327720001\",\r\n  \"crec7_language\": \"865420000\",\r\n  \"crec7_valuecode\": \"0001\",\r\n  \"crec7_ParentValue@odata.bind\": \"/crec7_saplistofvaluetests(crec7_domain=865420003,crec7_language=865420000,crec7_valuecode='9999')\"\r\n}"},{"ErrorCode":"CdsUserError","ErrorMessage":"{\"message\":\"A record with the specified key values does not exist in crec7_saplistofvaluetest entity\",\"cdsErrorCode\":\"0x80060891\",\"HelpLink\":\"http://go.microsoft.com/fwlink/?LinkID=398563&amp;error=Microsoft.Crm.CrmException%3a80060891&amp;client=platform\",\"InnerErrorMessage\":\"A record with the specified key values does not exist in crec7_saplistofvaluetest entity\",\"cdsRequestId\":\"21a70725-04c8-4ead-b050-898c2f9e5dd2\",\"cdsRequestUtcTime\":\"7/15/2024 1:56:37 AM\"}","CdsErrorCode":"0x80060891","RecordId":"bb64841d-af3f-4da5-95df-bb01ccdc584d","RequestUrl":"https://orgab125973.crm.dynamics.com/api/data/v9.1/crec7_saplistofvaluetests(crec7_domain=327720001,crec7_language=865420000,crec7_valuecode='0002')?$select=modifiedon,createdon{\r\n  \"crec7_displayvalue\": \"MM Storage Loc.\",\r\n  \"crec7_domain\": \"327720001\",\r\n  \"crec7_language\": \"865420000\",\r\n  \"crec7_valuecode\": \"0002\",\r\n  \"crec7_ParentValue@odata.bind\": \"/crec7_saplistofvaluetests(crec7_domain=865420003,crec7_language=865420000,crec7_valuecode='9999')\"\r\n}"},{"ErrorCode":"CdsUserError","ErrorMessage":"{\"message\":\"A record with the specified key values does not exist in crec7_saplistofvaluetest entity\",\"cdsErrorCode\":\"0x80060891\",\"HelpLink\":\"http://go.microsoft.com/fwlink/?LinkID=398563&amp;error=Microsoft.Crm.CrmException%3a80060891&amp;client=platform\",\"InnerErrorMessage\":\"A record with the specified key values does not exist in crec7_saplistofvaluetest entity\",\"cdsRequestId\":\"f5ba048d-3f5a-47a1-84e0-bb04c0b966f9\",\"cdsRequestUtcTime\":\"7/15/2024 1:56:37 AM\"}","CdsErrorCode":"0x80060891","RecordId":"73f54a57-7485-4a91-a9ab-30b4f4f6cff4","RequestUrl":"https://orgab125973.crm.dynamics.com/api/data/v9.1/crec7_saplistofvaluetests(crec7_domain=327720001,crec7_language=865420000,crec7_valuecode='0003')?$select=modifiedon,createdon{\r\n  \"crec7_displayvalue\": \"CD Storage Loc.\",\r\n  \"crec7_domain\": \"327720001\",\r\n  \"crec7_language\": \"865420000\",\r\n  \"crec7_valuecode\": \"0003\",\r\n  \"crec7_ParentValue@odata.bind\": \"/crec7_saplistofvaluetests(crec7_domain=865420003,crec7_language=865420000,crec7_valuecode='9999')\"\r\n}"},{"ErrorCode":"CdsUserError","ErrorMessage":"{\"message\":\"A record with the specified key values does not exist in crec7_saplistofvaluetest entity\",\"cdsErrorCode\":\"0x80060891\",\"HelpLink\":\"http://go.microsoft.com/fwlink/?LinkID=398563&amp;error=Microsoft.Crm.CrmException%3a80060891&amp;client=platform\",\"InnerErrorMessage\":\"A record with the specified key values does not exist in crec7_saplistofvaluetest entity\",\"cdsRequestId\":\"d37f6d2e-cf40-4b23-8722-5455c62fc458\",\"cdsRequestUtcTime\":\"7/15/2024 1:56:37 AM\"}","CdsErrorCode":"0x80060891","RecordId":"e81cca81-2237-4307-bd10-89fca25dcb10","RequestUrl":"https://orgab125973.crm.dynamics.com/api/data/v9.1/crec7_saplistofvaluetests(crec7_domain=327720001,crec7_language=865420000,crec7_valuecode='0004')?$select=modifiedon,createdon{\r\n  \"crec7_displayvalue\": \"FT Storage Loc.\",\r\n  \"crec7_domain\": \"327720001\",\r\n  \"crec7_language\": \"865420000\",\r\n  \"crec7_valuecode\": \"0004\",\r\n  \"crec7_ParentValue@odata.bind\": \"/crec7_saplistofvaluetests(crec7_domain=865420003,crec7_language=865420000,crec7_valuecode='9999')\"\r\n}"},{"ErrorCode":"CdsUserError","ErrorMessage":"{\"message\":\"A record with the specified key values does not exist in crec7_saplistofvaluetest entity\",\"cdsErrorCode\":\"0x80060891\",\"HelpLink\":\"http://go.microsoft.com/fwlink/?LinkID=398563&amp;error=Microsoft.Crm.CrmException%3a80060891&amp;client=platform\",\"InnerErrorMessage\":\"A record with the specified key values does not exist in crec7_saplistofvaluetest entity\",\"cdsRequestId\":\"0411e8a3-b3e3-4d2f-a9be-f10a83012c88\",\"cdsRequestUtcTime\":\"7/15/2024 1:56:50 AM\"}","CdsErrorCode":"0x80060891","RecordId":"7c565ae2-4de5-4e37-b4c9-3ac7fece1a67","RequestUrl":"https://orgab125973.crm.dynamics.com/api/data/v9.1/crec7_saplistofvaluetests(crec7_domain=327720001,crec7_language=865420000,crec7_valuecode='0001')?$select=modifiedon,createdon{\r\n  \"crec7_displayvalue\": \"Depósito Central\",\r\n  \"crec7_domain\": \"327720001\",\r\n  \"crec7_language\": \"865420000\",\r\n  \"crec7_valuecode\": \"0001\",\r\n  \"crec7_ParentValue@odata.bind\": \"/crec7_saplistofvaluetests(crec7_domain=865420003,crec7_language=865420000,crec7_valuecode='BH01')\"\r\n}"},{"ErrorCode":"CdsUserError","ErrorMessage":"{\"message\":\"A record with the specified key values does not exist in crec7_saplistofvaluetest entity\",\"cdsErrorCode\":\"0x80060891\",\"HelpLink\":\"http://go.microsoft.com/fwlink/?LinkID=398563&amp;error=Microsoft.Crm.CrmException%3a80060891&amp;client=platform\",\"InnerErrorMessage\":\"A record with the specified key values does not exist in crec7_saplistofvaluetest entity\",\"cdsRequestId\":\"a7f96542-5a68-4d51-a7e8-9f9cf4f8e34c\",\"cdsRequestUtcTime\":\"7/15/2024 1:58:46 AM\"}","CdsErrorCode":"0x80060891","RecordId":"366016bf-cce2-4ba0-b4d6-d63eeb8dedc1","RequestUrl":"https://orgab125973.crm.dynamics.com/api/data/v9.1/crec7_saplistofvaluetests(crec7_domain=327720001,crec7_language=865420000,crec7_valuecode='REST')?$select=modifiedon,createdon{\r\n  \"crec7_displayvalue\": \"Rest\",\r\n  \"crec7_domain\": \"327720001\",\r\n  \"crec7_language\": \"865420000\",\r\n  \"crec7_valuecode\": \"REST\",\r\n  \"crec7_ParentValue@odata.bind\": \"/crec7_saplistofvaluetests(crec7_domain=865420003,crec7_language=865420000,crec7_valuecode='REST')\"\r\n}"},{"ErrorCode":"CdsUserError","ErrorMessage":"{\"message\":\"A record with the specified key values does not exist in crec7_saplistofvaluetest entity\",\"cdsErrorCode\":\"0x80060891\",\"HelpLink\":\"http://go.microsoft.com/fwlink/?LinkID=398563&amp;error=Microsoft.Crm.CrmException%3a80060891&amp;client=platform\",\"InnerErrorMessage\":\"A record with the specified key values does not exist in crec7_saplistofvaluetest entity\",\"cdsRequestId\":\"e4670d21-9bfb-4c2c-b5a7-19b291d9fb8a\",\"cdsRequestUtcTime\":\"7/15/2024 1:58:46 AM\"}","CdsErrorCode":"0x80060891","RecordId":"3c580bbf-ebb3-47e1-b1d2-5be549339113","RequestUrl":"https://orgab125973.crm.dynamics.com/api/data/v9.1/crec7_saplistofvaluetests(crec7_domain=327720001,crec7_language=865420000,crec7_valuecode='0001')?$select=modifiedon,createdon{\r\n  \"crec7_displayvalue\": \"Depósito Central\",\r\n  \"crec7_domain\": \"327720001\",\r\n  \"crec7_language\": \"865420000\",\r\n  \"crec7_valuecode\": \"0001\",\r\n  \"crec7_ParentValue@odata.bind\": \"/crec7_saplistofvaluetests(crec7_domain=865420003,crec7_language=865420000,crec7_valuecode='RJ01')\"\r\n}"},{"ErrorCode":"CdsUserError","ErrorMessage":"{\"message\":\"A record with the specified key values does not exist in crec7_saplistofvaluetest entity\",\"cdsErrorCode\":\"0x80060891\",\"HelpLink\":\"http://go.microsoft.com/fwlink/?LinkID=398563&amp;error=Microsoft.Crm.CrmException%3a80060891&amp;client=platform\",\"InnerErrorMessage\":\"A record with the specified key values does not exist in crec7_saplistofvaluetest entity\",\"cdsRequestId\":\"591ae6e2-ca83-42f9-8c70-25239b0325dc\",\"cdsRequestUtcTime\":\"7/15/2024 1:59:42 AM\"}","CdsErrorCode":"0x80060891","RecordId":"f835e5d6-7235-42c4-b59c-52b926bd9c7c","RequestUrl":"https://orgab125973.crm.dynamics.com/api/data/v9.1/crec7_saplistofvaluetests(crec7_domain=327720001,crec7_language=865420000,crec7_valuecode='0001')?$select=modifiedon,createdon{\r\n  \"crec7_displayvalue\": \"Depósito Central\",\r\n  \"crec7_domain\": \"327720001\",\r\n  \"crec7_language\": \"865420000\",\r\n  \"crec7_valuecode\": \"0001\",\r\n  \"crec7_ParentValue@odata.bind\": \"/crec7_saplistofvaluetests(crec7_domain=865420003,crec7_language=865420000,crec7_valuecode='SP01')\"\r\n}"},{"ErrorCode":"CdsUserError","ErrorMessage":"{\"message\":\"A record with the specified key values does not exist in crec7_saplistofvaluetest entity\",\"cdsErrorCode\":\"0x80060891\",\"HelpLink\":\"http://go.microsoft.com/fwlink/?LinkID=398563&amp;error=Microsoft.Crm.CrmException%3a80060891&amp;client=platform\",\"InnerErrorMessage\":\"A record with the specified key values does not exist in crec7_saplistofvaluetest entity\",\"cdsRequestId\":\"2e5f5dde-c581-4088-9c72-cba71308830f\",\"cdsRequestUtcTime\":\"7/15/2024 1:59:42 AM\"}","CdsErrorCode":"0x80060891","RecordId":"a65d0dda-164f-4361-ba44-ac5c9d677251","RequestUrl":"https://orgab125973.crm.dynamics.com/api/data/v9.1/crec7_saplistofvaluetests(crec7_domain=327720001,crec7_language=865420000,crec7_valuecode='0001')?$select=modifiedon,createdon{\r\n  \"crec7_displayvalue\": \"Depósito Central\",\r\n  \"crec7_domain\": \"327720001\",\r\n  \"crec7_language\": \"865420000\",\r\n  \"crec7_valuecode\": \"0001\",\r\n  \"crec7_ParentValue@odata.bind\": \"/crec7_saplistofvaluetests(crec7_domain=865420003,crec7_language=865420000,crec7_valuecode='SP02')\"\r\n}"},{"ErrorCode":"CdsUserError","ErrorMessage":"{\"message\":\"A record with the specified key values does not exist in crec7_saplistofvaluetest entity\",\"cdsErrorCode\":\"0x80060891\",\"HelpLink\":\"http://go.microsoft.com/fwlink/?LinkID=398563&amp;error=Microsoft.Crm.CrmException%3a80060891&amp;client=platform\",\"InnerErrorMessage\":\"A record with the specified key values does not exist in crec7_saplistofvaluetest entity\",\"cdsRequestId\":\"76467a04-a8e6-426f-97ac-a4e8913bc44b\",\"cdsRequestUtcTime\":\"7/15/2024 1:59:42 AM\"}","CdsErrorCode":"0x80060891","RecordId":"e692bc67-6b49-46a2-a9fd-eb88c623afe2","RequestUrl":"https://orgab125973.crm.dynamics.com/api/data/v9.1/crec7_saplistofvaluetests(crec7_domain=327720001,crec7_language=865420000,crec7_valuecode='0001')?$select=modifiedon,createdon{\r\n  \"crec7_displayvalue\": \"Depósito Central\",\r\n  \"crec7_domain\": \"327720001\",\r\n  \"crec7_language\": \"865420000\",\r\n  \"crec7_valuecode\": \"0001\",\r\n  \"crec7_ParentValue@odata.bind\": \"/crec7_saplistofvaluetests(crec7_domain=865420003,crec7_language=865420000,crec7_valuecode='SP03')\"\r\n}"},{"ErrorCode":"CdsUserError","ErrorMessage":"{\"message\":\"A record with the specified key values does not exist in crec7_saplistofvaluetest entity\",\"cdsErrorCode\":\"0x80060891\",\"HelpLink\":\"http://go.microsoft.com/fwlink/?LinkID=398563&amp;error=Microsoft.Crm.CrmException%3a80060891&amp;client=platform\",\"InnerErrorMessage\":\"A record with the specified key values does not exist in crec7_saplistofvaluetest entity\",\"cdsRequestId\":\"0c1044a1-a329-4b68-b9b2-a24386e7589a\",\"cdsRequestUtcTime\":\"7/15/2024 1:59:58 AM\"}","CdsErrorCode":"0x80060891","RecordId":"96dd4059-3437-416b-a37a-092b7f3e6884","RequestUrl":"https://orgab125973.crm.dynamics.com/api/data/v9.1/crec7_saplistofvaluetests(crec7_domain=865420013,crec7_language=865420000,crec7_valuecode='D')?$select=modifiedon,createdon{\r\n  \"crec7_displayvalue\": \"Direct debiting ACH format\",\r\n  \"crec7_domain\": \"865420013\",\r\n  \"crec7_language\": \"865420000\",\r\n  \"crec7_valuecode\": \"D\",\r\n  \"crec7_ParentValue@odata.bind\": \"/crec7_saplistofvaluetests(crec7_domain=865420000,crec7_language=865420000,crec7_valuecode='USA')\"\r\n}"},{"ErrorCode":"CdsUserError","ErrorMessage":"{\"message\":\"A record with the specified key values does not exist in crec7_saplistofvaluetest entity\",\"cdsErrorCode\":\"0x80060891\",\"HelpLink\":\"http://go.microsoft.com/fwlink/?LinkID=398563&amp;error=Microsoft.Crm.CrmException%3a80060891&amp;client=platform\",\"InnerErrorMessage\":\"A record with the specified key values does not exist in crec7_saplistofvaluetest entity\",\"cdsRequestId\":\"adeb83a6-862e-43aa-bc88-7fe36c77e516\",\"cdsRequestUtcTime\":\"7/15/2024 1:59:58 AM\"}","CdsErrorCode":"0x80060891","RecordId":"ff002b21-c401-48cc-bbdd-2565c878cfe8","RequestUrl":"https://orgab125973.crm.dynamics.com/api/data/v9.1/crec7_saplistofvaluetests(crec7_domain=865420013,crec7_language=865420000,crec7_valuecode='T')?$select=modifiedon,createdon{\r\n  \"crec7_displayvalue\": \"Bank transfer-ACH format TEST!\",\r\n  \"crec7_domain\": \"865420013\",\r\n  \"crec7_language\": \"865420000\",\r\n  \"crec7_valuecode\": \"T\",\r\n  \"crec7_ParentValue@odata.bind\": \"/crec7_saplistofvaluetests(crec7_domain=865420000,crec7_language=865420000,crec7_valuecode='USA')\"\r\n}"},{"ErrorCode":"CdsUserError","ErrorMessage":"{\"message\":\"A record with the specified key values does not exist in crec7_saplistofvaluetest entity\",\"cdsErrorCode\":\"0x80060891\",\"HelpLink\":\"http://go.microsoft.com/fwlink/?LinkID=398563&amp;error=Microsoft.Crm.CrmException%3a80060891&amp;client=platform\",\"InnerErrorMessage\":\"A record with the specified key values does not exist in crec7_saplistofvaluetest entity\",\"cdsRequestId\":\"0a7b3bc7-82aa-48a6-98a6-45fbe2d75d4f\",\"cdsRequestUtcTime\":\"7/15/2024 2:00:05 AM\"}","CdsErrorCode":"0x80060891","RecordId":"ea12210e-8701-458f-8e5a-a26713914fad","RequestUrl":"https://orgab125973.crm.dynamics.com/api/data/v9.1/crec7_saplistofvaluetests(crec7_domain=327720001,crec7_language=865420000,crec7_valuecode='0001')?$select=modifiedon,createdon{\r\n  \"crec7_displayvalue\": \"RM Storage\",\r\n  \"crec7_domain\": \"327720001\",\r\n  \"crec7_language\": \"865420000\",\r\n  \"crec7_valuecode\": \"0001\",\r\n  \"crec7_ParentValue@odata.bind\": \"/crec7_saplistofvaluetests(crec7_domain=865420003,crec7_language=865420000,crec7_valuecode='ZIN1')\"\r\n}"},{"ErrorCode":"CdsUserError","ErrorMessage":"{\"message\":\"A record with the specified key values does not exist in crec7_saplistofvaluetest entity\",\"cdsErrorCode\":\"0x80060891\",\"HelpLink\":\"http://go.microsoft.com/fwlink/?LinkID=398563&amp;error=Microsoft.Crm.CrmException%3a80060891&amp;client=platform\",\"InnerErrorMessage\":\"A record with the specified key values does not exist in crec7_saplistofvaluetest entity\",\"cdsRequestId\":\"9b786c06-bce0-400e-b7e8-d8eccaa297d3\",\"cdsRequestUtcTime\":\"7/15/2024 2:00:05 AM\"}","CdsErrorCode":"0x80060891","RecordId":"b474a4a3-bfe6-438c-b36e-f519b2e01f12","RequestUrl":"https://orgab125973.crm.dynamics.com/api/data/v9.1/crec7_saplistofvaluetests(crec7_domain=327720001,crec7_language=865420000,crec7_valuecode='0002')?$select=modifiedon,createdon{\r\n  \"crec7_displayvalue\": \"Shopfloor Area\",\r\n  \"crec7_domain\": \"327720001\",\r\n  \"crec7_language\": \"865420000\",\r\n  \"crec7_valuecode\": \"0002\",\r\n  \"crec7_ParentValue@odata.bind\": \"/crec7_saplistofvaluetests(crec7_domain=865420003,crec7_language=865420000,crec7_valuecode='ZIN1')\"\r\n}"},{"ErrorCode":"CdsUserError","ErrorMessage":"{\"message\":\"A record with the specified key values does not exist in crec7_saplistofvaluetest entity\",\"cdsErrorCode\":\"0x80060891\",\"HelpLink\":\"http://go.microsoft.com/fwlink/?LinkID=398563&amp;error=Microsoft.Crm.CrmException%3a80060891&amp;client=platform\",\"InnerErrorMessage\":\"A record with the specified key values does not exist in crec7_saplistofvaluetest entity\",\"cdsRequestId\":\"643d9d94-0f33-45e7-8bdf-1de45cf26eec\",\"cdsRequestUtcTime\":\"7/15/2024 2:00:05 AM\"}","CdsErrorCode":"0x80060891","RecordId":"4794a44d-d4b4-401a-a5d6-8a269f3377ae","RequestUrl":"https://orgab125973.crm.dynamics.com/api/data/v9.1/crec7_saplistofvaluetests(crec7_domain=327720001,crec7_language=865420000,crec7_valuecode='0001')?$select=modifiedon,createdon{\r\n  \"crec7_displayvalue\": \"Depósito Central\",\r\n  \"crec7_domain\": \"327720001\",\r\n  \"crec7_language\": \"865420000\",\r\n  \"crec7_valuecode\": \"0001\",\r\n  \"crec7_ParentValue@odata.bind\": \"/crec7_saplistofvaluetests(crec7_domain=865420003,crec7_language=865420000,crec7_valuecode='ZF01')\"\r\n}"},{"ErrorCode":"CdsUserError","ErrorMessage":"{\"message\":\"A record with the specified key values does not exist in crec7_saplistofvaluetest entity\",\"cdsErrorCode\":\"0x80060891\",\"HelpLink\":\"http://go.microsoft.com/fwlink/?LinkID=398563&amp;error=Microsoft.Crm.CrmException%3a80060891&amp;client=platform\",\"InnerErrorMessage\":\"A record with the specified key values does not exist in crec7_saplistofvaluetest entity\",\"cdsRequestId\":\"7286da01-b6e8-402c-88d6-12d7fa4578e5\",\"cdsRequestUtcTime\":\"7/15/2024 2:00:05 AM\"}","CdsErrorCode":"0x80060891","RecordId":"2b3ef795-2a8e-4196-99bf-d7f90c789c4a","RequestUrl":"https://orgab125973.crm.dynamics.com/api/data/v9.1/crec7_saplistofvaluetests(crec7_domain=327720001,crec7_language=865420000,crec7_valuecode='0005')?$select=modifiedon,createdon{\r\n  \"crec7_displayvalue\": \"Scrap\",\r\n  \"crec7_domain\": \"327720001\",\r\n  \"crec7_language\": \"865420000\",\r\n  \"crec7_valuecode\": \"0005\",\r\n  \"crec7_ParentValue@odata.bind\": \"/crec7_saplistofvaluetests(crec7_domain=865420003,crec7_language=865420000,crec7_valuecode='ZIN1')\"\r\n}"},{"ErrorCode":"CdsUserError","ErrorMessage":"{\"message\":\"A record with the specified key values does not exist in crec7_saplistofvaluetest entity\",\"cdsErrorCode\":\"0x80060891\",\"HelpLink\":\"http://go.microsoft.com/fwlink/?LinkID=398563&amp;error=Microsoft.Crm.CrmException%3a80060891&amp;client=platform\",\"InnerErrorMessage\":\"A record with the specified key values does not exist in crec7_saplistofvaluetest entity\",\"cdsRequestId\":\"fe219712-5d52-4b91-9472-15f21e1e4577\",\"cdsRequestUtcTime\":\"7/15/2024 2:00:05 AM\"}","CdsErrorCode":"0x80060891","RecordId":"dac72c44-8387-431f-87f1-0dfc1e1e84c2","RequestUrl":"https://orgab125973.crm.dynamics.com/api/data/v9.1/crec7_saplistofvaluetests(crec7_domain=327720001,crec7_language=865420000,crec7_valuecode='0003')?$select=modifiedon,createdon{\r\n  \"crec7_displayvalue\": \"Production Recei\",\r\n  \"crec7_domain\": \"327720001\",\r\n  \"crec7_language\": \"865420000\",\r\n  \"crec7_valuecode\": \"0003\",\r\n  \"crec7_ParentValue@odata.bind\": \"/crec7_saplistofvaluetests(crec7_domain=865420003,crec7_language=865420000,crec7_valuecode='ZIN1')\"\r\n}"}]},"ExceptionInfo":null,"Warnings":[],"ErrorCount":28,"UpsertCount":6692,"PartitionsRefreshHistory":[{"Name":"new_saptemplatesyncdomain.csv","StartTime":"2024-07-15T01:53:04.1256457+00:00","EndTime":"2024-07-15T01:53:10.6599387+00:00","LastUpdateTime":"2024-07-15T01:53:10.6599387+00:00","RefreshStatus":"Success","ComputeEngines":[],"DataSourceStatistics":[{"DataSourceType":"CommonDataService","BytesRead":0,"BytesWritten":0,"RowsRead":18,"RowsWritten":0},{"DataSourceType":"AzureDataLakeStorage","BytesRead":0,"BytesWritten":595521,"RowsRead":0,"RowsWritten":0}],"ErrorInfo":null,"Warnings":[],"ExceptionInfo":null}],"InsertCount":3354}],"ActionsRefreshHistory":[],"ModelSnapshotPath":null},{"DataflowId":"5a5ef926-c8a6-4834-96e2-4deca206f373","TransactionId":"37e3b9d0-d8e6-4591-b97e-3d2508e7140a","DataflowName":"SAP Sync Domains","RequestId":"bf92c8cd-61f0-437d-8969-3a6868fb361d","SessionId":null,"StartTime":"2024-07-25T19:58:19.3126317+00:00","EndTime":"2024-07-25T20:11:07.3276541+00:00","RefreshType":"RefreshTypeOneTime","RefreshStatus":"Failed","ErrorInfo":{"ErrorCode":"LoadToCdsFailed","ErrorMessage":null},"EntitiesRefreshHistory":[{"DataflowId":"5a5ef926-c8a6-4834-96e2-4deca206f373","DataflowName":"SAP Sync Domains","EntityName":"new_saptemplatesyncdomain","StartTime":"2024-07-25T19:58:50.1955968+00:00","EndTime":"2024-07-25T20:10:54.5326059+00:00","RefreshStatus":"Failed","ErrorInfo":{"EvaluationResult":null,"ErrorMessage":null,"ErrorCode":null,"LoadToCdsErrorInfo":[{"ErrorCode":"CdsUserError","ErrorMessage":"{\"message\":\"A record with the specified key values does not exist in crec7_saplistofvaluetest entity\",\"cdsErrorCode\":\"0x80060891\",\"HelpLink\":\"http://go.microsoft.com/fwlink/?LinkID=398563&amp;error=Microsoft.Crm.CrmException%3a80060891&amp;client=platform\",\"InnerErrorMessage\":\"A record with the specified key values does not exist in crec7_saplistofvaluetest entity\",\"cdsRequestId\":\"746c7c7f-05ca-4096-9ab2-20baa32025fe\",\"cdsRequestUtcTime\":\"7/25/2024 8:02:00 PM\"}","CdsErrorCode":"0x80060891","RecordId":"0f0b365b-eec5-4c89-812a-e7a6cec407ce","RequestUrl":"https://orgab125973.crm.dynamics.com/api/data/v9.1/crec7_saplistofvaluetests(crec7_domain=327720001,crec7_language=865420000,crec7_valuecode='0001')?$select=modifiedon,createdon{\r\n  \"crec7_displayvalue\": \"Materiallager\",\r\n  \"crec7_domain\": \"327720001\",\r\n  \"crec7_language\": \"865420000\",\r\n  \"crec7_valuecode\": \"0001\",\r\n  \"crec7_ParentValue@odata.bind\": \"/crec7_saplistofvaluetests(crec7_domain=865420003,crec7_language=865420000,crec7_valuecode='1410')\"\r\n}"},{"ErrorCode":"CdsUserError","ErrorMessage":"{\"message\":\"A record with the specified key values does not exist in crec7_saplistofvaluetest entity\",\"cdsErrorCode\":\"0x80060891\",\"HelpLink\":\"http://go.microsoft.com/fwlink/?LinkID=398563&amp;error=Microsoft.Crm.CrmException%3a80060891&amp;client=platform\",\"InnerErrorMessage\":\"A record with the specified key values does not exist in crec7_saplistofvaluetest entity\",\"cdsRequestId\":\"27d3ce5a-0b79-474c-8863-08ce5ad26123\",\"cdsRequestUtcTime\":\"7/25/2024 8:02:00 PM\"}","CdsErrorCode":"0x80060891","RecordId":"c4938a56-ce04-406c-92b3-cca0d8bb01a7","RequestUrl":"https://orgab125973.crm.dynamics.com/api/data/v9.1/crec7_saplistofvaluetests(crec7_domain=327720001,crec7_language=865420000,crec7_valuecode='0002')?$select=modifiedon,createdon{\r\n  \"crec7_displayvalue\": \"Fertiwaren\",\r\n  \"crec7_domain\": \"327720001\",\r\n  \"crec7_language\": \"865420000\",\r\n  \"crec7_valuecode\": \"0002\",\r\n  \"crec7_ParentValue@odata.bind\": \"/crec7_saplistofvaluetests(crec7_domain=865420003,crec7_language=865420000,crec7_valuecode='1410')\"\r\n}"},{"ErrorCode":"CdsUserError","ErrorMessage":"{\"message\":\"A record with the specified key values does not exist in crec7_saplistofvaluetest entity\",\"cdsErrorCode\":\"0x80060891\",\"HelpLink\":\"http://go.microsoft.com/fwlink/?LinkID=398563&amp;error=Microsoft.Crm.CrmException%3a80060891&amp;client=platform\",\"InnerErrorMessage\":\"A record with the specified key values does not exist in crec7_saplistofvaluetest entity\",\"cdsRequestId\":\"ce182fcb-c639-4249-a017-14ba36083bcf\",\"cdsRequestUtcTime\":\"7/25/2024 8:04:40 PM\"}","CdsErrorCode":"0x80060891","RecordId":"a9716967-24dc-4f2d-bb1e-e8043b3daead","RequestUrl":"https://orgab125973.crm.dynamics.com/api/data/v9.1/crec7_saplistofvaluetests(crec7_domain=327720001,crec7_language=865420000,crec7_valuecode='0088')?$select=modifiedon,createdon{\r\n  \"crec7_displayvalue\": \"Lager 0088 (WM)\",\r\n  \"crec7_domain\": \"327720001\",\r\n  \"crec7_language\": \"865420000\",\r\n  \"crec7_valuecode\": \"0088\",\r\n  \"crec7_ParentValue@odata.bind\": \"/crec7_saplistofvaluetests(crec7_domain=865420003,crec7_language=865420000,crec7_valuecode='6701')\"\r\n}"},{"ErrorCode":"CdsUserError","ErrorMessage":"{\"message\":\"A record with the specified key values does not exist in crec7_saplistofvaluetest entity\",\"cdsErrorCode\":\"0x80060891\",\"HelpLink\":\"http://go.microsoft.com/fwlink/?LinkID=398563&amp;error=Microsoft.Crm.CrmException%3a80060891&amp;client=platform\",\"InnerErrorMessage\":\"A record with the specified key values does not exist in crec7_saplistofvaluetest entity\",\"cdsRequestId\":\"6707a40f-afc4-49ce-a3a3-777bff8153b7\",\"cdsRequestUtcTime\":\"7/25/2024 8:04:40 PM\"}","CdsErrorCode":"0x80060891","RecordId":"11930e0d-2360-49e6-8fdd-d5ebd0e06fac","RequestUrl":"https://orgab125973.crm.dynamics.com/api/data/v9.1/crec7_saplistofvaluetests(crec7_domain=327720001,crec7_language=865420000,crec7_valuecode='0005')?$select=modifiedon,createdon{\r\n  \"crec7_displayvalue\": \"raw Material(wm)\",\r\n  \"crec7_domain\": \"327720001\",\r\n  \"crec7_language\": \"865420000\",\r\n  \"crec7_valuecode\": \"0005\",\r\n  \"crec7_ParentValue@odata.bind\": \"/crec7_saplistofvaluetests(crec7_domain=865420003,crec7_language=865420000,crec7_valuecode='6701')\"\r\n}"},