{"ErrorCode":"CdsUserError","ErrorMessage":"{\"message\":\"A record with the specified key values does not exist in crec7_saplistofvaluetest entity\",\"cdsErrorCode\":\"0x80060891\",\"HelpLink\":\"http://go.microsoft.com/fwlink/?LinkID=398563&amp;error=Microsoft.Crm.CrmException%3a80060891&amp;client=platform\",\"InnerErrorMessage\":\"A record with the specified key values does not exist in crec7_saplistofvaluetest entity\",\"cdsRequestId\":\"5d6a2ba3-6dd2-45b6-a95d-fe80e3f1eb0b\",\"cdsRequestUtcTime\":\"7/30/2024 12:23:32 AM\"}","CdsErrorCode":"0x80060891","RecordId":"8f1f51d7-4419-43a0-a7d9-85fd42bbaa32","RequestUrl":"https://orgab125973.crm.dynamics.com/api/data/v9.1/crec7_saplistofvaluetests(crec7_domain=327720001,crec7_language=865420000,crec7_valuecode='0001')?$select=modifiedon,createdon{\r\n  \"crec7_displayvalue\": \"Lean WM SL\",\r\n  \"crec7_domain\": \"327720001\",\r\n  \"crec7_language\": \"865420000\",\r\n  \"crec7_valuecode\": \"0001\",\r\n  \"crec7_ParentValue@odata.bind\": \"/crec7_saplistofvaluetests(crec7_domain=865420003,crec7_language=865420000,crec7_valuecode='9999')\"\r\n}"},{"ErrorCode":"CdsUserError","ErrorMessage":"{\"message\":\"A record with the specified key values does not exist in crec7_saplistofvaluetest entity\",\"cdsErrorCode\":\"0x80060891\",\"HelpLink\":\"http://go.microsoft.com/fwlink/?LinkID=398563&amp;error=Microsoft.Crm.CrmException%3a80060891&amp;client=platform\",\"InnerErrorMessage\":\"A record with the specified key values does not exist in crec7_saplistofvaluetest entity\",\"cdsRequestId\":\"7174c91a-e0f6-4775-b7f6-5fe15e4dd265\",\"cdsRequestUtcTime\":\"7/30/2024 12:23:32 AM\"}","CdsErrorCode":"0x80060891","RecordId":"0e943582-1306-4105-9cdf-fdd66e1208fb","RequestUrl":"https://orgab125973.crm.dynamics.com/api/data/v9.1/crec7_saplistofvaluetests(crec7_domain=327720001,crec7_language=865420000,crec7_valuecode='0002')?$select=modifiedon,createdon{\r\n  \"crec7_displayvalue\": \"MM Storage Loc.\",\r\n  \"crec7_domain\": \"327720001\",\r\n  \"crec7_language\": \"865420000\",\r\n  \"crec7_valuecode\": \"0002\",\r\n  \"crec7_ParentValue@odata.bind\": \"/crec7_saplistofvaluetests(crec7_domain=865420003,crec7_language=865420000,crec7_valuecode='9999')\"\r\n}"},{"ErrorCode":"CdsUserError","ErrorMessage":"{\"message\":\"A record with the specified key values does not exist in crec7_saplistofvaluetest entity\",\"cdsErrorCode\":\"0x80060891\",\"HelpLink\":\"http://go.microsoft.com/fwlink/?LinkID=398563&amp;error=Microsoft.Crm.CrmException%3a80060891&amp;client=platform\",\"InnerErrorMessage\":\"A record with the specified key values does not exist in crec7_saplistofvaluetest entity\",\"cdsRequestId\":\"996ad9ee-eb05-4fcc-972b-df5ed128043c\",\"cdsRequestUtcTime\":\"7/30/2024 12:23:32 AM\"}","CdsErrorCode":"0x80060891","RecordId":"9e6102e3-56c8-4848-8644-a784952f56e8","RequestUrl":"https://orgab125973.crm.dynamics.com/api/data/v9.1/crec7_saplistofvaluetests(crec7_domain=327720001,crec7_language=865420000,crec7_valuecode='0003')?$select=modifiedon,createdon{\r\n  \"crec7_displayvalue\": \"CD Storage Loc.\",\r\n  \"crec7_domain\": \"327720001\",\r\n  \"crec7_language\": \"865420000\",\r\n  \"crec7_valuecode\": \"0003\",\r\n  \"crec7_ParentValue@odata.bind\": \"/crec7_saplistofvaluetests(crec7_domain=865420003,crec7_language=865420000,crec7_valuecode='9999')\"\r\n}"},{"ErrorCode":"CdsUserError","ErrorMessage":"{\"message\":\"A record with the specified key values does not exist in crec7_saplistofvaluetest entity\",\"cdsErrorCode\":\"0x80060891\",\"HelpLink\":\"http://go.microsoft.com/fwlink/?LinkID=398563&amp;error=Microsoft.Crm.CrmException%3a80060891&amp;client=platform\",\"InnerErrorMessage\":\"A record with the specified key values does not exist in crec7_saplistofvaluetest entity\",\"cdsRequestId\":\"7c146458-0aa9-428f-85b4-74fc07482d83\",\"cdsRequestUtcTime\":\"7/30/2024 12:23:47 AM\"}","CdsErrorCode":"0x80060891","RecordId":"340d3395-8791-43af-a83e-bd10cdfea891","RequestUrl":"https://orgab125973.crm.dynamics.com/api/data/v9.1/crec7_saplistofvaluetests(crec7_domain=327720001,crec7_language=865420000,crec7_valuecode='0001')?$select=modifiedon,createdon{\r\n  \"crec7_displayvalue\": \"Depósito Central\",\r\n  \"crec7_domain\": \"327720001\",\r\n  \"crec7_language\": \"865420000\",\r\n  \"crec7_valuecode\": \"0001\",\r\n  \"crec7_ParentValue@odata.bind\": \"/crec7_saplistofvaluetests(crec7_domain=865420003,crec7_language=865420000,crec7_valuecode='BH01')\"\r\n}"},{"ErrorCode":"CdsUserError","ErrorMessage":"{\"message\":\"A record with the specified key values does not exist in crec7_saplistofvaluetest entity\",\"cdsErrorCode\":\"0x80060891\",\"HelpLink\":\"http://go.microsoft.com/fwlink/?LinkID=398563&amp;error=Microsoft.Crm.CrmException%3a80060891&amp;client=platform\",\"InnerErrorMessage\":\"A record with the specified key values does not exist in crec7_saplistofvaluetest entity\",\"cdsRequestId\":\"6d9fcdc8-e72d-4bcf-8f12-10610c5c18b2\",\"cdsRequestUtcTime\":\"7/30/2024 12:25:45 AM\"}","CdsErrorCode":"0x80060891","RecordId":"fa6807f3-2750-4e95-89d1-22f5fade2256","RequestUrl":"https://orgab125973.crm.dynamics.com/api/data/v9.1/crec7_saplistofvaluetests(crec7_domain=327720001,crec7_language=865420000,crec7_valuecode='REST')?$select=modifiedon,createdon{\r\n  \"crec7_displayvalue\": \"Rest\",\r\n  \"crec7_domain\": \"327720001\",\r\n  \"crec7_language\": \"865420000\",\r\n  \"crec7_valuecode\": \"REST\",\r\n  \"crec7_ParentValue@odata.bind\": \"/crec7_saplistofvaluetests(crec7_domain=865420003,crec7_language=865420000,crec7_valuecode='REST')\"\r\n}"},{"ErrorCode":"CdsUserError","ErrorMessage":"{\"message\":\"A record with the specified key values does not exist in crec7_saplistofvaluetest entity\",\"cdsErrorCode\":\"0x80060891\",\"HelpLink\":\"http://go.microsoft.com/fwlink/?LinkID=398563&amp;error=Microsoft.Crm.CrmException%3a80060891&amp;client=platform\",\"InnerErrorMessage\":\"A record with the specified key values does not exist in crec7_saplistofvaluetest entity\",\"cdsRequestId\":\"add21591-55d3-4e07-8c8f-ed05a9409fda\",\"cdsRequestUtcTime\":\"7/30/2024 12:25:45 AM\"}","CdsErrorCode":"0x80060891","RecordId":"9672fdde-161e-4db8-8af6-d430930d9b03","RequestUrl":"https://orgab125973.crm.dynamics.com/api/data/v9.1/crec7_saplistofvaluetests(crec7_domain=327720001,crec7_language=865420000,crec7_valuecode='0001')?$select=modifiedon,createdon{\r\n  \"crec7_displayvalue\": \"Depósito Central\",\r\n  \"crec7_domain\": \"327720001\",\r\n  \"crec7_language\": \"865420000\",\r\n  \"crec7_valuecode\": \"0001\",\r\n  \"crec7_ParentValue@odata.bind\": \"/crec7_saplistofvaluetests(crec7_domain=865420003,crec7_language=865420000,crec7_valuecode='RJ01')\"\r\n}"},{"ErrorCode":"CdsUserError","ErrorMessage":"{\"message\":\"A record with the specified key values does not exist in crec7_saplistofvaluetest entity\",\"cdsErrorCode\":\"0x80060891\",\"HelpLink\":\"http://go.microsoft.com/fwlink/?LinkID=398563&amp;error=Microsoft.Crm.CrmException%3a80060891&amp;client=platform\",\"InnerErrorMessage\":\"A record with the specified key values does not exist in crec7_saplistofvaluetest entity\",\"cdsRequestId\":\"298c5461-9c4a-40c6-b98f-5fb076166f7f\",\"cdsRequestUtcTime\":\"7/30/2024 12:26:44 AM\"}","CdsErrorCode":"0x80060891","RecordId":"b5aa98ce-9c5d-4428-817d-755872259748","RequestUrl":"https://orgab125973.crm.dynamics.com/api/data/v9.1/crec7_saplistofvaluetests(crec7_domain=327720001,crec7_language=865420000,crec7_valuecode='0001')?$select=modifiedon,createdon{\r\n  \"crec7_displayvalue\": \"Depósito Central\",\r\n  \"crec7_domain\": \"327720001\",\r\n  \"crec7_language\": \"865420000\",\r\n  \"crec7_valuecode\": \"0001\",\r\n  \"crec7_ParentValue@odata.bind\": \"/crec7_saplistofvaluetests(crec7_domain=865420003,crec7_language=865420000,crec7_valuecode='SP02')\"\r\n}"},{"ErrorCode":"CdsUserError","ErrorMessage":"{\"message\":\"A record with the specified key values does not exist in crec7_saplistofvaluetest entity\",\"cdsErrorCode\":\"0x80060891\",\"HelpLink\":\"http://go.microsoft.com/fwlink/?LinkID=398563&amp;error=Microsoft.Crm.CrmException%3a80060891&amp;client=platform\",\"InnerErrorMessage\":\"A record with the specified key values does not exist in crec7_saplistofvaluetest entity\",\"cdsRequestId\":\"92c1eceb-bf2e-45c7-8833-d0daccb73dee\",\"cdsRequestUtcTime\":\"7/30/2024 12:26:44 AM\"}","CdsErrorCode":"0x80060891","RecordId":"7a327c9e-666e-4aad-8ea9-bd020ae2912a","RequestUrl":"https://orgab125973.crm.dynamics.com/api/data/v9.1/crec7_saplistofvaluetests(crec7_domain=327720001,crec7_language=865420000,crec7_valuecode='0001')?$select=modifiedon,createdon{\r\n  \"crec7_displayvalue\": \"Depósito Central\",\r\n  \"crec7_domain\": \"327720001\",\r\n  \"crec7_language\": \"865420000\",\r\n  \"crec7_valuecode\": \"0001\",\r\n  \"crec7_ParentValue@odata.bind\": \"/crec7_saplistofvaluetests(crec7_domain=865420003,crec7_language=865420000,crec7_valuecode='SP01')\"\r\n}"},{"ErrorCode":"CdsUserError","ErrorMessage":"{\"message\":\"A record with the specified key values does not exist in crec7_saplistofvaluetest entity\",\"cdsErrorCode\":\"0x80060891\",\"HelpLink\":\"http://go.microsoft.com/fwlink/?LinkID=398563&amp;error=Microsoft.Crm.CrmException%3a80060891&amp;client=platform\",\"InnerErrorMessage\":\"A record with the specified key values does not exist in crec7_saplistofvaluetest entity\",\"cdsRequestId\":\"94bdfd8a-7f22-4e3b-94cd-5130611d4c48\",\"cdsRequestUtcTime\":\"7/30/2024 12:26:45 AM\"}","CdsErrorCode":"0x80060891","RecordId":"261398a1-4c31-4e8c-8767-1ca9a2fbf110","RequestUrl":"https://orgab125973.crm.dynamics.com/api/data/v9.1/crec7_saplistofvaluetests(crec7_domain=327720001,crec7_language=865420000,crec7_valuecode='0001')?$select=modifiedon,createdon{\r\n  \"crec7_displayvalue\": \"Depósito Central\",\r\n  \"crec7_domain\": \"327720001\",\r\n  \"crec7_language\": \"865420000\",\r\n  \"crec7_valuecode\": \"0001\",\r\n  \"crec7_ParentValue@odata.bind\": \"/crec7_saplistofvaluetests(crec7_domain=865420003,crec7_language=865420000,crec7_valuecode='SP03')\"\r\n}"},{"ErrorCode":"CdsUserError","ErrorMessage":"{\"message\":\"A record with the specified key values does not exist in crec7_saplistofvaluetest entity\",\"cdsErrorCode\":\"0x80060891\",\"HelpLink\":\"http://go.microsoft.com/fwlink/?LinkID=398563&amp;error=Microsoft.Crm.CrmException%3a80060891&amp;client=platform\",\"InnerErrorMessage\":\"A record with the specified key values does not exist in crec7_saplistofvaluetest entity\",\"cdsRequestId\":\"51d01ea5-86c7-4a0e-b225-565e1a050c31\",\"cdsRequestUtcTime\":\"7/30/2024 12:27:01 AM\"}","CdsErrorCode":"0x80060891","RecordId":"8eb33093-5b55-4ae2-b42a-ce499696e5af","RequestUrl":"https://orgab125973.crm.dynamics.com/api/data/v9.1/crec7_saplistofvaluetests(crec7_domain=865420013,crec7_language=865420000,crec7_valuecode='T')?$select=modifiedon,createdon{\r\n  \"crec7_displayvalue\": \"Bank transfer-ACH format TEST!\",\r\n  \"crec7_domain\": \"865420013\",\r\n  \"crec7_language\": \"865420000\",\r\n  \"crec7_valuecode\": \"T\",\r\n  \"crec7_ParentValue@odata.bind\": \"/crec7_saplistofvaluetests(crec7_domain=865420000,crec7_language=865420000,crec7_valuecode='USA')\"\r\n}"},{"ErrorCode":"CdsUserError","ErrorMessage":"{\"message\":\"A record with the specified key values does not exist in crec7_saplistofvaluetest entity\",\"cdsErrorCode\":\"0x80060891\",\"HelpLink\":\"http://go.microsoft.com/fwlink/?LinkID=398563&amp;error=Microsoft.Crm.CrmException%3a80060891&amp;client=platform\",\"InnerErrorMessage\":\"A record with the specified key values does not exist in crec7_saplistofvaluetest entity\",\"cdsRequestId\":\"e954e895-355e-41e3-bb78-ecbff2cabbf0\",\"cdsRequestUtcTime\":\"7/30/2024 12:27:01 AM\"}","CdsErrorCode":"0x80060891","RecordId":"ed46ee47-bdd9-4176-bcf4-3edc11cb0caa","RequestUrl":"https://orgab125973.crm.dynamics.com/api/data/v9.1/crec7_saplistofvaluetests(crec7_domain=865420013,crec7_language=865420000,crec7_valuecode='D')?$select=modifiedon,createdon{\r\n  \"crec7_displayvalue\": \"Direct debiting ACH format\",\r\n  \"crec7_domain\": \"865420013\",\r\n  \"crec7_language\": \"865420000\",\r\n  \"crec7_valuecode\": \"D\",\r\n  \"crec7_ParentValue@odata.bind\": \"/crec7_saplistofvaluetests(crec7_domain=865420000,crec7_language=865420000,crec7_valuecode='USA')\"\r\n}"},{"ErrorCode":"CdsUserError","ErrorMessage":"{\"message\":\"A record with the specified key values does not exist in crec7_saplistofvaluetest entity\",\"cdsErrorCode\":\"0x80060891\",\"HelpLink\":\"http://go.microsoft.com/fwlink/?LinkID=398563&amp;error=Microsoft.Crm.CrmException%3a80060891&amp;client=platform\",\"InnerErrorMessage\":\"A record with the specified key values does not exist in crec7_saplistofvaluetest entity\",\"cdsRequestId\":\"aa76a7e3-b66d-4dba-8f5c-8f6abd137410\",\"cdsRequestUtcTime\":\"7/30/2024 12:27:08 AM\"}","CdsErrorCode":"0x80060891","RecordId":"3ce8294b-8837-4ce2-a01a-0e8c0da932ea","RequestUrl":"https://orgab125973.crm.dynamics.com/api/data/v9.1/crec7_saplistofvaluetests(crec7_domain=327720001,crec7_language=865420000,crec7_valuecode='0001')?$select=modifiedon,createdon{\r\n  \"crec7_displayvalue\": \"Depósito Central\",\r\n  \"crec7_domain\": \"327720001\",\r\n  \"crec7_language\": \"865420000\",\r\n  \"crec7_valuecode\": \"0001\",\r\n  \"crec7_ParentValue@odata.bind\": \"/crec7_saplistofvaluetests(crec7_domain=865420003,crec7_language=865420000,crec7_valuecode='ZF01')\"\r\n}"},{"ErrorCode":"CdsUserError","ErrorMessage":"{\"message\":\"A record with the specified key values does not exist in crec7_saplistofvaluetest entity\",\"cdsErrorCode\":\"0x80060891\",\"HelpLink\":\"http://go.microsoft.com/fwlink/?LinkID=398563&amp;error=Microsoft.Crm.CrmException%3a80060891&amp;client=platform\",\"InnerErrorMessage\":\"A record with the specified key values does not exist in crec7_saplistofvaluetest entity\",\"cdsRequestId\":\"6eb5c141-b44b-41df-83ac-21ab92e25eaf\",\"cdsRequestUtcTime\":\"7/30/2024 12:27:08 AM\"}","CdsErrorCode":"0x80060891","RecordId":"1490fc6a-e92c-4c36-b33b-90cebb83cdcc","RequestUrl":"https://orgab125973.crm.dynamics.com/api/data/v9.1/crec7_saplistofvaluetests(crec7_domain=327720001,crec7_language=865420000,crec7_valuecode='0006')?$select=modifiedon,createdon{\r\n  \"crec7_displayvalue\": \"Reprocess\",\r\n  \"crec7_domain\": \"327720001\",\r\n  \"crec7_language\": \"865420000\",\r\n  \"crec7_valuecode\": \"0006\",\r\n  \"crec7_ParentValue@odata.bind\": \"/crec7_saplistofvaluetests(crec7_domain=865420003,crec7_language=865420000,crec7_valuecode='ZIN1')\"\r\n}"},{"ErrorCode":"CdsUserError","ErrorMessage":"{\"message\":\"A record with the specified key values does not exist in crec7_saplistofvaluetest entity\",\"cdsErrorCode\":\"0x80060891\",\"HelpLink\":\"http://go.microsoft.com/fwlink/?LinkID=398563&amp;error=Microsoft.Crm.CrmException%3a80060891&amp;client=platform\",\"InnerErrorMessage\":\"A record with the specified key values does not exist in crec7_saplistofvaluetest entity\",\"cdsRequestId\":\"8ca38a1a-ce22-496c-a46d-76d11e4bd724\",\"cdsRequestUtcTime\":\"7/30/2024 12:27:08 AM\"}","CdsErrorCode":"0x80060891","RecordId":"469820f1-0c57-4cd8-b5c5-118947ae10f2","RequestUrl":"https://orgab125973.crm.dynamics.com/api/data/v9.1/crec7_saplistofvaluetests(crec7_domain=327720001,crec7_language=865420000,crec7_valuecode='0005')?$select=modifiedon,createdon{\r\n  \"crec7_displayvalue\": \"Scrap\",\r\n  \"crec7_domain\": \"327720001\",\r\n  \"crec7_language\": \"865420000\",\r\n  \"crec7_valuecode\": \"0005\",\r\n  \"crec7_ParentValue@odata.bind\": \"/crec7_saplistofvaluetests(crec7_domain=865420003,crec7_language=865420000,crec7_valuecode='ZIN1')\"\r\n}"},{"ErrorCode":"CdsUserError","ErrorMessage":"{\"message\":\"A record with the specified key values does not exist in crec7_saplistofvaluetest entity\",\"cdsErrorCode\":\"0x80060891\",\"HelpLink\":\"http://go.microsoft.com/fwlink/?LinkID=398563&amp;error=Microsoft.Crm.CrmException%3a80060891&amp;client=platform\",\"InnerErrorMessage\":\"A record with the specified key values does not exist in crec7_saplistofvaluetest entity\",\"cdsRequestId\":\"c2aa736a-0512-40d9-bd55-80a2bf06e813\",\"cdsRequestUtcTime\":\"7/30/2024 12:27:08 AM\"}","CdsErrorCode":"0x80060891","RecordId":"e69f933b-f53f-44c7-8a3a-c677d10bf699","RequestUrl":"https://orgab125973.crm.dynamics.com/api/data/v9.1/crec7_saplistofvaluetests(crec7_domain=327720001,crec7_language=865420000,crec7_valuecode='IN47')?$select=modifiedon,createdon{\r\n  \"crec7_displayvalue\": \"Heavy material\",\r\n  \"crec7_domain\": \"327720001\",\r\n  \"crec7_language\": \"865420000\",\r\n  \"crec7_valuecode\": \"IN47\",\r\n  \"crec7_ParentValue@odata.bind\": \"/crec7_saplistofvaluetests(crec7_domain=865420003,crec7_language=865420000,crec7_valuecode='ZIN1')\"\r\n}"},{"ErrorCode":"CdsUserError","ErrorMessage":"{\"message\":\"A record with the specified key values does not exist in crec7_saplistofvaluetest entity\",\"cdsErrorCode\":\"0x80060891\",\"HelpLink\":\"http://go.microsoft.com/fwlink/?LinkID=398563&amp;error=Microsoft.Crm.CrmException%3a80060891&amp;client=platform\",\"InnerErrorMessage\":\"A record with the specified key values does not exist in crec7_saplistofvaluetest entity\",\"cdsRequestId\":\"1772bbc9-e84b-4881-aa6b-25c1580ab6fc\",\"cdsRequestUtcTime\":\"7/30/2024 12:27:08 AM\"}","CdsErrorCode":"0x80060891","RecordId":"e2f31e14-2198-40a7-ba6a-6b6c8891f722","RequestUrl":"https://orgab125973.crm.dynamics.com/api/data/v9.1/crec7_saplistofvaluetests(crec7_domain=327720001,crec7_language=865420000,crec7_valuecode='0003')?$select=modifiedon,createdon{\r\n  \"crec7_displayvalue\": \"Production Recei\",\r\n  \"crec7_domain\": \"327720001\",\r\n  \"crec7_language\": \"865420000\",\r\n  \"crec7_valuecode\": \"0003\",\r\n  \"crec7_ParentValue@odata.bind\": \"/crec7_saplistofvaluetests(crec7_domain=865420003,crec7_language=865420000,crec7_valuecode='ZIN1')\"\r\n}"}]},"ExceptionInfo":null,"Warnings":[],"ErrorCount":28,"UpsertCount":8005,"PartitionsRefreshHistory":[{"Name":"new_saptemplatesyncdomain.csv","StartTime":"2024-07-30T00:20:48.7438306+00:00","EndTime":"2024-07-30T00:20:55.362736+00:00","LastUpdateTime":"2024-07-30T00:20:55.362736+00:00","RefreshStatus":"Success","ComputeEngines":[],"DataSourceStatistics":[{"DataSourceType":"CommonDataService","BytesRead":0,"BytesWritten":0,"RowsRead":4,"RowsWritten":0},{"DataSourceType":"AzureDataLakeStorage","BytesRead":0,"BytesWritten":507470,"RowsRead":0,"RowsWritten":0}],"ErrorInfo":null,"Warnings":[],"ExceptionInfo":null}],"InsertCount":0}],"ActionsRefreshHistory":[],"ModelSnapshotPath":null},{"DataflowId":"5a5ef926-c8a6-4834-96e2-4deca206f373","TransactionId":"b670843d-759e-492a-a4f9-f93db8135f9c","DataflowName":"SAP Sync Domains","RequestId":"b8c83be1-b805-4dfb-a40d-c0aa9f9039cb","SessionId":null,"StartTime":"2024-08-06T21:11:59.3651422+00:00","EndTime":"2024-08-06T21:12:49.7721066+00:00","RefreshType":"RefreshTypeOneTime","RefreshStatus":"Success","ErrorInfo":null,"EntitiesRefreshHistory":[{"DataflowId":"5a5ef926-c8a6-4834-96e2-4deca206f373","DataflowName":"SAP Sync Domains","EntityName":"new_saptemplatesyncdomain","StartTime":"2024-08-06T21:12:19.6788082+00:00","EndTime":"2024-08-06T21:12:39.7391788+00:00","RefreshStatus":"Success","ErrorInfo":null,"ExceptionInfo":null,"Warnings":[],"ErrorCount":0,"UpsertCount":0,"PartitionsRefreshHistory":[{"Name":"new_saptemplatesyncdomain.csv","StartTime":"2024-08-06T21:12:19.710058+00:00","EndTime":"2024-08-06T21:12:26.539683+00:00","LastUpdateTime":"2024-08-06T21:12:26.539683+00:00","RefreshStatus":"Success","ComputeEngines":[],"DataSourceStatistics":[{"DataSourceType":"CommonDataService","BytesRead":0,"BytesWritten":0,"RowsRead":0,"RowsWritten":0},{"DataSourceType":"AzureDataLakeStorage","BytesRead":0,"BytesWritten":0,"RowsRead":0,"RowsWritten":0}],"ErrorInfo":null,"Warnings":[],"ExceptionInfo":null}],"InsertCount":0}],"ActionsRefreshHistory":[],"ModelSnapshotPath":""},{"DataflowId":"5a5ef926-c8a6-4834-96e2-4deca206f373","TransactionId":"d4550a78-d6e5-42f8-a513-be77a525055a","DataflowName":"SAP Sync Domains","RequestId":"04291765-ab7b-4452-997c-fd6b4be1d66f","SessionId":null,"StartTime":"2024-08-15T23:55:18.6570086+00:00","EndTime":"2024-08-15T23:56:06.3289668+00:00","RefreshType":"RefreshTypeOneTime","RefreshStatus":"Success","ErrorInfo":null,"EntitiesRefreshHistory":[{"DataflowId":"5a5ef926-c8a6-4834-96e2-4deca206f373","DataflowName":"SAP Sync Domains","EntityName":"new_saptemplatesyncdomain","StartTime":"2024-08-15T23:55:37.5248432+00:00","EndTime":"2024-08-15T23:55:56.051533+00:00","RefreshStatus":"Success","ErrorInfo":null,"ExceptionInfo":null,"Warnings":[],"ErrorCount":0,"UpsertCount":0,"PartitionsRefreshHistory":[{"Name":"new_saptemplatesyncdomain.csv","StartTime":"2024-08-15T23:55:37.5560908+00:00","EndTime":"2024-08-15T23:55:43.5754858+00:00","LastUpdateTime":"2024-08-15T23:55:43.5754858+00:00","RefreshStatus":"Success","ComputeEngines":[],"DataSourceStatistics":[{"DataSourceType":"CommonDataService","BytesRead":0,"BytesWritten":0,"RowsRead":0,"RowsWritten":0},{"DataSourceType":"AzureDataLakeStorage","BytesRead":0,"BytesWritten":0,"RowsRead":0,"RowsWritten":0}],"ErrorInfo":null,"Warnings":[],"ExceptionInfo":null}],"InsertCount":0}],"ActionsRefreshHistory":[],"ModelSnapshotPath":""}]</msdyn_refreshhistory>
      <statecode>0</statecode>
      <statuscode>1</statuscode>
    </msdyn_dataflow>
  </msdyn_dataflows>
  <Languages>
    <Language>1033</Language>
  </Languages>
</ImportExportXml>